Removed Pin From Net: NetName=NetD3_1 Pin=D1-1
Removed Pin From Net: NetName=VDD_3V3 Pin=R4-1
Removed Pin From Net: NetName=VDD_1V8 Pin=R5-1
Removed Pin From Net: NetName=NetD5_1 Pin=R5-2
Removed Pin From Net: NetName=DVDD Pin=YW1-4
Added Component: Designator=D3(0603)
Added Component: Designator=D4(0603)
Added Component: Designator=R7(res_0402_R - modified)
Added Component: Designator=R8(res_0402_R - modified)
Added Component: Designator=YW2(SiT1533-C)
Added Pin To Net: NetName=NetD1_1 Pin=D1-1
Added Pin To Net: NetName=NetD3_1 Pin=D1-1
Added Pin To Net: NetName=GND Pin=D1-2
Added Pin To Net: NetName=GND Pin=D2-2
Added Pin To Net: NetName=NetR4_1 Pin=R4-1
Added Pin To Net: NetName=NetR5_1 Pin=R5-1
Added Pin To Net: NetName=NetD1_1 Pin=R5-2
Added Pin To Net: NetName=VDD_3V3 Pin=R4-1
Added Pin To Net: NetName=VDD_1V8 Pin=R5-1
Added Pin To Net: NetName=NetD5_1 Pin=R5-2
Added Pin To Net: NetName=VDD_1V8 Pin=YW1-4
Added Pin To Net: NetName=GND Pin=YW1-2
Added Pin To Net: NetName=DVDD Pin=YW1-4
Change Net Name : Old Net Name=NetD4_1 New Net Name=NetD2_1
Added Pin To Net: NetName=NetD4_1 Pin=D2-1
Added Pin To Net: NetName=NetD4_1 Pin=R4-2
Added Net: Name=NetD4_1
Added Net: Name=NetU100_7
Added Net: Name=NetU100_8
Added Pin To Net: NetName=NetU100_52 Pin=YW1-3
Added Net: Name=NetU100_52
Added Member To Class: ClassName=HIGHSPEED_v0_SF2-COMM Member=Component YW2 SIT1533AC-H5-DCC-32.768E
Added Room: Name=HIGHSPEED_v0_NM
Added Room: Name=HIGHSPEED_v0_RADIO
Added Room: Name=HIGHSPEED_v0_SF2-POWER
Added Room: Name=HIGHSPEED_v0_SF2_DDR
