Removed Pin From Net: NetName=NetD3_1 Pin=D1-1
Removed Pin From Net: NetName=VDD_3V3 Pin=R4-1
Removed Pin From Net: NetName=VDD_1V8 Pin=R5-1
Removed Pin From Net: NetName=NetD5_1 Pin=R5-2
Removed Pin From Net: NetName=NetR1_1 Pin=U5-29
Removed Pin From Net: NetName=DVDD Pin=YW1-4
Removed Member From Class: ClassName=HIGHSPEED_v0_RADIO Member=R1
Removed Member From Class: ClassName=HIGHSPEED_v0_RADIO Member=R2
Removed Member From Class: ClassName=HIGHSPEED_v0_NM Member=R7
Removed Member From Class: ClassName=HIGHSPEED_v0_SF2-COMM Member=U3
Removed Member From Class: ClassName=HIGHSPEED_v0_NM Member=YW2
Change Component Footprint: Designator=R1 Old Footprint=res_0402_R - modified New Footprint=0402
Change Component Comment : Designator=R1 Old Comment=Res3 New Comment=NC
Change Component Designator: OldDesignator=LED2 NewDesignator=LED1
Change Component Designator: OldDesignator=LED3 NewDesignator=LED2
Change Component Designator: OldDesignator=LED4 NewDesignator=LED3
Change Component Designator: OldDesignator=LED5 NewDesignator=LED4
Change Component Designator: OldDesignator=R2 NewDesignator=R6
Change Component Designator: OldDesignator=R6 NewDesignator=R9
Change Component Designator: OldDesignator=R7 NewDesignator=R2
Change Component Designator: OldDesignator=R7 NewDesignator=R3
Change Component Designator: OldDesignator=R7 NewDesignator=R10
Change Component Designator: OldDesignator=R8 NewDesignator=R11
Change Component Designator: OldDesignator=Rc9 NewDesignator=Rc3
Change Component Designator: OldDesignator=Rc10 NewDesignator=Rc4
Change Component Designator: OldDesignator=U4 NewDesignator=U3
Change Component Designator: OldDesignator=U5 NewDesignator=U4
Change Component Designator: OldDesignator=U6 NewDesignator=U5
Change Component Designator: OldDesignator=U7 NewDesignator=U6
Change Component Designator: OldDesignator=U8 NewDesignator=U7
Change Component Designator: OldDesignator=U9 NewDesignator=U8
Change Component Designator: OldDesignator=U10 NewDesignator=U9
Change Component Designator: OldDesignator=YW2 NewDesignator=YW3
Change Component Designator: OldDesignator=YW2 NewDesignator=YW4
Change Component Designator: OldDesignator=YW2 NewDesignator=YW5
Change Component Designator: OldDesignator=YW2 NewDesignator=YW6
Added Component: Designator=D3(0603)
Added Component: Designator=D4(0603)
Added Component: Designator=R7(res_0402_R - modified)
Added Component: Designator=R8(res_0402_R - modified)
Added Component: Designator=YW2(SiT1533-C)
Added Pin To Net: NetName=NetD1_1 Pin=D1-1
Added Pin To Net: NetName=NetD3_1 Pin=D1-1
Added Pin To Net: NetName=GND Pin=D1-2
Added Pin To Net: NetName=GND Pin=D2-2
Added Pin To Net: NetName=VDD_1V8 Pin=R1-2
Added Pin To Net: NetName=NetD1_1 Pin=R5-2
Added Pin To Net: NetName=VDD_3V3 Pin=R4-1
Added Pin To Net: NetName=VDD_1V8 Pin=R5-1
Added Pin To Net: NetName=NetD5_1 Pin=R5-2
Added Pin To Net: NetName=GND Pin=U2-57
Added Pin To Net: NetName=GPIO3 Pin=U3-39
Added Pin To Net: NetName=GPIO2 Pin=U3-40
Added Pin To Net: NetName=GPIO1 Pin=U3-41
Added Pin To Net: NetName=NetJ1_14 Pin=U3-43
Added Pin To Net: NetName=GND Pin=U3-57
Added Pin To Net: NetName=NetR1_1 Pin=U4-12
Added Pin To Net: NetName=VDD_1V8 Pin=YW1-4
Added Pin To Net: NetName=GND Pin=YW1-2
Added Pin To Net: NetName=DVDD Pin=YW1-4
Change Net Name : Old Net Name=NetD4_1 New Net Name=NetD2_1
Change Net Name : Old Net Name=NetLED2_1 New Net Name=NetLED1_1
Change Net Name : Old Net Name=NetLED3_1 New Net Name=NetLED2_1
Change Net Name : Old Net Name=NetLED4_1 New Net Name=NetLED3_1
Change Net Name : Old Net Name=NetLED5_1 New Net Name=NetLED4_1
Change Net Name : Old Net Name=NetR6_1 New Net Name=NetR9_1
Change Net Name : Old Net Name=NetR7_1 New Net Name=NetR2_1
Change Net Name : Old Net Name=NetR8_1 New Net Name=NetR11_1
Change Net Name : Old Net Name=NetU4_44 New Net Name=NetU3_44
Change Net Name : Old Net Name=NetU4_45 New Net Name=NetU3_45
Change Net Name : Old Net Name=NetU4_46 New Net Name=NetU3_46
Change Net Name : Old Net Name=NetU4_47 New Net Name=NetU3_47
Change Net Name : Old Net Name=NetU4_48 New Net Name=NetU3_48
Change Net Name : Old Net Name=NetU4_52 New Net Name=NetU3_52
Added Pin To Net: NetName=NetD4_1 Pin=D2-1
Added Pin To Net: NetName=NetD4_1 Pin=R4-2
Added Net: Name=NetD4_1
Added Pin To Net: NetName=NetR3_1 Pin=R3-1
Added Pin To Net: NetName=NetR3_1 Pin=U3-51
Added Pin To Net: NetName=NetR3_1 Pin=U4-11
Added Net: Name=NetR3_1
Added Pin To Net: NetName=NetR4_1 Pin=R4-1
Added Pin To Net: NetName=NetR4_1 Pin=U4-29
Added Net: Name=NetR4_1
Added Pin To Net: NetName=NetR5_1 Pin=R5-1
Added Pin To Net: NetName=NetR5_1 Pin=U4-28
Added Net: Name=NetR5_1
Added Net: Name=NetU1_7
Added Net: Name=NetU1_8
Added Pin To Net: NetName=NetU1_44 Pin=U4-22
Added Net: Name=NetU1_44
Added Pin To Net: NetName=NetU1_45 Pin=U4-19
Added Net: Name=NetU1_45
Added Pin To Net: NetName=NetU1_46 Pin=U4-23
Added Net: Name=NetU1_46
Added Pin To Net: NetName=NetU1_47 Pin=U4-20
Added Net: Name=NetU1_47
Added Pin To Net: NetName=NetU1_48 Pin=U4-21
Added Net: Name=NetU1_48
Added Pin To Net: NetName=NetU1_52 Pin=YW1-3
Added Net: Name=NetU1_52
Added Pin To Net: NetName=NetU2_7 Pin=U2-7
Added Pin To Net: NetName=NetU2_7 Pin=U3-9
Added Net: Name=NetU2_7
Added Pin To Net: NetName=NetU2_8 Pin=U2-8
Added Pin To Net: NetName=NetU2_8 Pin=U3-10
Added Net: Name=NetU2_8
Added Pin To Net: NetName=NetU2_9 Pin=U2-9
Added Pin To Net: NetName=NetU2_9 Pin=U3-7
Added Net: Name=NetU2_9
Added Pin To Net: NetName=NetU2_10 Pin=U2-10
Added Pin To Net: NetName=NetU2_10 Pin=U3-8
Added Net: Name=NetU2_10
Added Pin To Net: NetName=NetU2_49 Pin=U2-49
Added Net: Name=NetU2_49
Added Pin To Net: NetName=NetU2_50 Pin=U2-50
Added Net: Name=NetU2_50
Added Member To Class: ClassName=HIGHSPEED_v0_SF2-COMM Member=Component R1 NC
Added Member To Class: ClassName=HIGHSPEED_v0_NM Member=Component R2 NC
Added Member To Class: ClassName=HIGHSPEED_v0_NM Member=Component R3 NC
Added Member To Class: ClassName=HIGHSPEED_v0_RADIO Member=Component R4 Res3
Added Member To Class: ClassName=HIGHSPEED_v0_RADIO Member=Component R5 Res3
Added Member To Class: ClassName=HIGHSPEED_v0_SF2-COMM Member=Component YW2 SIT1533AC-H5-DCC-32.768E
Added Member To Class: ClassName=HIGHSPEED_v0_NM Member=Component YW3 SIT1533AC-H5-DCC-32.768E
Added Member To Class: ClassName=HIGHSPEED_v0_NM Member=Component YW4 SIT1533AC-H5-DCC-32.768E
Added Member To Class: ClassName=HIGHSPEED_v0_NM Member=Component YW5 SIT1533AC-H5-DCC-32.768E
