Change Component Designator: Old Designator=C34 New Designator=C?
Change Component Designator: Old Designator=C35 New Designator=C?
Change Component Designator: Old Designator=C36 New Designator=C?
Change Component Designator: Old Designator=C37 New Designator=C?
Change Component Designator: Old Designator=C38 New Designator=C?
Change Component Designator: Old Designator=C39 New Designator=C?
Change Component Designator: Old Designator=C40 New Designator=C?
Change Component Designator: Old Designator=C41 New Designator=C?
Change Component Designator: Old Designator=C42 New Designator=C?
Change Component Designator: Old Designator=C43 New Designator=C?
Change Component Designator: Old Designator=C44 New Designator=C?
Change Component Designator: Old Designator=CW1 New Designator=CW?
Change Component Designator: Old Designator=CW2 New Designator=CW?
Change Component Designator: Old Designator=J1 New Designator=J?
Change Component Designator: Old Designator=L9 New Designator=L?
Change Component Designator: Old Designator=LED1 New Designator=LED?
Change Component Designator: Old Designator=LED2 New Designator=LED?
Change Component Designator: Old Designator=LED3 New Designator=LED?
Change Component Designator: Old Designator=LED4 New Designator=LED?
Change Component Designator: Old Designator=R50 New Designator=R?
Change Component Designator: Old Designator=Rc2 New Designator=Rc?
Change Component Designator: Old Designator=Rc3 New Designator=Rc?
Change Component Designator: Old Designator=RcC1 New Designator=RcC?
Change Component Designator: Old Designator=RcD1 New Designator=RcD?
Change Component Designator: Old Designator=RVREG1 New Designator=RVREG?
