Removed Pin From Net: NetName=GND Pin=BAL1-B1
Removed Pin From Net: NetName=GND Pin=Cr1-2
Removed Pin From Net: NetName=GND Pin=Cr2-2
Removed Pin From Net: NetName=GND Pin=Cr3-1
Removed Pin From Net: NetName=VDD_1V8 Pin=Cr3-2
Removed Pin From Net: NetName=GND Pin=Cr4-1
Removed Pin From Net: NetName=VDD_1V8 Pin=Cr4-2
Removed Pin From Net: NetName=GND Pin=Cr5-1
Removed Pin From Net: NetName=VDD_1V8 Pin=Cr6-1
Removed Pin From Net: NetName=GND Pin=Cr6-2
Removed Pin From Net: NetName=GND Pin=Cr7-1
Removed Pin From Net: NetName=VDD_1V8 Pin=Cr7-2
Removed Pin From Net: NetName=GND Pin=Cr8-1
Removed Pin From Net: NetName=VDD_1V8 Pin=Rr4-1
Removed Pin From Net: NetName=VDD_1V8 Pin=Rr5-1
Removed Pin From Net: NetName=GND Pin=Rr6-1
Removed Pin From Net: NetName=VDD_1V8 Pin=U3-A1
Removed Pin From Net: NetName=GND Pin=U3-B1
Removed Pin From Net: NetName=GND Pin=U3-B4
Removed Pin From Net: NetName=VDD_1V8 Pin=U3-B8
Removed Pin From Net: NetName=GND Pin=U3-C8
Removed Pin From Net: NetName=JTAG.TCK Pin=U3-C9
Removed Pin From Net: NetName=GND Pin=U3-D7
Removed Pin From Net: NetName=JTAG.TDO Pin=U3-D9
Removed Pin From Net: NetName=JTAG.TMS Pin=U3-E9
Removed Pin From Net: NetName=VDD_1V8 Pin=U3-F1
Removed Pin From Net: NetName=CM_CHARGE_I Pin=U3-F8
Removed Pin From Net: NetName=JTAG.TDI Pin=U3-F9
Removed Pin From Net: NetName=GND Pin=U3-G6
Removed Pin From Net: NetName=GND Pin=U3-G9
Removed Pin From Net: NetName=SWCLK Pin=U3-H2
Removed Pin From Net: NetName=GND Pin=U3-H3
Removed Pin From Net: NetName=VDD_1V8 Pin=U3-H8
Removed Pin From Net: NetName=JTAG.T\R\S\T\ Pin=U3-H9
Removed Pin From Net: NetName=DRDY_OUT Pin=U3-J6
Removed Pin From Net: NetName=DRDY_NRF Pin=U3-J7
Removed Pin From Net: NetName=NetU2_36 Pin=U3-J8
Removed Pin From Net: NetName=GND Pin=Y2-2
Removed Pin From Net: NetName=GND Pin=Y2-4
Added Pin To Net: NetName=NetU2_30 Pin=U2-30
Added Net: Name=NetU2_30
Added Pin To Net: NetName=NetU2_31 Pin=U2-31
Added Net: Name=NetU2_31
Added Pin To Net: NetName=NetU2_33 Pin=U2-33
Added Net: Name=NetU2_33
Added Pin To Net: NetName=NetU2_38 Pin=U2-38
Added Net: Name=NetU2_38
