Change Component Designator: Old Designator=C13 New Designator=C?
Change Component Designator: Old Designator=C14 New Designator=C?
Change Component Designator: Old Designator=C15 New Designator=C?
Change Component Designator: Old Designator=C16 New Designator=C?
Change Component Designator: Old Designator=C17 New Designator=C?
Change Component Designator: Old Designator=C18 New Designator=C?
Change Component Designator: Old Designator=C19 New Designator=C?
Change Component Designator: Old Designator=C20 New Designator=C?
Change Component Designator: Old Designator=C21 New Designator=C?
Change Component Designator: Old Designator=C22 New Designator=C?
Change Component Designator: Old Designator=C23 New Designator=C?
Change Component Designator: Old Designator=C24 New Designator=C?
Change Component Designator: Old Designator=C25 New Designator=C?
Change Component Designator: Old Designator=C26 New Designator=C?
Change Component Designator: Old Designator=C27 New Designator=C?
Change Component Designator: Old Designator=C28 New Designator=C?
Change Component Designator: Old Designator=C29 New Designator=C?
Change Component Designator: Old Designator=C30 New Designator=C?
Change Component Designator: Old Designator=Cb1 New Designator=Cb?
Change Component Designator: Old Designator=Cb2 New Designator=Cb?
Change Component Designator: Old Designator=Cb3 New Designator=Cb?
Change Component Designator: Old Designator=Cb4 New Designator=Cb?
Change Component Designator: Old Designator=Cb5 New Designator=Cb?
Change Component Designator: Old Designator=Cb6 New Designator=Cb?
Change Component Designator: Old Designator=Cb7 New Designator=Cb?
Change Component Designator: Old Designator=Cb8 New Designator=Cb?
Change Component Designator: Old Designator=Cb9 New Designator=Cb?
Change Component Designator: Old Designator=Cb10 New Designator=Cb?
Change Component Designator: Old Designator=Cb11 New Designator=Cb?
Change Component Designator: Old Designator=Cb12 New Designator=Cb?
Change Component Designator: Old Designator=Cb13 New Designator=Cb?
Change Component Designator: Old Designator=Cb14 New Designator=Cb?
Change Component Designator: Old Designator=Cb15 New Designator=Cb?
Change Component Designator: Old Designator=Cb16 New Designator=Cb?
Change Component Designator: Old Designator=Cb17 New Designator=Cb?
Change Component Designator: Old Designator=Cb18 New Designator=Cb?
Change Component Designator: Old Designator=Cb19 New Designator=Cb?
Change Component Designator: Old Designator=Cb20 New Designator=Cb?
Change Component Designator: Old Designator=Cb21 New Designator=Cb?
Change Component Designator: Old Designator=CbA1 New Designator=CbA?
Change Component Designator: Old Designator=CbA2 New Designator=CbA?
Change Component Designator: Old Designator=CbB1 New Designator=CbB?
Change Component Designator: Old Designator=Cs1 New Designator=Cs?
Change Component Designator: Old Designator=Cs2 New Designator=Cs?
Change Component Designator: Old Designator=D3 New Designator=D?
Change Component Designator: Old Designator=D4 New Designator=D?
Change Component Designator: Old Designator=D5 New Designator=D?
Change Component Designator: Old Designator=L4 New Designator=L?
Change Component Designator: Old Designator=L5 New Designator=L?
Change Component Designator: Old Designator=Ls1 New Designator=Ls?
Change Component Designator: Old Designator=R3 New Designator=R?
Change Component Designator: Old Designator=R4 New Designator=R?
Change Component Designator: Old Designator=R5 New Designator=R?
Change Component Designator: Old Designator=R6 New Designator=R?
Change Component Designator: Old Designator=U6 New Designator=U?
Change Component Designator: Old Designator=U7 New Designator=U?
Change Component Designator: Old Designator=U8 New Designator=U?
Change Component Designator: Old Designator=U9 New Designator=U?
Change Component Designator: Old Designator=U10 New Designator=U?
