Removed Pin From Net: NetName=GND Pin=C33-1
Removed Pin From Net: NetName=XC2 Pin=C34-1
Removed Pin From Net: NetName=GND Pin=C34-2
Removed Pin From Net: NetName=GND Pin=C37-2
Removed Pin From Net: NetName=GND Pin=C38-2
Removed Pin From Net: NetName=GND Pin=C39-2
Removed Pin From Net: NetName=XC1 Pin=C40-1
Removed Pin From Net: NetName=GND Pin=C40-2
Removed Pin From Net: NetName=GND Pin=C41-2
Removed Pin From Net: NetName=GND Pin=C42-2
Removed Pin From Net: NetName=GND Pin=C43-2
Removed Pin From Net: NetName=GND Pin=C44-1
Removed Pin From Net: NetName=GND Pin=C45-1
Removed Pin From Net: NetName=GND Pin=C47-2
Removed Pin From Net: NetName=GND Pin=D1-2
Removed Pin From Net: NetName=GND Pin=D2-2
Removed Pin From Net: NetName=GND Pin=R3-2
Removed Pin From Net: NetName=GND Pin=XX2-2
Removed Pin From Net: NetName=GND Pin=XX3-2
Removed Member From Class: ClassName=HIGHSPEED_v0_RADIO Member=C33
Removed Member From Class: ClassName=HIGHSPEED_v0_RADIO Member=C34
Removed Member From Class: ClassName=HIGHSPEED_v0_RADIO Member=C37
Removed Member From Class: ClassName=HIGHSPEED_v0_RADIO Member=C38
Removed Member From Class: ClassName=HIGHSPEED_v0_RADIO Member=C39
Removed Member From Class: ClassName=HIGHSPEED_v0_RADIO Member=C40
Removed Member From Class: ClassName=HIGHSPEED_v0_RADIO Member=C41
Removed Member From Class: ClassName=HIGHSPEED_v0_RADIO Member=C42
Removed Member From Class: ClassName=HIGHSPEED_v0_RADIO Member=C43
Removed Member From Class: ClassName=HIGHSPEED_v0_RADIO Member=C44
Removed Member From Class: ClassName=HIGHSPEED_v0_RADIO Member=C45
Removed Member From Class: ClassName=HIGHSPEED_v0_RADIO Member=C47
Removed Member From Class: ClassName=HIGHSPEED_v0_RADIO Member=D1
Removed Member From Class: ClassName=HIGHSPEED_v0_RADIO Member=D2
Removed Member From Class: ClassName=HIGHSPEED_v0_RADIO Member=L5
Removed Member From Class: ClassName=HIGHSPEED_v0_RADIO Member=L6
Removed Member From Class: ClassName=HIGHSPEED_v0_RADIO Member=L7
Removed Member From Class: ClassName=HIGHSPEED_v0_RADIO Member=R3
Removed Member From Class: ClassName=HIGHSPEED_v0_RADIO Member=R34
Removed Member From Class: ClassName=HIGHSPEED_v0_RADIO Member=R35
Removed Member From Class: ClassName=HIGHSPEED_v0_RADIO Member=XX1
Removed Member From Class: ClassName=HIGHSPEED_v0_RADIO Member=XX2
Removed Member From Class: ClassName=HIGHSPEED_v0_RADIO Member=XX3
Added Component: Designator=ANT1(ANTENNACHIP)
Added Component: Designator=BAL1(BALUN_PACKAGE)
Added Component: Designator=Rr0(0201)
Added Component: Designator=Rr1(0201)
Added Component: Designator=Rr2(0201)
Added Component: Designator=Rr3(0201)
Added Component: Designator=Rr4(0201)
Added Component: Designator=Rr6(0201)
Added Component: Designator=Y2(XOSC_4PIN)
Added Pin To Net: NetName=GND Pin=BAL1-B1
Added Pin To Net: NetName=VDD_1V8 Pin=Rr4-1
Added Pin To Net: NetName=GND Pin=Rr6-1
Added Pin To Net: NetName=XC2 Pin=Y2-1
Added Pin To Net: NetName=GND Pin=Y2-2
Added Pin To Net: NetName=XC1 Pin=Y2-3
Added Pin To Net: NetName=GND Pin=Y2-4
Added Pin To Net: NetName=ANT1 Pin=BAL1-A3
Added Net: Name=ANT1
Added Pin To Net: NetName=ANT2 Pin=BAL1-B3
Added Net: Name=ANT2
Added Pin To Net: NetName=NetANT1_1 Pin=ANT1-1
Added Pin To Net: NetName=NetANT1_1 Pin=BAL1-A1
Added Net: Name=NetANT1_1
Added Net: Name=NetCr5_2
Added Pin To Net: NetName=NetRr0_2 Pin=Rr0-2
Added Pin To Net: NetName=NetRr0_2 Pin=U2-33
Added Net: Name=NetRr0_2
Added Pin To Net: NetName=NetRr1_2 Pin=Rr1-2
Added Pin To Net: NetName=NetRr1_2 Pin=U2-31
Added Net: Name=NetRr1_2
Added Pin To Net: NetName=NetRr2_2 Pin=Rr2-2
Added Pin To Net: NetName=NetRr2_2 Pin=U2-30
Added Net: Name=NetRr2_2
Added Pin To Net: NetName=NetRr3_2 Pin=Rr3-2
Added Pin To Net: NetName=NetRr3_2 Pin=U2-38
Added Net: Name=NetRr3_2
Added Net: Name=NetU?_D8
Added Net: Name=NetU?_E8
Added Net: Name=NetU?_J4
Added Net: Name=NetU?_J5
Added Pin To Net: NetName=SPI_CLK Pin=Rr2-1
Added Pin To Net: NetName=SPI_CLK Pin=Rr6-2
Added Net: Name=SPI_CLK
Added Pin To Net: NetName=SPI_NCS Pin=Rr3-1
Added Net: Name=SPI_NCS
Added Pin To Net: NetName=SPI_SDI Pin=Rr1-1
Added Net: Name=SPI_SDI
Added Pin To Net: NetName=SPI_SDO Pin=Rr0-1
Added Pin To Net: NetName=SPI_SDO Pin=Rr4-2
Added Net: Name=SPI_SDO
Added Pin To Net: NetName=VDD_PA Pin=BAL1-A2
Added Net: Name=VDD_PA
Added Member To Class: ClassName=HIGHSPEED_v0_RADIO Member=Component ANT1 ANT-2.45-CHP-T
Added Member To Class: ClassName=HIGHSPEED_v0_RADIO Member=Component BAL1 2450BM08B0003T
Added Member To Class: ClassName=HIGHSPEED_v0_RADIO Member=Component Rr0 ERJ-PA2J330X
Added Member To Class: ClassName=HIGHSPEED_v0_RADIO Member=Component Rr1 ERJ-PA2J330X
Added Member To Class: ClassName=HIGHSPEED_v0_RADIO Member=Component Rr2 ERJ-PA2J330X
Added Member To Class: ClassName=HIGHSPEED_v0_RADIO Member=Component Rr3 ERJ-PA2J330X
Added Member To Class: ClassName=HIGHSPEED_v0_RADIO Member=Component Rr4 ERJ-2RKF1002X
Added Member To Class: ClassName=HIGHSPEED_v0_RADIO Member=Component Rr6 ERJ-2RKF1001X
Added Member To Class: ClassName=HIGHSPEED_v0_RADIO Member=Component Y2 NX2520SA-16.000000MHZ
