Removed Pin From Net: NetName=NetD3_1 Pin=D1-1
Removed Pin From Net: NetName=VDD_3V3 Pin=R4-1
Removed Pin From Net: NetName=VDD_1V8 Pin=R5-1
Removed Pin From Net: NetName=NetD5_1 Pin=R5-2
Removed Pin From Net: NetName=DVDD Pin=YW1-4
Added Component: Designator=D3(0603)
Added Component: Designator=D4(0603)
Added Component: Designator=R7(res_0402_R - modified)
Added Component: Designator=R8(res_0402_R - modified)
Added Component: Designator=U100(QFN56_M)
Added Component: Designator=YW2(SiT1533-C)
Added Pin To Net: NetName=NetD1_1 Pin=D1-1
Added Pin To Net: NetName=NetD3_1 Pin=D1-1
Added Pin To Net: NetName=GND Pin=D1-2
Added Pin To Net: NetName=GND Pin=D2-2
Added Pin To Net: NetName=NetR4_1 Pin=R4-1
Added Pin To Net: NetName=NetR5_1 Pin=R5-1
Added Pin To Net: NetName=NetD1_1 Pin=R5-2
Added Pin To Net: NetName=VDD_3V3 Pin=R4-1
Added Pin To Net: NetName=VDD_1V8 Pin=R5-1
Added Pin To Net: NetName=NetD5_1 Pin=R5-2
Added Pin To Net: NetName=NetU100_7 Pin=U100-7
Added Pin To Net: NetName=NetU100_8 Pin=U100-8
Added Pin To Net: NetName=NetU100_7 Pin=U100-9
Added Pin To Net: NetName=NetU100_8 Pin=U100-10
Added Pin To Net: NetName=NetU4_22 Pin=U100-44
Added Pin To Net: NetName=NetU4_19 Pin=U100-45
Added Pin To Net: NetName=NetU4_23 Pin=U100-46
Added Pin To Net: NetName=NetU4_20 Pin=U100-47
Added Pin To Net: NetName=NetU4_21 Pin=U100-48
Added Pin To Net: NetName=NetR1_1 Pin=U100-51
Added Pin To Net: NetName=NetU100_52 Pin=U100-52
Added Pin To Net: NetName=VDD_1V8 Pin=YW1-4
Added Pin To Net: NetName=GND Pin=YW1-2
Added Pin To Net: NetName=DVDD Pin=YW1-4
Change Net Name : Old Net Name=NetD4_1 New Net Name=NetD2_1
Added Pin To Net: NetName=NetD4_1 Pin=D2-1
Added Pin To Net: NetName=NetD4_1 Pin=R4-2
Added Net: Name=NetD4_1
Added Member To Class: ClassName=HIGHSPEED_v0_SF2-COMM Member=Component U100 PLINK
Added Member To Class: ClassName=HIGHSPEED_v0_SF2-COMM Member=Component YW2 SIT1533AC-H5-DCC-32.768E
