Added Component: Designator=C33(CAPC1608X06L)
Added Component: Designator=C34(CAPC1005X04L)
Added Component: Designator=C37(CAPC1005X04L)
Added Component: Designator=C38(CAPC1005X04L)
Added Component: Designator=C39(CAPC1608X06L)
Added Component: Designator=C40(CAPC1005X04L)
Added Component: Designator=C41(CAPC1005X04L)
Added Component: Designator=C42(CAPC1005X04L)
Added Component: Designator=C43(CAPC1005X04L)
Added Component: Designator=C44(CAPC1005X04L)
Added Component: Designator=C45(CAPC1005X04L)
Added Component: Designator=C47(CAPC1005X04L)
Added Component: Designator=D1(DIOC1608X08L)
Added Component: Designator=D2(DIOC1608X08L)
Added Component: Designator=L5(INDC1005X04L)
Added Component: Designator=L6(J1-0603)
Added Component: Designator=L7(INDC1005X04L)
Added Component: Designator=R3(0402)
Added Component: Designator=R34(J1-0603)
Added Component: Designator=R35(J1-0603)
Added Component: Designator=XX1(0402)
Added Component: Designator=XX2(INDC1005X04L)
Added Component: Designator=XX3(INDC1005X04L)
Added Pin To Net: NetName=GND Pin=C33-1
Added Pin To Net: NetName=GND Pin=C34-2
Added Pin To Net: NetName=GND Pin=C37-2
Added Pin To Net: NetName=GND Pin=C38-2
Added Pin To Net: NetName=GND Pin=C39-2
Added Pin To Net: NetName=GND Pin=C40-2
Added Pin To Net: NetName=GND Pin=C41-2
Added Pin To Net: NetName=GND Pin=C42-2
Added Pin To Net: NetName=GND Pin=C43-2
Added Pin To Net: NetName=GND Pin=C44-1
Added Pin To Net: NetName=GND Pin=C45-1
Added Pin To Net: NetName=GND Pin=C47-2
Added Pin To Net: NetName=GND Pin=D1-2
Added Pin To Net: NetName=GND Pin=D2-2
Added Pin To Net: NetName=GND Pin=R3-2
Added Pin To Net: NetName=GND Pin=XX2-2
Added Pin To Net: NetName=GND Pin=XX3-2
Added Net: Name=CS_ADC#
Added Net: Name=CS_NRF#
Added Pin To Net: NetName=DEC1 Pin=C38-1
Added Net: Name=DEC1
Added Pin To Net: NetName=DEC2 Pin=C44-2
Added Net: Name=DEC2
Added Pin To Net: NetName=DEC3 Pin=C43-1
Added Net: Name=DEC3
Added Pin To Net: NetName=DEC4 Pin=C33-2
Added Pin To Net: NetName=DEC4 Pin=L5-1
Added Net: Name=DEC4
Added Pin To Net: NetName=DVDD Pin=C39-1
Added Pin To Net: NetName=DVDD Pin=C42-1
Added Pin To Net: NetName=DVDD Pin=C47-1
Added Net: Name=DVDD
Added Pin To Net: NetName=LED_1 Pin=R34-2
Added Net: Name=LED_1
Added Pin To Net: NetName=LED_2 Pin=R35-2
Added Net: Name=LED_2
Added Net: Name=MISO
Added Net: Name=MOSI
Added Pin To Net: NetName=NetA_1 Pin=XX1-2
Added Pin To Net: NetName=NetA_1 Pin=XX3-1
Added Net: Name=NetA_1
Added Pin To Net: NetName=NetC45_2 Pin=C45-2
Added Pin To Net: NetName=NetC45_2 Pin=L7-1
Added Net: Name=NetC45_2
Added Pin To Net: NetName=NetD1_1 Pin=D1-1
Added Pin To Net: NetName=NetD1_1 Pin=R34-1
Added Net: Name=NetD1_1
Added Pin To Net: NetName=NetD2_1 Pin=D2-1
Added Pin To Net: NetName=NetD2_1 Pin=R35-1
Added Net: Name=NetD2_1
Added Pin To Net: NetName=NetL5_2 Pin=L5-2
Added Pin To Net: NetName=NetL5_2 Pin=L6-1
Added Net: Name=NetL5_2
Added Pin To Net: NetName=NetL6_2 Pin=L6-2
Added Net: Name=NetL6_2
Added Pin To Net: NetName=P0.00/XL1 Pin=C37-1
Added Net: Name=P0.00/XL1
Added Pin To Net: NetName=P0.01/XL2 Pin=C41-1
Added Net: Name=P0.01/XL2
Added Net: Name=P0.07
Added Net: Name=P0.08
Added Net: Name=P0.09
Added Net: Name=P0.10
Added Net: Name=P0.11
Added Pin To Net: NetName=P0.17 Pin=R3-1
Added Net: Name=P0.17
Added Net: Name=P0.18
Added Net: Name=P0.19
Added Net: Name=P0.20
Added Net: Name=P0.21/RESET
Added Net: Name=P0.24
Added Net: Name=P0.25
Added Net: Name=P0.26
Added Net: Name=P0.27
Added Net: Name=P0.28/AIN4
Added Net: Name=P0.29/AIN5
Added Net: Name=P0.30/AIN6
Added Net: Name=P0.31/AIN7
Added Pin To Net: NetName=RF Pin=L7-2
Added Pin To Net: NetName=RF Pin=XX1-1
Added Pin To Net: NetName=RF Pin=XX2-1
Added Net: Name=RF
Added Net: Name=SCK
Added Net: Name=SWDCLK
Added Pin To Net: NetName=XC1 Pin=C40-1
Added Net: Name=XC1
Added Pin To Net: NetName=XC2 Pin=C34-1
Added Net: Name=XC2
Added Class: Name=HIGHSPEED_v0_RADIO
