Removed Pin From Net: NetName=NetD3_1 Pin=D1-1
Removed Pin From Net: NetName=NetD4_1 Pin=D2-1
Removed Pin From Net: NetName=NetR19_1 Pin=R15-1
Removed Pin From Net: NetName=NetP2_26 Pin=R15-2
Removed Pin From Net: NetName=NetR20_1 Pin=R16-1
Removed Pin From Net: NetName=NetP2_2 Pin=R16-2
Removed Pin From Net: NetName=NetR21_1 Pin=R17-1
Removed Pin From Net: NetName=NetP2_28 Pin=R17-2
Removed Pin From Net: NetName=NetR22_1 Pin=R18-1
Removed Pin From Net: NetName=NetP2_30 Pin=R18-2
Removed Pin From Net: NetName=DVDD Pin=YW1-4
Removed Member From Class: ClassName=HIGHSPEED_v0_NM Member=R45
Removed Member From Class: ClassName=HIGHSPEED_v0_RADIO Member=R45
Removed Member From Class: ClassName=HIGHSPEED_v0_NM Member=R46
Removed Member From Class: ClassName=HIGHSPEED_v0_RADIO Member=R46
Removed Member From Class: ClassName=HIGHSPEED_v0_NM Member=R47
Removed Member From Class: ClassName=HIGHSPEED_v0_SF2-POWER Member=R47
Removed Member From Class: ClassName=HIGHSPEED_v0_NM Member=R48
Removed Member From Class: ClassName=HIGHSPEED_v0_SF2-POWER Member=R48
Added Component: Designator=D3(0603)
Added Component: Designator=D4(0603)
Added Component: Designator=R19(0402)
Added Component: Designator=R20(0402)
Added Component: Designator=R21(0402)
Added Component: Designator=R22(0402)
Added Component: Designator=R49(0402)
Added Component: Designator=R50(0402)
Added Component: Designator=R51(0402)
Added Pin To Net: NetName=NetD1_1 Pin=D1-1
Added Pin To Net: NetName=NetD2_1 Pin=D2-1
Added Pin To Net: NetName=NetD3_1 Pin=D1-1
Added Pin To Net: NetName=GND Pin=D1-2
Added Pin To Net: NetName=NetD4_1 Pin=D2-1
Added Pin To Net: NetName=GND Pin=D2-2
Added Pin To Net: NetName=NetR15_1 Pin=R15-1
Added Pin To Net: NetName=NetR15_2 Pin=R15-2
Added Pin To Net: NetName=NetR16_1 Pin=R16-1
Added Pin To Net: NetName=NetR16_2 Pin=R16-2
Added Pin To Net: NetName=NetR17_1 Pin=R17-1
Added Pin To Net: NetName=NetR17_2 Pin=R17-2
Added Pin To Net: NetName=NetR18_1 Pin=R18-1
Added Pin To Net: NetName=NetR18_2 Pin=R18-2
Added Pin To Net: NetName=NetR19_1 Pin=R15-1
Added Pin To Net: NetName=NetP2_26 Pin=R15-2
Added Pin To Net: NetName=NetR20_1 Pin=R16-1
Added Pin To Net: NetName=NetP2_2 Pin=R16-2
Added Pin To Net: NetName=NetR21_1 Pin=R17-1
Added Pin To Net: NetName=NetP2_28 Pin=R17-2
Added Pin To Net: NetName=NetR22_1 Pin=R18-1
Added Pin To Net: NetName=NetP2_30 Pin=R18-2
Added Pin To Net: NetName=NetR1_1 Pin=R49-1
Added Pin To Net: NetName=GND Pin=R49-2
Added Pin To Net: NetName=NetR14_1 Pin=R50-1
Added Pin To Net: NetName=GND Pin=R50-2
Added Pin To Net: NetName=NetR13_1 Pin=R51-1
Added Pin To Net: NetName=GND Pin=R51-2
Added Pin To Net: NetName=VDD_1V8 Pin=YW1-4
Added Pin To Net: NetName=GND Pin=YW1-2
Added Pin To Net: NetName=DVDD Pin=YW1-4
Added Member To Class: ClassName=HIGHSPEED_v0_NM Member=Component R19 0R
Added Member To Class: ClassName=HIGHSPEED_v0_NM Member=Component R20 0R
Added Member To Class: ClassName=HIGHSPEED_v0_NM Member=Component R21 0R
Added Member To Class: ClassName=HIGHSPEED_v0_NM Member=Component R22 0R
Added Member To Class: ClassName=HIGHSPEED_v0_RADIO Member=Component R41 Res3
Added Member To Class: ClassName=HIGHSPEED_v0_RADIO Member=Component R42 Res3
Added Member To Class: ClassName=HIGHSPEED_v0_SF2-POWER Member=Component R43 Res3
Added Member To Class: ClassName=HIGHSPEED_v0_SF2-POWER Member=Component R44 Res3
Added Member To Class: ClassName=HIGHSPEED_v0_RADIO Member=Component R49 0R
Added Member To Class: ClassName=HIGHSPEED_v0_RADIO Member=Component R50 0R
Added Member To Class: ClassName=HIGHSPEED_v0_RADIO Member=Component R51 0R
