Removed Pin From Net: NetName=GND Pin=C40-1
Removed Pin From Net: NetName=VDD_1V8 Pin=C40-2
Removed Pin From Net: NetName=NetR19_1 Pin=R15-1
Removed Pin From Net: NetName=NetP2_26 Pin=R15-2
Removed Pin From Net: NetName=NetR20_1 Pin=R16-1
Removed Pin From Net: NetName=NetP2_2 Pin=R16-2
Removed Pin From Net: NetName=NetR21_1 Pin=R17-1
Removed Pin From Net: NetName=NetP2_28 Pin=R17-2
Removed Pin From Net: NetName=NetR22_1 Pin=R18-1
Removed Pin From Net: NetName=NetP2_30 Pin=R18-2
Removed Member From Class: ClassName=HIGHSPEED_v0_SF2_DDR Member=C40
Removed Member From Class: ClassName=HIGHSPEED_v0_SF2_DDR Member=L6
Added Component: Designator=C34(0402)
Added Pin To Net: NetName=GND Pin=C34-1
Added Pin To Net: NetName=VDD_1V8 Pin=C34-2
Added Pin To Net: NetName=GND Pin=C39-1
Added Pin To Net: NetName=VDD_1V8 Pin=C39-2
Added Pin To Net: NetName=NetR15_1 Pin=R15-1
Added Pin To Net: NetName=NetR15_2 Pin=R15-2
Added Pin To Net: NetName=NetR16_1 Pin=R16-1
Added Pin To Net: NetName=NetR16_2 Pin=R16-2
Added Pin To Net: NetName=NetR17_1 Pin=R17-1
Added Pin To Net: NetName=NetR17_2 Pin=R17-2
Added Pin To Net: NetName=NetR18_1 Pin=R18-1
Added Pin To Net: NetName=NetR18_2 Pin=R18-2
Added Pin To Net: NetName=NetR19_1 Pin=R19-1
Added Pin To Net: NetName=NetP2_26 Pin=R19-2
Added Pin To Net: NetName=NetR20_1 Pin=R20-1
Added Pin To Net: NetName=NetP2_2 Pin=R20-2
Added Pin To Net: NetName=NetR21_1 Pin=R21-1
Added Pin To Net: NetName=NetP2_28 Pin=R21-2
Added Pin To Net: NetName=NetR22_1 Pin=R22-1
Added Pin To Net: NetName=NetP2_30 Pin=R22-2
Added Member To Class: ClassName=HIGHSPEED_v0_SF2_DDR Member=Component C34 100nF
Added Member To Class: ClassName=HIGHSPEED_v0_SF2_DDR Member=Component C39 100nF
Added Member To Class: ClassName=HIGHSPEED_v0_NM Member=Component R19 0R
Added Member To Class: ClassName=HIGHSPEED_v0_NM Member=Component R20 0R
Added Member To Class: ClassName=HIGHSPEED_v0_NM Member=Component R21 0R
Added Member To Class: ClassName=HIGHSPEED_v0_NM Member=Component R22 0R
