Removed Pin From Net: NetName=GND Pin=C33-1
Removed Pin From Net: NetName=GND Pin=C34-2
Removed Pin From Net: NetName=GND Pin=C37-2
Removed Pin From Net: NetName=GND Pin=C38-2
Removed Pin From Net: NetName=GND Pin=C39-2
Removed Pin From Net: NetName=GND Pin=C40-2
Removed Pin From Net: NetName=GND Pin=C41-2
Removed Pin From Net: NetName=GND Pin=C42-2
Removed Pin From Net: NetName=GND Pin=C43-2
Removed Pin From Net: NetName=GND Pin=C44-1
Removed Pin From Net: NetName=GND Pin=C45-1
Removed Pin From Net: NetName=GND Pin=C47-2
Removed Pin From Net: NetName=GND Pin=D1-2
Removed Pin From Net: NetName=GND Pin=D2-2
Removed Pin From Net: NetName=GND Pin=R3-2
Removed Pin From Net: NetName=GND Pin=XX2-2
Removed Pin From Net: NetName=GND Pin=XX3-2
Removed Member From Class: ClassName=HIGHSPEED_v0_NM Member=C33
Removed Member From Class: ClassName=HIGHSPEED_v0_NM Member=C34
Removed Member From Class: ClassName=HIGHSPEED_v0_NM Member=C37
Removed Member From Class: ClassName=HIGHSPEED_v0_NM Member=C38
Removed Member From Class: ClassName=HIGHSPEED_v0_NM Member=C39
Removed Member From Class: ClassName=HIGHSPEED_v0_NM Member=C40
Removed Member From Class: ClassName=HIGHSPEED_v0_NM Member=C41
Removed Member From Class: ClassName=HIGHSPEED_v0_NM Member=C42
Removed Member From Class: ClassName=HIGHSPEED_v0_NM Member=C43
Removed Member From Class: ClassName=HIGHSPEED_v0_NM Member=C44
Removed Member From Class: ClassName=HIGHSPEED_v0_NM Member=C45
Removed Member From Class: ClassName=HIGHSPEED_v0_NM Member=C47
Removed Member From Class: ClassName=HIGHSPEED_v0_NM Member=D1
Removed Member From Class: ClassName=HIGHSPEED_v0_NM Member=D2
Removed Member From Class: ClassName=HIGHSPEED_v0_NM Member=L5
Removed Member From Class: ClassName=HIGHSPEED_v0_NM Member=L6
Removed Member From Class: ClassName=HIGHSPEED_v0_NM Member=L7
Removed Member From Class: ClassName=HIGHSPEED_v0_NM Member=R3
Removed Member From Class: ClassName=HIGHSPEED_v0_NM Member=R34
Removed Member From Class: ClassName=HIGHSPEED_v0_NM Member=R35
Removed Member From Class: ClassName=HIGHSPEED_v0_NM Member=U3
Removed Member From Class: ClassName=HIGHSPEED_v0_NM Member=XX1
Removed Member From Class: ClassName=HIGHSPEED_v0_NM Member=XX2
Removed Member From Class: ClassName=HIGHSPEED_v0_NM Member=XX3
Added Pin To Net: NetName=SWDIO Pin=CO1-2
