Removed Pin From Net: NetName=GND Pin=Cc1-1
Removed Pin From Net: NetName=GND Pin=Cc2-1
Removed Pin From Net: NetName=GND Pin=LED1-2
Removed Pin From Net: NetName=GND Pin=LED2-2
Removed Pin From Net: NetName=GND Pin=LED3-2
Removed Pin From Net: NetName=GND Pin=LED4-2
Removed Pin From Net: NetName=GND Pin=Y1-2
Removed Pin From Net: NetName=GND Pin=Y1-4
Removed Member From Class: ClassName=HIGHSPEED_v0_SF2_DDR Member=Cc1
Removed Member From Class: ClassName=HIGHSPEED_v0_SF2_DDR Member=Cc2
Removed Member From Class: ClassName=HIGHSPEED_v0_SF2_DDR Member=LED1
Removed Member From Class: ClassName=HIGHSPEED_v0_SF2_DDR Member=LED2
Removed Member From Class: ClassName=HIGHSPEED_v0_SF2_DDR Member=LED3
Removed Member From Class: ClassName=HIGHSPEED_v0_SF2_DDR Member=LED4
Removed Member From Class: ClassName=HIGHSPEED_v0_SF2_DDR Member=R50
Removed Member From Class: ClassName=HIGHSPEED_v0_SF2_DDR Member=Rc2
Removed Member From Class: ClassName=HIGHSPEED_v0_SF2_DDR Member=Rc3
Removed Member From Class: ClassName=HIGHSPEED_v0_SF2_DDR Member=RcC1
Removed Member From Class: ClassName=HIGHSPEED_v0_SF2_DDR Member=RcD1
Removed Member From Class: ClassName=HIGHSPEED_v0_SF2_DDR Member=Y1
