Removed Pin From Net: NetName=GND Pin=Cs1-1
Removed Pin From Net: NetName=GND Pin=Cs2-1
Removed Pin From Net: NetName=VDD_3V7 Pin=Cs2-2
Removed Pin From Net: NetName=VDD_3V7 Pin=U8-4
Removed Pin From Net: NetName=VDD_3V7 Pin=U8-5
Removed Pin From Net: NetName=GND Pin=U8-6
Removed Pin From Net: NetName=GND Pin=U8-7
Removed Member From Class: ClassName=HIGHSPEED_v0_SF2-POWER Member=Cs1
Removed Member From Class: ClassName=HIGHSPEED_v0_SF2-POWER Member=Cs2
Removed Member From Class: ClassName=HIGHSPEED_v0_SF2-POWER Member=Ls1
Change Component DesignItemId : Designator=U8 Old DesignItemId=TPS62261 New DesignItemId=TPS73218
Change Component Footprint: Designator=U8 Old Footprint=TPS_PACKAGE_novia New Footprint=SOT23__DDC__(R - PDSO-  G5)
Change Component Comment : Designator=U8 Old Comment=TPS62261TDRVRQ1 New Comment=TPS73218
Added Component: Designator=C34(0603)
Added Component: Designator=C35(0603)
Added Component: Designator=C36(0603)
Added Component: Designator=C37(0603)
Added Component: Designator=C38(0603)
Added Component: Designator=C39(0603)
Added Component: Designator=C40(0603)
Added Component: Designator=C41(0603)
Added Component: Designator=C42(0603)
Added Component: Designator=C43(0603)
Added Component: Designator=D6(0603)
Added Component: Designator=L10(1608[0603])
Added Component: Designator=L11(1608[0603])
Added Component: Designator=R3(res_0402_R - modified)
Added Component: Designator=R4(0603)
Added Component: Designator=R5(0603)
Added Component: Designator=U1(SOT23__DDC__(R - PDSO-  G5))
Added Pin To Net: NetName=GND Pin=C34-2
Added Pin To Net: NetName=GND Pin=C35-2
Added Pin To Net: NetName=GND Pin=C36-2
Added Pin To Net: NetName=GND Pin=C37-2
Added Pin To Net: NetName=GND Pin=C38-2
Added Pin To Net: NetName=GND Pin=C39-2
Added Pin To Net: NetName=VDD_3V3 Pin=C40-1
Added Pin To Net: NetName=GND Pin=C40-2
Added Pin To Net: NetName=GND Pin=C41-2
Added Pin To Net: NetName=GND Pin=C42-2
Added Pin To Net: NetName=GND Pin=C43-2
Added Pin To Net: NetName=GND Pin=D6-2
Added Pin To Net: NetName=VDD_3V3 Pin=R3-1
Added Pin To Net: NetName=VDD_3V3 Pin=R4-2
Added Pin To Net: NetName=VDD_3V3 Pin=U1-1
Added Pin To Net: NetName=GND Pin=U1-2
Added Pin To Net: NetName=NetC34_1 Pin=C34-1
Added Pin To Net: NetName=NetC34_1 Pin=C35-1
Added Pin To Net: NetName=NetC34_1 Pin=L10-1
Added Pin To Net: NetName=NetC34_1 Pin=U1-5
Added Net: Name=NetC34_1
Added Pin To Net: NetName=NetC36_1 Pin=C36-1
Added Pin To Net: NetName=NetC36_1 Pin=C41-1
Added Pin To Net: NetName=NetC36_1 Pin=L10-2
Added Pin To Net: NetName=NetC36_1 Pin=R5-2
Added Pin To Net: NetName=NetC36_1 Pin=U8-1
Added Net: Name=NetC36_1
Added Pin To Net: NetName=NetC37_1 Pin=C37-1
Added Pin To Net: NetName=NetC37_1 Pin=C38-1
Added Pin To Net: NetName=NetC37_1 Pin=L11-1
Added Pin To Net: NetName=NetC37_1 Pin=U8-5
Added Net: Name=NetC37_1
Added Pin To Net: NetName=NetC39_1 Pin=C39-1
Added Pin To Net: NetName=NetC39_1 Pin=L11-2
Added Pin To Net: NetName=NetC39_1 Pin=U9-1
Added Net: Name=NetC39_1
Added Pin To Net: NetName=NetC42_1 Pin=C42-1
Added Pin To Net: NetName=NetC42_1 Pin=U1-4
Added Net: Name=NetC42_1
Added Pin To Net: NetName=NetC43_1 Pin=C43-1
Added Pin To Net: NetName=NetC43_1 Pin=U8-4
Added Net: Name=NetC43_1
Added Pin To Net: NetName=NetD6_1 Pin=D6-1
Added Pin To Net: NetName=NetD6_1 Pin=R3-2
Added Net: Name=NetD6_1
Added Pin To Net: NetName=NetR4_1 Pin=R4-1
Added Pin To Net: NetName=NetR4_1 Pin=U1-3
Added Net: Name=NetR4_1
Added Pin To Net: NetName=NetR5_1 Pin=R5-1
Added Pin To Net: NetName=NetR5_1 Pin=U8-3
Added Net: Name=NetR5_1
Added Member To Class: ClassName=HIGHSPEED_v0_SF2-POWER Member=Component C34 Cap
Added Member To Class: ClassName=HIGHSPEED_v0_SF2-POWER Member=Component C35 Cap
Added Member To Class: ClassName=HIGHSPEED_v0_SF2-POWER Member=Component C36 Cap
Added Member To Class: ClassName=HIGHSPEED_v0_SF2-POWER Member=Component C37 Cap
Added Member To Class: ClassName=HIGHSPEED_v0_SF2-POWER Member=Component C38 Cap
Added Member To Class: ClassName=HIGHSPEED_v0_SF2-POWER Member=Component C39 Cap
Added Member To Class: ClassName=HIGHSPEED_v0_SF2-POWER Member=Component C40 Cap
Added Member To Class: ClassName=HIGHSPEED_v0_SF2-POWER Member=Component C41 Cap
Added Member To Class: ClassName=HIGHSPEED_v0_SF2-POWER Member=Component C42 
Added Member To Class: ClassName=HIGHSPEED_v0_SF2-POWER Member=Component C43 
Added Member To Class: ClassName=HIGHSPEED_v0_SF2-POWER Member=Component D6 LED3
Added Member To Class: ClassName=HIGHSPEED_v0_SF2-POWER Member=Component L10 Inductor
Added Member To Class: ClassName=HIGHSPEED_v0_SF2-POWER Member=Component L11 Inductor
Added Member To Class: ClassName=HIGHSPEED_v0_SF2-POWER Member=Component R3 Res3
Added Member To Class: ClassName=HIGHSPEED_v0_SF2-POWER Member=Component R4 
Added Member To Class: ClassName=HIGHSPEED_v0_SF2-POWER Member=Component R5 
Added Member To Class: ClassName=HIGHSPEED_v0_SF2-POWER Member=Component U1 TPS73218
