Removed Pin From Net: NetName=GND Pin=Cb1-1
Removed Pin From Net: NetName=VDD_1V8 Pin=Cb1-2
Removed Pin From Net: NetName=GND Pin=Cb2-1
Removed Pin From Net: NetName=VDD_1V2 Pin=Cb2-2
Removed Pin From Net: NetName=GND Pin=Cb3-1
Removed Pin From Net: NetName=VDD_1V2_DGITAL Pin=Cb3-2
Removed Pin From Net: NetName=GND Pin=Cb4-1
Removed Pin From Net: NetName=VDD_1V2_DGITAL Pin=Cb4-2
Removed Pin From Net: NetName=GND Pin=Cb10-1
Removed Pin From Net: NetName=VDD_1V2 Pin=Cb10-2
Removed Pin From Net: NetName=GND Pin=Cb11-1
Removed Pin From Net: NetName=VDD_1V2_FLL Pin=Cb11-2
Removed Pin From Net: NetName=GND Pin=Cb12-1
Removed Pin From Net: NetName=VDD_1V2_ANALOG Pin=Cb12-2
Removed Pin From Net: NetName=GND Pin=Cb13-1
Removed Pin From Net: NetName=VDD_1V2_ANALOG Pin=Cb13-2
Removed Pin From Net: NetName=GND Pin=Cb14-1
Removed Pin From Net: NetName=VDD_1V2 Pin=Cb14-2
Removed Pin From Net: NetName=GND Pin=Cb15-1
Removed Pin From Net: NetName=VDD_1V8 Pin=Cb15-2
Removed Pin From Net: NetName=GND Pin=Cb16-1
Removed Pin From Net: NetName=VDD_1V8 Pin=Cb16-2
Removed Pin From Net: NetName=GND Pin=Cb17-1
Removed Pin From Net: NetName=VDD_1V2 Pin=Cb17-2
Removed Pin From Net: NetName=GND Pin=P1-1
Removed Pin From Net: NetName=GND Pin=P1-3
Removed Pin From Net: NetName=GND Pin=P1-4
Removed Pin From Net: NetName=GND Pin=P1-5
Removed Pin From Net: NetName=GND Pin=P1-7
Removed Pin From Net: NetName=GND Pin=P1-9
Removed Pin From Net: NetName=GND Pin=P1-11
Removed Pin From Net: NetName=GND Pin=P1-13
Removed Pin From Net: NetName=GND Pin=P1-14
Removed Pin From Net: NetName=GND Pin=P1-15
Removed Pin From Net: NetName=GND Pin=P1-17
Removed Pin From Net: NetName=GND Pin=P1-19
Removed Pin From Net: NetName=GND Pin=P1-20
Removed Pin From Net: NetName=GND Pin=P1-21
Removed Pin From Net: NetName=GND Pin=P1-23
Removed Pin From Net: NetName=GND Pin=P1-25
Removed Pin From Net: NetName=GND Pin=P1-27
Removed Pin From Net: NetName=GND Pin=P1-29
Removed Pin From Net: NetName=GND Pin=P1-31
Removed Pin From Net: NetName=VDD_1V8 Pin=R1-2
Removed Pin From Net: NetName=VDD_1V2_DGITAL Pin=R51-1
Removed Pin From Net: NetName=VDD_1V2_DGITAL Pin=R52-1
Removed Pin From Net: NetName=VDD_1V2_FLL Pin=R53-2
Removed Pin From Net: NetName=VDD_1V2_ANALOG Pin=R54-2
Removed Pin From Net: NetName=VDD_1V2_ANALOG Pin=R55-2
Removed Pin From Net: NetName=VDD_1V2 Pin=U1-12
Removed Pin From Net: NetName=GND Pin=U1-17
Removed Pin From Net: NetName=GND Pin=U1-19
Removed Pin From Net: NetName=VDD_1V8 Pin=U1-20
Removed Pin From Net: NetName=VDD_1V2 Pin=U1-21
Removed Pin From Net: NetName=VDD_1V8 Pin=U1-35
Removed Pin From Net: NetName=VDD_1V2 Pin=U1-36
Removed Pin From Net: NetName=VDD_1V8 Pin=U1-53
Removed Pin From Net: NetName=VDD_1V2 Pin=U1-54
Removed Pin From Net: NetName=GND Pin=YW1-2
Removed Pin From Net: NetName=VDD_1V8 Pin=YW1-4
Added Pin To Net: NetName=NetR43_1 Pin=R43-1
Added Pin To Net: NetName=NetR43_1 Pin=U4-12
Added Net: Name=NetR43_1
Added Pin To Net: NetName=NetU4_19 Pin=U4-19
Added Net: Name=NetU4_19
Added Pin To Net: NetName=NetU4_20 Pin=U4-20
Added Net: Name=NetU4_20
Added Pin To Net: NetName=NetU4_21 Pin=U4-21
Added Net: Name=NetU4_21
Added Pin To Net: NetName=NetU4_22 Pin=U4-22
Added Net: Name=NetU4_22
Added Pin To Net: NetName=NetU4_23 Pin=U4-23
Added Net: Name=NetU4_23
