Removed Pin From Net: NetName=GND Pin=C31-1
Removed Pin From Net: NetName=VAVD Pin=C31-2
Removed Pin From Net: NetName=VCLU Pin=L6-1
Removed Pin From Net: NetName=VDD_1V2_DGITAL Pin=L6-2
Removed Pin From Net: NetName=NetR19_1 Pin=R15-1
Removed Pin From Net: NetName=NetP2_26 Pin=R15-2
Removed Pin From Net: NetName=NetR20_1 Pin=R16-1
Removed Pin From Net: NetName=NetP2_2 Pin=R16-2
Removed Pin From Net: NetName=NetR21_1 Pin=R17-1
Removed Pin From Net: NetName=NetP2_28 Pin=R17-2
Removed Pin From Net: NetName=NetR22_1 Pin=R18-1
Removed Pin From Net: NetName=NetP2_30 Pin=R18-2
Added Component: Designator=C34(J1-0603)
Added Component: Designator=C39(0402)
Added Component: Designator=R19(0402)
Added Component: Designator=R20(0402)
Added Component: Designator=R21(0402)
Added Component: Designator=R22(0402)
Added Pin To Net: NetName=VDD_1V2_DGITAL Pin=C31-1
Added Pin To Net: NetName=GND Pin=C31-2
Added Pin To Net: NetName=GND Pin=C31-1
Added Pin To Net: NetName=VAVD Pin=C31-2
Added Pin To Net: NetName=GND Pin=C36-1
Added Pin To Net: NetName=VDD_1V8 Pin=C36-2
Added Pin To Net: NetName=VCLU Pin=L6-1
Added Pin To Net: NetName=NetR15_1 Pin=R15-1
Added Pin To Net: NetName=NetR15_2 Pin=R15-2
Added Pin To Net: NetName=NetR16_1 Pin=R16-1
Added Pin To Net: NetName=NetR16_2 Pin=R16-2
Added Pin To Net: NetName=NetR17_1 Pin=R17-1
Added Pin To Net: NetName=NetR17_2 Pin=R17-2
Added Pin To Net: NetName=NetR18_1 Pin=R18-1
Added Pin To Net: NetName=NetR18_2 Pin=R18-2
Added Pin To Net: NetName=NetR19_1 Pin=R15-1
Added Pin To Net: NetName=NetP2_26 Pin=R15-2
Added Pin To Net: NetName=NetR20_1 Pin=R16-1
Added Pin To Net: NetName=NetP2_2 Pin=R16-2
Added Pin To Net: NetName=NetR21_1 Pin=R17-1
Added Pin To Net: NetName=NetP2_28 Pin=R17-2
Added Pin To Net: NetName=NetR22_1 Pin=R18-1
Added Pin To Net: NetName=NetP2_30 Pin=R18-2
Added Member To Class: ClassName=HIGHSPEED_v0_SF2_DDR Member=Component C39 100nF
Added Member To Class: ClassName=HIGHSPEED_v0_NM Member=Component R19 0R
Added Member To Class: ClassName=HIGHSPEED_v0_NM Member=Component R20 0R
Added Member To Class: ClassName=HIGHSPEED_v0_NM Member=Component R21 0R
Added Member To Class: ClassName=HIGHSPEED_v0_NM Member=Component R22 0R
