Change Component Designator: Old Designator=C? New Designator=C13
Change Component Designator: Old Designator=C? New Designator=C14
Change Component Designator: Old Designator=C? New Designator=C15
Change Component Designator: Old Designator=C? New Designator=C16
Change Component Designator: Old Designator=C? New Designator=C17
Change Component Designator: Old Designator=C? New Designator=C18
Change Component Designator: Old Designator=C? New Designator=C19
Change Component Designator: Old Designator=C? New Designator=C20
Change Component Designator: Old Designator=C? New Designator=C21
Change Component Designator: Old Designator=C? New Designator=C22
Change Component Designator: Old Designator=C? New Designator=C23
Change Component Designator: Old Designator=C? New Designator=C24
Change Component Designator: Old Designator=C? New Designator=C25
Change Component Designator: Old Designator=C? New Designator=C26
Change Component Designator: Old Designator=C? New Designator=C27
Change Component Designator: Old Designator=C? New Designator=C28
Change Component Designator: Old Designator=C? New Designator=C29
Change Component Designator: Old Designator=C? New Designator=C30
Change Component Designator: Old Designator=Cb? New Designator=Cb1
Change Component Designator: Old Designator=Cb? New Designator=Cb2
Change Component Designator: Old Designator=Cb? New Designator=Cb3
Change Component Designator: Old Designator=Cb? New Designator=Cb4
Change Component Designator: Old Designator=Cb? New Designator=Cb5
Change Component Designator: Old Designator=Cb? New Designator=Cb6
Change Component Designator: Old Designator=Cb? New Designator=Cb7
Change Component Designator: Old Designator=Cb? New Designator=Cb8
Change Component Designator: Old Designator=Cb? New Designator=Cb9
Change Component Designator: Old Designator=Cb? New Designator=Cb10
Change Component Designator: Old Designator=Cb? New Designator=Cb11
Change Component Designator: Old Designator=Cb? New Designator=Cb12
Change Component Designator: Old Designator=Cb? New Designator=Cb13
Change Component Designator: Old Designator=Cb? New Designator=Cb14
Change Component Designator: Old Designator=Cb? New Designator=Cb15
Change Component Designator: Old Designator=Cb? New Designator=Cb16
Change Component Designator: Old Designator=Cb? New Designator=Cb17
Change Component Designator: Old Designator=Cb? New Designator=Cb18
Change Component Designator: Old Designator=Cb? New Designator=Cb19
Change Component Designator: Old Designator=Cb? New Designator=Cb20
Change Component Designator: Old Designator=Cb? New Designator=Cb21
Change Component Designator: Old Designator=Cb? New Designator=Cb22
Change Component Designator: Old Designator=Cb? New Designator=Cb23
Change Component Designator: Old Designator=Cb? New Designator=Cb24
Change Component Designator: Old Designator=Cb? New Designator=Cb25
Change Component Designator: Old Designator=Cb? New Designator=Cb26
Change Component Designator: Old Designator=Cb? New Designator=Cb27
Change Component Designator: Old Designator=Cb? New Designator=Cb28
Change Component Designator: Old Designator=Cb? New Designator=Cb29
Change Component Designator: Old Designator=Cb? New Designator=Cb30
Change Component Designator: Old Designator=Cb? New Designator=Cb31
Change Component Designator: Old Designator=Cb? New Designator=Cb32
Change Component Designator: Old Designator=Cb? New Designator=Cb33
Change Component Designator: Old Designator=Cb? New Designator=Cb34
Change Component Designator: Old Designator=Cb? New Designator=Cb35
Change Component Designator: Old Designator=Cb? New Designator=Cb36
Change Component Designator: Old Designator=Cb? New Designator=Cb37
Change Component Designator: Old Designator=Cb? New Designator=Cb38
Change Component Designator: Old Designator=Cb? New Designator=Cb39
Change Component Designator: Old Designator=Cb? New Designator=Cb40
Change Component Designator: Old Designator=Cb? New Designator=Cb41
Change Component Designator: Old Designator=Cb? New Designator=Cb42
Change Component Designator: Old Designator=Cb? New Designator=Cb43
Change Component Designator: Old Designator=CbA? New Designator=CbA1
Change Component Designator: Old Designator=CbA? New Designator=CbA2
Change Component Designator: Old Designator=CbB? New Designator=CbB1
Change Component Designator: Old Designator=Cs? New Designator=Cs1
Change Component Designator: Old Designator=Cs? New Designator=Cs2
Change Component Designator: Old Designator=D? New Designator=D1
Change Component Designator: Old Designator=D? New Designator=D2
Change Component Designator: Old Designator=D? New Designator=D3
Change Component Designator: Old Designator=L? New Designator=L4
Change Component Designator: Old Designator=L? New Designator=L5
Change Component Designator: Old Designator=Ls? New Designator=Ls1
Change Component Designator: Old Designator=R? New Designator=R2
Change Component Designator: Old Designator=R? New Designator=R3
Change Component Designator: Old Designator=R? New Designator=R4
Change Component Designator: Old Designator=R? New Designator=R5
Change Component Designator: Old Designator=U? New Designator=U6
Change Component Designator: Old Designator=U? New Designator=U7
Change Component Designator: Old Designator=U? New Designator=U8
Change Component Designator: Old Designator=U? New Designator=U9
Change Component Designator: Old Designator=U? New Designator=U10
