Removed Pin From Net: NetName=NetD3_1 Pin=D1-1
Removed Pin From Net: NetName=NetD4_1 Pin=D2-1
Removed Pin From Net: NetName=GPIO3 Pin=U3-39
Removed Pin From Net: NetName=GPIO2 Pin=U3-40
Removed Pin From Net: NetName=GPIO1 Pin=U3-41
Removed Pin From Net: NetName=NetJ1_14 Pin=U3-43
Removed Pin From Net: NetName=NetR5_1 Pin=U4-28
Removed Pin From Net: NetName=DVDD Pin=YW1-4
Removed Member From Class: ClassName=HIGHSPEED_v0_SF2-COMM Member=P?
Removed Member From Class: ClassName=HIGHSPEED_v0_RADIO Member=R4
Removed Member From Class: ClassName=HIGHSPEED_v0_RADIO Member=R5
Change Component Designator: OldDesignator=P1 NewDesignator=P4
Change Component Designator: OldDesignator=P? NewDesignator=P1
Change Component Designator: OldDesignator=P? NewDesignator=P5
Change Component Designator: OldDesignator=R2 NewDesignator=R13
Change Component Designator: OldDesignator=R3 NewDesignator=R14
Change Component Designator: OldDesignator=R4 NewDesignator=R40
Change Component Designator: OldDesignator=R5 NewDesignator=R41
Change Component Designator: OldDesignator=R6 NewDesignator=R39
Change Component Designator: OldDesignator=R9 NewDesignator=R42
Change Component Designator: OldDesignator=R10 NewDesignator=R43
Change Component Designator: OldDesignator=R11 NewDesignator=R44
Change Component Designator: OldDesignator=R? NewDesignator=R2
Change Component Designator: OldDesignator=R? NewDesignator=R3
Change Component Designator: OldDesignator=R? NewDesignator=R4
Change Component Designator: OldDesignator=R? NewDesignator=R5
Change Component Designator: OldDesignator=R? NewDesignator=R6
Change Component Designator: OldDesignator=R? NewDesignator=R7
Change Component Designator: OldDesignator=R? NewDesignator=R8
Change Component Designator: OldDesignator=R? NewDesignator=R9
Change Component Designator: OldDesignator=R? NewDesignator=R10
Change Component Designator: OldDesignator=R? NewDesignator=R11
Change Component Designator: OldDesignator=R? NewDesignator=R12
Change Component Designator: OldDesignator=U100 NewDesignator=U1
Added Component: Designator=D3(0603)
Added Component: Designator=D4(0603)
Added Component: Designator=P2(HDR2X16)
Added Component: Designator=P3(HDR2X16)
Added Component: Designator=R15(0402)
Added Component: Designator=R16(0402)
Added Component: Designator=R17(0402)
Added Component: Designator=R18(0402)
Added Component: Designator=R19(0402)
Added Component: Designator=R20(0402)
Added Component: Designator=R21(0402)
Added Component: Designator=R22(0402)
Added Component: Designator=R23(0402)
Added Component: Designator=R24(0402)
Added Component: Designator=R25(0402)
Added Component: Designator=R26(0402)
Added Component: Designator=R27(0402)
Added Component: Designator=R28(0402)
Added Component: Designator=R29(0402)
Added Component: Designator=R30(0402)
Added Component: Designator=R31(0402)
Added Component: Designator=R32(0402)
Added Component: Designator=R33(0402)
Added Component: Designator=R34(0402)
Added Component: Designator=R35(0402)
Added Component: Designator=R36(0402)
Added Component: Designator=R37(res_0402_R - modified)
Added Component: Designator=R38(res_0402_R - modified)
Added Pin To Net: NetName=NetD1_1 Pin=D1-1
Added Pin To Net: NetName=NetD2_1 Pin=D2-1
Added Pin To Net: NetName=NetD3_1 Pin=D1-1
Added Pin To Net: NetName=GND Pin=D1-2
Added Pin To Net: NetName=NetD4_1 Pin=D2-1
Added Pin To Net: NetName=GND Pin=D2-2
Added Pin To Net: NetName=GND Pin=P2-1
Added Pin To Net: NetName=GND Pin=P2-3
Added Pin To Net: NetName=GND Pin=P2-4
Added Pin To Net: NetName=GND Pin=P2-5
Added Pin To Net: NetName=GND Pin=P2-7
Added Pin To Net: NetName=GND Pin=P2-9
Added Pin To Net: NetName=GND Pin=P2-11
Added Pin To Net: NetName=GND Pin=P2-13
Added Pin To Net: NetName=GND Pin=P2-14
Added Pin To Net: NetName=GND Pin=P2-15
Added Pin To Net: NetName=GND Pin=P2-17
Added Pin To Net: NetName=GND Pin=P2-19
Added Pin To Net: NetName=GND Pin=P2-20
Added Pin To Net: NetName=GND Pin=P2-21
Added Pin To Net: NetName=GND Pin=P2-22
Added Pin To Net: NetName=GND Pin=P2-23
Added Pin To Net: NetName=GND Pin=P2-24
Added Pin To Net: NetName=GND Pin=P2-25
Added Pin To Net: NetName=GND Pin=P2-27
Added Pin To Net: NetName=GND Pin=P2-29
Added Pin To Net: NetName=GND Pin=P2-31
Added Pin To Net: NetName=GND Pin=P3-1
Added Pin To Net: NetName=GND Pin=P3-3
Added Pin To Net: NetName=GND Pin=P3-4
Added Pin To Net: NetName=GND Pin=P3-5
Added Pin To Net: NetName=GND Pin=P3-7
Added Pin To Net: NetName=GND Pin=P3-9
Added Pin To Net: NetName=GND Pin=P3-11
Added Pin To Net: NetName=GND Pin=P3-13
Added Pin To Net: NetName=GND Pin=P3-14
Added Pin To Net: NetName=GND Pin=P3-15
Added Pin To Net: NetName=GND Pin=P3-17
Added Pin To Net: NetName=GND Pin=P3-19
Added Pin To Net: NetName=GND Pin=P3-20
Added Pin To Net: NetName=GND Pin=P3-21
Added Pin To Net: NetName=GND Pin=P3-22
Added Pin To Net: NetName=GND Pin=P3-23
Added Pin To Net: NetName=GND Pin=P3-24
Added Pin To Net: NetName=GND Pin=P3-25
Added Pin To Net: NetName=GND Pin=P3-27
Added Pin To Net: NetName=GND Pin=P3-29
Added Pin To Net: NetName=GND Pin=P3-31
Added Pin To Net: NetName=NetR5_1 Pin=R5-1
Added Pin To Net: NetName=NetD2_1 Pin=R37-2
Added Pin To Net: NetName=NetD1_1 Pin=R38-2
Added Pin To Net: NetName=NetR5_1 Pin=U1-23
Added Pin To Net: NetName=VDD_1V8 Pin=YW1-4
Added Pin To Net: NetName=GND Pin=YW1-2
Added Pin To Net: NetName=DVDD Pin=YW1-4
Change Net Name : Old Net Name=NetP1_5 New Net Name=NetP4_5
Change Net Name : Old Net Name=NetP?_2 New Net Name=NetP1_2
Change Net Name : Old Net Name=NetP?_6 New Net Name=NetP1_6
Change Net Name : Old Net Name=NetP?_8 New Net Name=NetP1_8
Change Net Name : Old Net Name=NetP?_10 New Net Name=NetP1_10
Change Net Name : Old Net Name=NetP?_12 New Net Name=NetP1_12
Change Net Name : Old Net Name=NetP?_16 New Net Name=NetP1_16
Change Net Name : Old Net Name=NetP?_18 New Net Name=NetP1_18
Change Net Name : Old Net Name=NetP?_26 New Net Name=NetP1_26
Change Net Name : Old Net Name=NetP?_28 New Net Name=NetP1_28
Change Net Name : Old Net Name=NetP?_30 New Net Name=NetP1_30
Change Net Name : Old Net Name=NetP?_32 New Net Name=NetP1_32
Change Net Name : Old Net Name=NetR2_1 New Net Name=NetR13_1
Change Net Name : Old Net Name=NetR3_1 New Net Name=NetR14_1
Change Net Name : Old Net Name=NetR9_1 New Net Name=NetR42_1
Change Net Name : Old Net Name=NetR11_1 New Net Name=NetR44_1
Change Net Name : Old Net Name=NetR?_1 New Net Name=NetR2_1
Change Net Name : Old Net Name=NetR?_2 New Net Name=NetR8_2
Change Net Name : Old Net Name=NetU4_19 New Net Name=NetU1_45
Change Net Name : Old Net Name=NetU4_20 New Net Name=NetU1_47
Change Net Name : Old Net Name=NetU4_21 New Net Name=NetU1_48
Change Net Name : Old Net Name=NetU4_22 New Net Name=NetU1_44
Change Net Name : Old Net Name=NetU4_23 New Net Name=NetU1_46
Change Net Name : Old Net Name=NetU100_7 New Net Name=NetU1_7
Change Net Name : Old Net Name=NetU100_8 New Net Name=NetU1_8
Change Net Name : Old Net Name=NetU100_52 New Net Name=NetU1_52
Added Pin To Net: NetName=NetP2_2 Pin=P2-2
Added Pin To Net: NetName=NetP2_2 Pin=R16-2
Added Net: Name=NetP2_2
Added Pin To Net: NetName=NetP2_6 Pin=P2-6
Added Pin To Net: NetName=NetP2_6 Pin=R19-2
Added Net: Name=NetP2_6
Added Pin To Net: NetName=NetP2_8 Pin=P2-8
Added Pin To Net: NetName=NetP2_8 Pin=R23-2
Added Net: Name=NetP2_8
Added Pin To Net: NetName=NetP2_10 Pin=P2-10
Added Pin To Net: NetName=NetP2_10 Pin=R25-2
Added Net: Name=NetP2_10
Added Pin To Net: NetName=NetP2_12 Pin=P2-12
Added Pin To Net: NetName=NetP2_12 Pin=R28-2
Added Net: Name=NetP2_12
Added Pin To Net: NetName=NetP2_16 Pin=P2-16
Added Pin To Net: NetName=NetP2_16 Pin=R33-2
Added Net: Name=NetP2_16
Added Pin To Net: NetName=NetP2_18 Pin=P2-18
Added Pin To Net: NetName=NetP2_18 Pin=R34-2
Added Net: Name=NetP2_18
Added Pin To Net: NetName=NetP2_26 Pin=P2-26
Added Pin To Net: NetName=NetP2_26 Pin=R15-2
Added Net: Name=NetP2_26
Added Pin To Net: NetName=NetP2_28 Pin=P2-28
Added Pin To Net: NetName=NetP2_28 Pin=R17-2
Added Net: Name=NetP2_28
Added Pin To Net: NetName=NetP2_30 Pin=P2-30
Added Pin To Net: NetName=NetP2_30 Pin=R18-2
Added Net: Name=NetP2_30
Added Pin To Net: NetName=NetP2_32 Pin=P2-32
Added Pin To Net: NetName=NetP2_32 Pin=R22-2
Added Net: Name=NetP2_32
Added Pin To Net: NetName=NetP3_2 Pin=P3-2
Added Pin To Net: NetName=NetP3_2 Pin=R20-2
Added Net: Name=NetP3_2
Added Pin To Net: NetName=NetP3_6 Pin=P3-6
Added Pin To Net: NetName=NetP3_6 Pin=R26-2
Added Net: Name=NetP3_6
Added Pin To Net: NetName=NetP3_8 Pin=P3-8
Added Pin To Net: NetName=NetP3_8 Pin=R29-2
Added Net: Name=NetP3_8
Added Pin To Net: NetName=NetP3_10 Pin=P3-10
Added Pin To Net: NetName=NetP3_10 Pin=R31-2
Added Net: Name=NetP3_10
Added Pin To Net: NetName=NetP3_12 Pin=P3-12
Added Pin To Net: NetName=NetP3_12 Pin=R32-2
Added Net: Name=NetP3_12
Added Pin To Net: NetName=NetP3_16 Pin=P3-16
Added Pin To Net: NetName=NetP3_16 Pin=R35-2
Added Net: Name=NetP3_16
Added Pin To Net: NetName=NetP3_18 Pin=P3-18
Added Pin To Net: NetName=NetP3_18 Pin=R36-2
Added Net: Name=NetP3_18
Added Pin To Net: NetName=NetP3_26 Pin=P3-26
Added Pin To Net: NetName=NetP3_26 Pin=R21-1
Added Net: Name=NetP3_26
Added Pin To Net: NetName=NetP3_28 Pin=P3-28
Added Pin To Net: NetName=NetP3_28 Pin=R24-1
Added Net: Name=NetP3_28
Added Pin To Net: NetName=NetP3_30 Pin=P3-30
Added Pin To Net: NetName=NetP3_30 Pin=R27-1
Added Net: Name=NetP3_30
Added Pin To Net: NetName=NetP3_32 Pin=P3-32
Added Pin To Net: NetName=NetP3_32 Pin=R30-1
Added Net: Name=NetP3_32
Added Pin To Net: NetName=NetR3_2 Pin=R3-2
Added Pin To Net: NetName=NetR3_2 Pin=U1-34
Added Net: Name=NetR3_2
Added Pin To Net: NetName=NetR4_2 Pin=R4-2
Added Pin To Net: NetName=NetR4_2 Pin=U1-33
Added Net: Name=NetR4_2
Added Pin To Net: NetName=NetR6_2 Pin=R6-2
Added Pin To Net: NetName=NetR6_2 Pin=U1-32
Added Net: Name=NetR6_2
Added Pin To Net: NetName=NetR7_1 Pin=R7-1
Added Pin To Net: NetName=NetR7_1 Pin=U1-24
Added Net: Name=NetR7_1
Added Pin To Net: NetName=NetR9_1 Pin=R9-1
Added Pin To Net: NetName=NetR9_1 Pin=U1-25
Added Net: Name=NetR9_1
Added Pin To Net: NetName=NetR10_1 Pin=R10-1
Added Pin To Net: NetName=NetR10_1 Pin=U1-26
Added Net: Name=NetR10_1
Added Pin To Net: NetName=NetR11_1 Pin=R11-1
Added Pin To Net: NetName=NetR11_1 Pin=U1-27
Added Net: Name=NetR11_1
Added Pin To Net: NetName=NetR12_1 Pin=R12-1
Added Pin To Net: NetName=NetR12_1 Pin=U1-28
Added Net: Name=NetR12_1
Added Pin To Net: NetName=NetR15_1 Pin=R15-1
Added Pin To Net: NetName=NetR15_1 Pin=U2-34
Added Net: Name=NetR15_1
Added Pin To Net: NetName=NetR16_1 Pin=R16-1
Added Pin To Net: NetName=NetR16_1 Pin=U2-22
Added Net: Name=NetR16_1
Added Pin To Net: NetName=NetR17_1 Pin=R17-1
Added Pin To Net: NetName=NetR17_1 Pin=U2-33
Added Net: Name=NetR17_1
Added Pin To Net: NetName=NetR18_1 Pin=R18-1
Added Pin To Net: NetName=NetR18_1 Pin=U2-32
Added Net: Name=NetR18_1
Added Pin To Net: NetName=NetR19_1 Pin=R19-1
Added Pin To Net: NetName=NetR19_1 Pin=U2-23
Added Net: Name=NetR19_1
Added Pin To Net: NetName=NetR20_1 Pin=R20-1
Added Pin To Net: NetName=NetR20_1 Pin=U3-22
Added Net: Name=NetR20_1
Added Pin To Net: NetName=NetR21_2 Pin=R21-2
Added Pin To Net: NetName=NetR21_2 Pin=U3-34
Added Net: Name=NetR21_2
Added Pin To Net: NetName=NetR22_1 Pin=R22-1
Added Pin To Net: NetName=NetR22_1 Pin=U2-31
Added Net: Name=NetR22_1
Added Pin To Net: NetName=NetR23_1 Pin=R23-1
Added Pin To Net: NetName=NetR23_1 Pin=U2-24
Added Net: Name=NetR23_1
Added Pin To Net: NetName=NetR24_2 Pin=R24-2
Added Pin To Net: NetName=NetR24_2 Pin=U3-33
Added Net: Name=NetR24_2
Added Pin To Net: NetName=NetR25_1 Pin=R25-1
Added Pin To Net: NetName=NetR25_1 Pin=U2-25
Added Net: Name=NetR25_1
Added Pin To Net: NetName=NetR26_1 Pin=R26-1
Added Pin To Net: NetName=NetR26_1 Pin=U3-23
Added Net: Name=NetR26_1
Added Pin To Net: NetName=NetR27_2 Pin=R27-2
Added Pin To Net: NetName=NetR27_2 Pin=U3-32
Added Net: Name=NetR27_2
Added Pin To Net: NetName=NetR28_1 Pin=R28-1
Added Pin To Net: NetName=NetR28_1 Pin=U2-26
Added Net: Name=NetR28_1
Added Pin To Net: NetName=NetR29_1 Pin=R29-1
Added Pin To Net: NetName=NetR29_1 Pin=U3-24
Added Net: Name=NetR29_1
Added Pin To Net: NetName=NetR30_2 Pin=R30-2
Added Pin To Net: NetName=NetR30_2 Pin=U3-31
Added Net: Name=NetR30_2
Added Pin To Net: NetName=NetR31_1 Pin=R31-1
Added Pin To Net: NetName=NetR31_1 Pin=U3-25
Added Net: Name=NetR31_1
Added Pin To Net: NetName=NetR32_1 Pin=R32-1
Added Pin To Net: NetName=NetR32_1 Pin=U3-26
Added Net: Name=NetR32_1
Added Pin To Net: NetName=NetR33_1 Pin=R33-1
Added Pin To Net: NetName=NetR33_1 Pin=U2-27
Added Net: Name=NetR33_1
Added Pin To Net: NetName=NetR34_1 Pin=R34-1
Added Pin To Net: NetName=NetR34_1 Pin=U2-28
Added Net: Name=NetR34_1
Added Pin To Net: NetName=NetR35_1 Pin=R35-1
Added Pin To Net: NetName=NetR35_1 Pin=U3-27
Added Net: Name=NetR35_1
Added Pin To Net: NetName=NetR36_1 Pin=R36-1
Added Pin To Net: NetName=NetR36_1 Pin=U3-28
Added Net: Name=NetR36_1
Added Pin To Net: NetName=NetR37_1 Pin=R37-1
Added Pin To Net: NetName=NetR37_1 Pin=U4-29
Added Net: Name=NetR37_1
Added Pin To Net: NetName=NetR38_1 Pin=R38-1
Added Pin To Net: NetName=NetR38_1 Pin=U4-28
Added Net: Name=NetR38_1
Added Pin To Net: NetName=NetU3_39 Pin=U3-39
Added Net: Name=NetU3_39
Added Pin To Net: NetName=NetU3_40 Pin=U3-40
Added Net: Name=NetU3_40
Added Pin To Net: NetName=NetU3_41 Pin=U3-41
Added Net: Name=NetU3_41
Added Pin To Net: NetName=NetU3_43 Pin=U3-43
Added Net: Name=NetU3_43
Added Member To Class: ClassName=HIGHSPEED_v0_SF2-COMM Member=Component P1 Header 16X2
Added Member To Class: ClassName=HIGHSPEED_v0_NM Member=Component P2 Header 16X2
Added Member To Class: ClassName=HIGHSPEED_v0_NM Member=Component P3 Header 16X2
Added Member To Class: ClassName=HIGHSPEED_v0_SF2-COMM Member=Component R2 0R
Added Member To Class: ClassName=HIGHSPEED_v0_SF2-COMM Member=Component R3 0R
Added Member To Class: ClassName=HIGHSPEED_v0_SF2-COMM Member=Component R4 0R
Added Member To Class: ClassName=HIGHSPEED_v0_SF2-COMM Member=Component R5 0R
Added Member To Class: ClassName=HIGHSPEED_v0_SF2-COMM Member=Component R6 0R
Added Member To Class: ClassName=HIGHSPEED_v0_SF2-COMM Member=Component R7 0R
Added Member To Class: ClassName=HIGHSPEED_v0_SF2-COMM Member=Component R9 0R
Added Member To Class: ClassName=HIGHSPEED_v0_SF2-COMM Member=Component R10 0R
Added Member To Class: ClassName=HIGHSPEED_v0_SF2-COMM Member=Component R11 0R
Added Member To Class: ClassName=HIGHSPEED_v0_SF2-COMM Member=Component R12 0R
Added Member To Class: ClassName=HIGHSPEED_v0_NM Member=Component R15 0R
Added Member To Class: ClassName=HIGHSPEED_v0_NM Member=Component R16 0R
Added Member To Class: ClassName=HIGHSPEED_v0_NM Member=Component R17 0R
Added Member To Class: ClassName=HIGHSPEED_v0_NM Member=Component R18 0R
Added Member To Class: ClassName=HIGHSPEED_v0_NM Member=Component R19 0R
Added Member To Class: ClassName=HIGHSPEED_v0_NM Member=Component R20 0R
Added Member To Class: ClassName=HIGHSPEED_v0_NM Member=Component R21 0R
Added Member To Class: ClassName=HIGHSPEED_v0_NM Member=Component R22 0R
Added Member To Class: ClassName=HIGHSPEED_v0_NM Member=Component R23 0R
Added Member To Class: ClassName=HIGHSPEED_v0_NM Member=Component R24 0R
Added Member To Class: ClassName=HIGHSPEED_v0_NM Member=Component R25 0R
Added Member To Class: ClassName=HIGHSPEED_v0_NM Member=Component R26 0R
Added Member To Class: ClassName=HIGHSPEED_v0_NM Member=Component R27 0R
Added Member To Class: ClassName=HIGHSPEED_v0_NM Member=Component R28 0R
Added Member To Class: ClassName=HIGHSPEED_v0_NM Member=Component R29 0R
Added Member To Class: ClassName=HIGHSPEED_v0_NM Member=Component R30 0R
Added Member To Class: ClassName=HIGHSPEED_v0_NM Member=Component R31 0R
Added Member To Class: ClassName=HIGHSPEED_v0_NM Member=Component R32 0R
Added Member To Class: ClassName=HIGHSPEED_v0_NM Member=Component R33 0R
Added Member To Class: ClassName=HIGHSPEED_v0_NM Member=Component R34 0R
Added Member To Class: ClassName=HIGHSPEED_v0_NM Member=Component R35 0R
Added Member To Class: ClassName=HIGHSPEED_v0_NM Member=Component R36 0R
Added Member To Class: ClassName=HIGHSPEED_v0_RADIO Member=Component R37 Res3
Added Member To Class: ClassName=HIGHSPEED_v0_RADIO Member=Component R38 Res3
