Change Component Designator: Old Designator=C31 New Designator=C?
Change Component Designator: Old Designator=C32 New Designator=C?
Change Component Designator: Old Designator=C33 New Designator=C?
Change Component Designator: Old Designator=C34 New Designator=C?
Change Component Designator: Old Designator=C35 New Designator=C?
Change Component Designator: Old Designator=C36 New Designator=C?
Change Component Designator: Old Designator=C37 New Designator=C?
Change Component Designator: Old Designator=C38 New Designator=C?
Change Component Designator: Old Designator=C39 New Designator=C?
Change Component Designator: Old Designator=C40 New Designator=C?
Change Component Designator: Old Designator=C41 New Designator=C?
Change Component Designator: Old Designator=CW1 New Designator=CW?
Change Component Designator: Old Designator=CW2 New Designator=CW?
Change Component Designator: Old Designator=J1 New Designator=J?
Change Component Designator: Old Designator=L6 New Designator=L?
Change Component Designator: Old Designator=LED2 New Designator=LED?
Change Component Designator: Old Designator=LED3 New Designator=LED?
Change Component Designator: Old Designator=LED4 New Designator=LED?
Change Component Designator: Old Designator=LED5 New Designator=LED?
Change Component Designator: Old Designator=R7 New Designator=R?
Change Component Designator: Old Designator=R8 New Designator=R?
Change Component Designator: Old Designator=Rc9 New Designator=Rc?
Change Component Designator: Old Designator=Rc10 New Designator=Rc?
Change Component Designator: Old Designator=RcC1 New Designator=RcC?
Change Component Designator: Old Designator=RcD1 New Designator=RcD?
Change Component Designator: Old Designator=RVREG1 New Designator=RVREG?
Change Component Designator: Old Designator=YW2 New Designator=YW?
