Added Component: Designator=U?(BGA_NORDIC)
Added Pin To Net: NetName=VDD_1V8 Pin=U?-A1
Added Pin To Net: NetName=XC1 Pin=U?-A2
Added Pin To Net: NetName=XC2 Pin=U?-A3
Added Pin To Net: NetName=NetCr5_2 Pin=U?-A4
Added Pin To Net: NetName=SPI_SDO Pin=U?-A6
Added Pin To Net: NetName=GND Pin=U?-B1
Added Pin To Net: NetName=GND Pin=U?-B4
Added Pin To Net: NetName=SPI_CLK Pin=U?-B7
Added Pin To Net: NetName=VDD_1V8 Pin=U?-B8
Added Pin To Net: NetName=ANT2 Pin=U?-C1
Added Pin To Net: NetName=SPI_SDI Pin=U?-C5
Added Pin To Net: NetName=SPI_NCS Pin=U?-C7
Added Pin To Net: NetName=GND Pin=U?-C8
Added Pin To Net: NetName=JTAG.TCK Pin=U?-C9
Added Pin To Net: NetName=ANT1 Pin=U?-D1
Added Pin To Net: NetName=GND Pin=U?-D7
Added Pin To Net: NetName=NetU?_D8 Pin=U?-D8
Added Pin To Net: NetName=JTAG.TDO Pin=U?-D9
Added Pin To Net: NetName=VDD_PA Pin=U?-E1
Added Pin To Net: NetName=NetU?_E8 Pin=U?-E8
Added Pin To Net: NetName=JTAG.TMS Pin=U?-E9
Added Pin To Net: NetName=VDD_1V8 Pin=U?-F1
Added Pin To Net: NetName=CM_CHARGE_I Pin=U?-F8
Added Pin To Net: NetName=JTAG.TDI Pin=U?-F9
Added Pin To Net: NetName=GND Pin=U?-G6
Added Pin To Net: NetName=GND Pin=U?-G9
Added Pin To Net: NetName=SWCLK Pin=U?-H2
Added Pin To Net: NetName=GND Pin=U?-H3
Added Pin To Net: NetName=VDD_1V8 Pin=U?-H8
Added Pin To Net: NetName=JTAG.T\R\S\T\ Pin=U?-H9
Added Pin To Net: NetName=SWDIO Pin=U?-J2
Added Pin To Net: NetName=NetU?_J4 Pin=U?-J4
Added Pin To Net: NetName=NetU?_J5 Pin=U?-J5
Added Pin To Net: NetName=DRDY_OUT Pin=U?-J6
Added Pin To Net: NetName=DRDY_NRF Pin=U?-J7
Added Pin To Net: NetName=NetU2_36 Pin=U?-J8
Added Member To Class: ClassName=HIGHSPEED_v0_RADIO Member=Component U? NRF51822-CFAC-R
