Change Component Designator: Old Designator=C67 New Designator=C?
Change Component Designator: Old Designator=C68 New Designator=C?
Change Component Designator: Old Designator=C69 New Designator=C?
Change Component Designator: Old Designator=C70 New Designator=C?
Change Component Designator: Old Designator=C71 New Designator=C?
Change Component Designator: Old Designator=C72 New Designator=C?
Change Component Designator: Old Designator=C73 New Designator=C?
Change Component Designator: Old Designator=C74 New Designator=C?
Change Component Designator: Old Designator=C75 New Designator=C?
Change Component Designator: Old Designator=C76 New Designator=C?
Change Component Designator: Old Designator=C79 New Designator=C?
Change Component Designator: Old Designator=C80 New Designator=C?
Change Component Designator: Old Designator=C81 New Designator=C?
Change Component Designator: Old Designator=C97 New Designator=C?
Change Component Designator: Old Designator=C98 New Designator=C?
Change Component Designator: Old Designator=C99 New Designator=C?
Change Component Designator: Old Designator=C100 New Designator=C?
Change Component Designator: Old Designator=C101 New Designator=C?
Change Component Designator: Old Designator=Cb1 New Designator=Cb?
Change Component Designator: Old Designator=Cb2 New Designator=Cb?
Change Component Designator: Old Designator=Cb3 New Designator=Cb?
Change Component Designator: Old Designator=Cb4 New Designator=Cb?
Change Component Designator: Old Designator=Cb5 New Designator=Cb?
Change Component Designator: Old Designator=Cb6 New Designator=Cb?
Change Component Designator: Old Designator=Cb7 New Designator=Cb?
Change Component Designator: Old Designator=Cb8 New Designator=Cb?
Change Component Designator: Old Designator=Cb9 New Designator=Cb?
Change Component Designator: Old Designator=Cb10 New Designator=Cb?
Change Component Designator: Old Designator=Cb11 New Designator=Cb?
Change Component Designator: Old Designator=Cb12 New Designator=Cb?
Change Component Designator: Old Designator=Cb21 New Designator=Cb?
Change Component Designator: Old Designator=Cb22 New Designator=Cb?
Change Component Designator: Old Designator=Cb23 New Designator=Cb?
Change Component Designator: Old Designator=Cb24 New Designator=Cb?
Change Component Designator: Old Designator=Cb25 New Designator=Cb?
Change Component Designator: Old Designator=Cb26 New Designator=Cb?
Change Component Designator: Old Designator=Cb27 New Designator=Cb?
Change Component Designator: Old Designator=Cb28 New Designator=Cb?
Change Component Designator: Old Designator=Cb30 New Designator=Cb?
Change Component Designator: Old Designator=Cb31 New Designator=Cb?
Change Component Designator: Old Designator=Cb41 New Designator=Cb?
Change Component Designator: Old Designator=Cb42 New Designator=Cb?
Change Component Designator: Old Designator=Cb43 New Designator=Cb?
Change Component Designator: Old Designator=Cb44 New Designator=Cb?
Change Component Designator: Old Designator=Cb45 New Designator=Cb?
Change Component Designator: Old Designator=Cb46 New Designator=Cb?
Change Component Designator: Old Designator=Cb47 New Designator=Cb?
Change Component Designator: Old Designator=Cb50 New Designator=Cb?
Change Component Designator: Old Designator=Cb60 New Designator=Cb?
Change Component Designator: Old Designator=Cb70 New Designator=Cb?
Change Component Designator: Old Designator=Cb71 New Designator=Cb?
Change Component Designator: Old Designator=Cb72 New Designator=Cb?
Change Component Designator: Old Designator=Cb73 New Designator=Cb?
Change Component Designator: Old Designator=Cb80 New Designator=Cb?
Change Component Designator: Old Designator=Cb90 New Designator=Cb?
Change Component Designator: Old Designator=Cb91 New Designator=Cb?
Change Component Designator: Old Designator=Cb92 New Designator=Cb?
Change Component Designator: Old Designator=Cb93 New Designator=Cb?
Change Component Designator: Old Designator=Cb95 New Designator=Cb?
Change Component Designator: Old Designator=Cb96 New Designator=Cb?
Change Component Designator: Old Designator=Cb97 New Designator=Cb?
Change Component Designator: Old Designator=CbA0 New Designator=CbA?
Change Component Designator: Old Designator=CbA1 New Designator=CbA?
Change Component Designator: Old Designator=CbB0 New Designator=CbB?
Change Component Designator: Old Designator=Cs1 New Designator=Cs?
Change Component Designator: Old Designator=Cs2 New Designator=Cs?
Change Component Designator: Old Designator=Cs3 New Designator=Cs?
Change Component Designator: Old Designator=Cs4 New Designator=Cs?
Change Component Designator: Old Designator=Cs5 New Designator=Cs?
Change Component Designator: Old Designator=Cs6 New Designator=Cs?
Change Component Designator: Old Designator=Cs7 New Designator=Cs?
Change Component Designator: Old Designator=Cs8 New Designator=Cs?
Change Component Designator: Old Designator=Cs9 New Designator=Cs?
Change Component Designator: Old Designator=D3 New Designator=D?
Change Component Designator: Old Designator=D4 New Designator=D?
Change Component Designator: Old Designator=L4 New Designator=L?
Change Component Designator: Old Designator=Ls1 New Designator=Ls?
Change Component Designator: Old Designator=Ls2 New Designator=Ls?
Change Component Designator: Old Designator=Ls3 New Designator=Ls?
Change Component Designator: Old Designator=Ls4 New Designator=Ls?
Change Component Designator: Old Designator=R40 New Designator=R?
Change Component Designator: Old Designator=R43 New Designator=R?
Change Component Designator: Old Designator=R54 New Designator=R?
Change Component Designator: Old Designator=Rs1 New Designator=Rs?
Change Component Designator: Old Designator=Rs2 New Designator=Rs?
Change Component Designator: Old Designator=U5 New Designator=U?
Change Component Designator: Old Designator=U6 New Designator=U?
Change Component Designator: Old Designator=U6 New Designator=U?
Change Component Designator: Old Designator=U7 New Designator=U?
Change Component Designator: Old Designator=U7 New Designator=U?
Change Component Designator: Old Designator=U8 New Designator=U?
Change Component Designator: Old Designator=U9 New Designator=U?
Change Component Designator: Old Designator=U26 New Designator=U?
