Removed Pin From Net: NetName=NetD3_1 Pin=D1-1
Removed Pin From Net: NetName=VDD_3V3 Pin=R4-1
Removed Pin From Net: NetName=VDD_1V8 Pin=R5-1
Removed Pin From Net: NetName=NetD5_1 Pin=R5-2
Removed Pin From Net: NetName=DVDD Pin=YW1-4
Change Component Footprint: Designator=U2 Old Footprint=QFN56_M New Footprint=QFN56_M
Added Component: Designator=D3(0603)
Added Component: Designator=D4(0603)
Added Component: Designator=P?(HDR1X2)
Added Component: Designator=P?(HDR2X16)
Added Component: Designator=R7(res_0402_R - modified)
Added Component: Designator=R8(res_0402_R - modified)
Added Component: Designator=R?(0402)
Added Component: Designator=R?(0402)
Added Component: Designator=R?(0402)
Added Component: Designator=R?(0402)
Added Component: Designator=R?(0402)
Added Component: Designator=R?(0402)
Added Component: Designator=R?(0402)
Added Component: Designator=R?(0402)
Added Component: Designator=R?(0402)
Added Component: Designator=R?(0402)
Added Component: Designator=R?(0402)
Added Pin To Net: NetName=NetD1_1 Pin=D1-1
Added Pin To Net: NetName=NetD3_1 Pin=D1-1
Added Pin To Net: NetName=GND Pin=D1-2
Added Pin To Net: NetName=GND Pin=D2-2
Added Pin To Net: NetName=GND Pin=P?-1
Added Pin To Net: NetName=VCC_5 Pin=P?-1
Added Pin To Net: NetName=GND Pin=P?-2
Added Pin To Net: NetName=GND Pin=P?-3
Added Pin To Net: NetName=GND Pin=P?-4
Added Pin To Net: NetName=GND Pin=P?-5
Added Pin To Net: NetName=GND Pin=P?-7
Added Pin To Net: NetName=GND Pin=P?-9
Added Pin To Net: NetName=GND Pin=P?-11
Added Pin To Net: NetName=GND Pin=P?-13
Added Pin To Net: NetName=GND Pin=P?-14
Added Pin To Net: NetName=GND Pin=P?-15
Added Pin To Net: NetName=GND Pin=P?-17
Added Pin To Net: NetName=GND Pin=P?-19
Added Pin To Net: NetName=GND Pin=P?-20
Added Pin To Net: NetName=GND Pin=P?-21
Added Pin To Net: NetName=GND Pin=P?-22
Added Pin To Net: NetName=GND Pin=P?-23
Added Pin To Net: NetName=GND Pin=P?-24
Added Pin To Net: NetName=GND Pin=P?-25
Added Pin To Net: NetName=GND Pin=P?-27
Added Pin To Net: NetName=GND Pin=P?-29
Added Pin To Net: NetName=GND Pin=P?-31
Added Pin To Net: NetName=NetR4_1 Pin=R4-1
Added Pin To Net: NetName=NetR5_1 Pin=R5-1
Added Pin To Net: NetName=NetD1_1 Pin=R5-2
Added Pin To Net: NetName=VDD_3V3 Pin=R4-1
Added Pin To Net: NetName=VDD_1V8 Pin=R5-1
Added Pin To Net: NetName=NetD5_1 Pin=R5-2
Added Pin To Net: NetName=VDD_1V8 Pin=YW1-4
Added Pin To Net: NetName=GND Pin=YW1-2
Added Pin To Net: NetName=DVDD Pin=YW1-4
Change Net Name : Old Net Name=NetD4_1 New Net Name=NetD2_1
Added Pin To Net: NetName=NetD4_1 Pin=D2-1
Added Pin To Net: NetName=NetD4_1 Pin=R4-2
Added Net: Name=NetD4_1
Added Pin To Net: NetName=NetP?_2 Pin=P?-2
Added Pin To Net: NetName=NetP?_2 Pin=R?-2
Added Net: Name=NetP?_2
Added Pin To Net: NetName=NetP?_6 Pin=P?-6
Added Pin To Net: NetName=NetP?_6 Pin=R?-2
Added Net: Name=NetP?_6
Added Pin To Net: NetName=NetP?_8 Pin=P?-8
Added Pin To Net: NetName=NetP?_8 Pin=R?-2
Added Net: Name=NetP?_8
Added Pin To Net: NetName=NetP?_10 Pin=P?-10
Added Pin To Net: NetName=NetP?_10 Pin=R?-2
Added Net: Name=NetP?_10
Added Pin To Net: NetName=NetP?_12 Pin=P?-12
Added Pin To Net: NetName=NetP?_12 Pin=R?-2
Added Net: Name=NetP?_12
Added Pin To Net: NetName=NetP?_16 Pin=P?-16
Added Pin To Net: NetName=NetP?_16 Pin=R?-2
Added Net: Name=NetP?_16
Added Pin To Net: NetName=NetP?_18 Pin=P?-18
Added Pin To Net: NetName=NetP?_18 Pin=R?-2
Added Net: Name=NetP?_18
Added Pin To Net: NetName=NetP?_26 Pin=P?-26
Added Pin To Net: NetName=NetP?_26 Pin=R?-1
Added Net: Name=NetP?_26
Added Pin To Net: NetName=NetP?_28 Pin=P?-28
Added Pin To Net: NetName=NetP?_28 Pin=R?-1
Added Net: Name=NetP?_28
Added Pin To Net: NetName=NetP?_30 Pin=P?-30
Added Pin To Net: NetName=NetP?_30 Pin=R?-1
Added Net: Name=NetP?_30
Added Pin To Net: NetName=NetP?_32 Pin=P?-32
Added Pin To Net: NetName=NetP?_32 Pin=R?-1
Added Net: Name=NetP?_32
Added Pin To Net: NetName=NetR?_1 Pin=R?-1
Added Pin To Net: NetName=NetR?_1 Pin=U100-22
Added Net: Name=NetR?_1
Added Pin To Net: NetName=NetR?_2 Pin=R?-2
Added Pin To Net: NetName=NetR?_2 Pin=U100-31
Added Net: Name=NetR?_2
Added Member To Class: ClassName=HIGHSPEED_v0_SF2-COMM Member=Component P? Header 16X2
Added Member To Class: ClassName=HIGHSPEED_v0_SF2-POWER Member=Component P? Header 2
Added Member To Class: ClassName=HIGHSPEED_v0_SF2-COMM Member=Component R? 0R
