Removed Pin From Net: NetName=NetD3_1 Pin=D1-1
Removed Pin From Net: NetName=NetD4_1 Pin=D2-1
Removed Pin From Net: NetName=NetP2_26 Pin=R15-2
Removed Pin From Net: NetName=NetP2_2 Pin=R16-2
Removed Pin From Net: NetName=NetP2_28 Pin=R17-2
Removed Pin From Net: NetName=NetP2_30 Pin=R18-2
Removed Pin From Net: NetName=NetR16_1 Pin=U2-22
Removed Pin From Net: NetName=NetR18_1 Pin=U2-32
Removed Pin From Net: NetName=NetR17_1 Pin=U2-33
Removed Pin From Net: NetName=NetR15_1 Pin=U2-34
Removed Pin From Net: NetName=DVDD Pin=YW1-4
Change Component Designator: OldDesignator=R19 NewDesignator=R23
Change Component Designator: OldDesignator=R20 NewDesignator=R24
Change Component Designator: OldDesignator=R21 NewDesignator=R25
Change Component Designator: OldDesignator=R22 NewDesignator=R26
Change Component Designator: OldDesignator=R23 NewDesignator=R27
Change Component Designator: OldDesignator=R24 NewDesignator=R28
Change Component Designator: OldDesignator=R25 NewDesignator=R29
Change Component Designator: OldDesignator=R26 NewDesignator=R30
Change Component Designator: OldDesignator=R27 NewDesignator=R31
Change Component Designator: OldDesignator=R28 NewDesignator=R32
Change Component Designator: OldDesignator=R29 NewDesignator=R33
Change Component Designator: OldDesignator=R30 NewDesignator=R34
Change Component Designator: OldDesignator=R31 NewDesignator=R35
Change Component Designator: OldDesignator=R32 NewDesignator=R36
Change Component Designator: OldDesignator=R33 NewDesignator=R37
Change Component Designator: OldDesignator=R34 NewDesignator=R38
Change Component Designator: OldDesignator=R35 NewDesignator=R39
Change Component Designator: OldDesignator=R36 NewDesignator=R40
Change Component Designator: OldDesignator=R37 NewDesignator=R41
Change Component Designator: OldDesignator=R38 NewDesignator=R42
Change Component Designator: OldDesignator=R39 NewDesignator=R43
Change Component Designator: OldDesignator=R40 NewDesignator=R44
Change Component Designator: OldDesignator=R41 NewDesignator=R45
Change Component Designator: OldDesignator=R42 NewDesignator=R46
Change Component Designator: OldDesignator=R43 NewDesignator=R47
Change Component Designator: OldDesignator=R44 NewDesignator=R48
Added Component: Designator=D3(0603)
Added Component: Designator=D4(0603)
Added Component: Designator=R19(0402)
Added Component: Designator=R20(0402)
Added Component: Designator=R21(0402)
Added Component: Designator=R22(0402)
Added Pin To Net: NetName=NetD1_1 Pin=D1-1
Added Pin To Net: NetName=NetD2_1 Pin=D2-1
Added Pin To Net: NetName=NetD3_1 Pin=D1-1
Added Pin To Net: NetName=GND Pin=D1-2
Added Pin To Net: NetName=NetD4_1 Pin=D2-1
Added Pin To Net: NetName=GND Pin=D2-2
Added Pin To Net: NetName=NetP2_26 Pin=R15-2
Added Pin To Net: NetName=NetP2_2 Pin=R16-2
Added Pin To Net: NetName=NetP2_28 Pin=R17-2
Added Pin To Net: NetName=NetP2_30 Pin=R18-2
Added Pin To Net: NetName=NetR18_1 Pin=U2-39
Added Pin To Net: NetName=NetR17_1 Pin=U2-40
Added Pin To Net: NetName=NetR16_1 Pin=U2-41
Added Pin To Net: NetName=NetR15_1 Pin=U2-43
Added Pin To Net: NetName=VDD_1V8 Pin=YW1-4
Added Pin To Net: NetName=GND Pin=YW1-2
Added Pin To Net: NetName=DVDD Pin=YW1-4
Change Net Name : Old Net Name=NetR19_1 New Net Name=NetR23_1
Change Net Name : Old Net Name=NetR20_1 New Net Name=NetR24_1
Change Net Name : Old Net Name=NetR21_2 New Net Name=NetR25_2
Change Net Name : Old Net Name=NetR22_1 New Net Name=NetR26_1
Change Net Name : Old Net Name=NetR23_1 New Net Name=NetR27_1
Change Net Name : Old Net Name=NetR24_2 New Net Name=NetR28_2
Change Net Name : Old Net Name=NetR25_1 New Net Name=NetR29_1
Change Net Name : Old Net Name=NetR26_1 New Net Name=NetR30_1
Change Net Name : Old Net Name=NetR27_2 New Net Name=NetR31_2
Change Net Name : Old Net Name=NetR28_1 New Net Name=NetR32_1
Change Net Name : Old Net Name=NetR29_1 New Net Name=NetR33_1
Change Net Name : Old Net Name=NetR30_2 New Net Name=NetR34_2
Change Net Name : Old Net Name=NetR31_1 New Net Name=NetR35_1
Change Net Name : Old Net Name=NetR32_1 New Net Name=NetR36_1
Change Net Name : Old Net Name=NetR33_1 New Net Name=NetR37_1
Change Net Name : Old Net Name=NetR34_1 New Net Name=NetR38_1
Change Net Name : Old Net Name=NetR35_1 New Net Name=NetR39_1
Change Net Name : Old Net Name=NetR36_1 New Net Name=NetR40_1
Change Net Name : Old Net Name=NetR37_1 New Net Name=NetR41_1
Change Net Name : Old Net Name=NetR38_1 New Net Name=NetR42_1
Change Net Name : Old Net Name=NetR42_1 New Net Name=NetR46_1
Change Net Name : Old Net Name=NetR44_1 New Net Name=NetR48_1
Added Pin To Net: NetName=NetR15_2 Pin=R15-2
Added Net: Name=NetR15_2
Added Pin To Net: NetName=NetR16_2 Pin=R16-2
Added Net: Name=NetR16_2
Added Pin To Net: NetName=NetR17_2 Pin=R17-2
Added Pin To Net: NetName=NetR17_2 Pin=U3-40
Added Net: Name=NetR17_2
Added Pin To Net: NetName=NetR18_2 Pin=R18-2
Added Pin To Net: NetName=NetR18_2 Pin=U3-39
Added Net: Name=NetR18_2
Added Pin To Net: NetName=NetR19_1 Pin=R15-1
Added Pin To Net: NetName=NetR19_1 Pin=U2-34
Added Net: Name=NetR19_1
Added Pin To Net: NetName=NetR20_1 Pin=R16-1
Added Pin To Net: NetName=NetR20_1 Pin=U2-22
Added Net: Name=NetR20_1
Added Pin To Net: NetName=NetR21_1 Pin=R17-1
Added Pin To Net: NetName=NetR21_1 Pin=U2-33
Added Net: Name=NetR21_1
Added Pin To Net: NetName=NetR22_1 Pin=R18-1
Added Pin To Net: NetName=NetR22_1 Pin=U2-32
Added Net: Name=NetR22_1
Added Member To Class: ClassName=HIGHSPEED_v0_NM Member=Component R37 0R
Added Member To Class: ClassName=HIGHSPEED_v0_NM Member=Component R38 0R
Added Member To Class: ClassName=HIGHSPEED_v0_NM Member=Component R39 0R
Added Member To Class: ClassName=HIGHSPEED_v0_NM Member=Component R40 0R
