Removed Pin From Net: NetName=GND Pin=PW1-0
Removed Pin From Net: NetName=NetPW1_1 Pin=PW1-1
Removed Pin From Net: NetName=VBAT Pin=PW1-2
Removed Pin From Net: NetName=VBAT Pin=PW1-3
Removed Pin From Net: NetName=GND Pin=PW1-4
Removed Pin From Net: NetName=NetPW1_5 Pin=PW1-5
Removed Pin From Net: NetName=NetPW1_6 Pin=PW1-6
Removed Pin From Net: NetName=NetPW1_7 Pin=PW1-7
Removed Pin From Net: NetName=GND Pin=PW1-8
Removed Pin From Net: NetName=NetPW1_9 Pin=PW1-9
Removed Pin From Net: NetName=VSYS Pin=PW1-10
Removed Pin From Net: NetName=VSYS Pin=PW1-11
Removed Pin From Net: NetName=NetPW1_12 Pin=PW1-12
Removed Pin From Net: NetName=VUSB Pin=PW1-13
Removed Pin From Net: NetName=GND Pin=PW1-14
Removed Pin From Net: NetName=SYSOFF Pin=PW1-15
Removed Pin From Net: NetName=NetPW1_16 Pin=PW1-16
Added Component: Designator=PW1(RGT0016C_SMALL)
Added Pin To Net: NetName=GND Pin=PW1-0
Added Pin To Net: NetName=NetPW1_1 Pin=PW1-1
Added Pin To Net: NetName=VBAT Pin=PW1-2
Added Pin To Net: NetName=VBAT Pin=PW1-3
Added Pin To Net: NetName=GND Pin=PW1-4
Added Pin To Net: NetName=NetPW1_5 Pin=PW1-5
Added Pin To Net: NetName=NetPW1_6 Pin=PW1-6
Added Pin To Net: NetName=NetPW1_7 Pin=PW1-7
Added Pin To Net: NetName=GND Pin=PW1-8
Added Pin To Net: NetName=NetPW1_9 Pin=PW1-9
Added Pin To Net: NetName=VSYS Pin=PW1-10
Added Pin To Net: NetName=VSYS Pin=PW1-11
Added Pin To Net: NetName=NetPW1_12 Pin=PW1-12
Added Pin To Net: NetName=VUSB Pin=PW1-13
Added Pin To Net: NetName=GND Pin=PW1-14
Added Pin To Net: NetName=SYSOFF Pin=PW1-15
Added Pin To Net: NetName=NetPW1_16 Pin=PW1-16
