Added Component: Designator=CW1(0402)
Added Component: Designator=CW2(0402)
Added Pin To Net: NetName=XC1 Pin=C1-1
Added Pin To Net: NetName=GND Pin=C1-2
Added Pin To Net: NetName=XC2 Pin=C2-1
Added Pin To Net: NetName=GND Pin=C2-2
Added Pin To Net: NetName=GND Pin=C3-1
Added Pin To Net: NetName=GND Pin=C4-1
Added Pin To Net: NetName=RF Pin=C4-2
Added Pin To Net: NetName=DEC1 Pin=C5-1
Added Pin To Net: NetName=GND Pin=C5-2
Added Pin To Net: NetName=VDD_NRF Pin=C6-1
Added Pin To Net: NetName=GND Pin=C6-2
Added Pin To Net: NetName=VDD_NRF Pin=C7-1
Added Pin To Net: NetName=GND Pin=C7-2
Added Pin To Net: NetName=VDD_NRF Pin=C8-1
Added Pin To Net: NetName=GND Pin=C8-2
Added Pin To Net: NetName=GND Pin=C9-2
Added Pin To Net: NetName=DEC3 Pin=C11-1
Added Pin To Net: NetName=GND Pin=C11-2
Added Pin To Net: NetName=VDD_NRF Pin=C12-1
Added Pin To Net: NetName=GND Pin=C12-2
Added Pin To Net: NetName=GND Pin=C13-2
Added Pin To Net: NetName=VDD_NRF Pin=C14-1
Added Pin To Net: NetName=GND Pin=C14-2
Added Pin To Net: NetName=GND Pin=C15-1
Added Pin To Net: NetName=DEC4_6 Pin=C15-2
Added Pin To Net: NetName=DEC4_6 Pin=C16-1
Added Pin To Net: NetName=GND Pin=C16-2
Added Pin To Net: NetName=P0.00/XL1 Pin=C17-1
Added Pin To Net: NetName=GND Pin=C17-2
Added Pin To Net: NetName=P0.01/XL2 Pin=C18-1
Added Pin To Net: NetName=GND Pin=C18-2
Added Pin To Net: NetName=VDD_HV Pin=C19-1
Added Pin To Net: NetName=GND Pin=C19-2
Added Pin To Net: NetName=GND Pin=C20-2
Added Pin To Net: NetName=VBUS Pin=C21-1
Added Pin To Net: NetName=GND Pin=C21-2
Added Pin To Net: NetName=RF Pin=C22-1
Added Pin To Net: NetName=GND Pin=C22-2
Added Pin To Net: NetName=GND Pin=CW1-1
Added Pin To Net: NetName=VREG Pin=CW1-2
Added Pin To Net: NetName=GND Pin=CW2-1
Added Pin To Net: NetName=VREG Pin=CW2-2
Added Pin To Net: NetName=RF Pin=L1-2
Added Pin To Net: NetName=DEC4_6 Pin=L3-1
Added Pin To Net: NetName=VDD_NRF Pin=L4-1
Added Pin To Net: NetName=GND Pin=UN-74
Added Pin To Net: NetName=P0.31/AIN7 Pin=UN-A8
Added Pin To Net: NetName=P0.29/AIN5 Pin=UN-A10
Added Pin To Net: NetName=P0.02/AIN0 Pin=UN-A12
Added Pin To Net: NetName=P1.15 Pin=UN-A14
Added Pin To Net: NetName=P1.13 Pin=UN-A16
Added Pin To Net: NetName=P1.10 Pin=UN-A20
Added Pin To Net: NetName=VDD_NRF Pin=UN-A22
Added Pin To Net: NetName=XC2 Pin=UN-A23
Added Pin To Net: NetName=SWDCLK Pin=UN-AA24
Added Pin To Net: NetName=P0.14 Pin=UN-AC9
Added Pin To Net: NetName=P0.16 Pin=UN-AC11
Added Pin To Net: NetName=P0.18/RESET Pin=UN-AC13
Added Pin To Net: NetName=P0.19 Pin=UN-AC15
Added Pin To Net: NetName=P0.21 Pin=UN-AC17
Added Pin To Net: NetName=P0.23 Pin=UN-AC19
Added Pin To Net: NetName=P0.25 Pin=UN-AC21
Added Pin To Net: NetName=SWDIO Pin=UN-AC24
Added Pin To Net: NetName=VBUS Pin=UN-AD2
Added Pin To Net: NetName=D- Pin=UN-AD4
Added Pin To Net: NetName=D+ Pin=UN-AD6
Added Pin To Net: NetName=P0.13 Pin=UN-AD8
Added Pin To Net: NetName=P0.15 Pin=UN-AD10
Added Pin To Net: NetName=P0.17 Pin=UN-AD12
Added Pin To Net: NetName=VDD_NRF Pin=UN-AD14
Added Pin To Net: NetName=P0.20 Pin=UN-AD16
Added Pin To Net: NetName=P0.22 Pin=UN-AD18
Added Pin To Net: NetName=P0.24 Pin=UN-AD20
Added Pin To Net: NetName=P1.00 Pin=UN-AD22
Added Pin To Net: NetName=VDD_NRF Pin=UN-AD23
Added Pin To Net: NetName=VDD_NRF Pin=UN-B1
Added Pin To Net: NetName=DEC4_6 Pin=UN-B5
Added Pin To Net: NetName=GND Pin=UN-B7
Added Pin To Net: NetName=P0.30/AIN6 Pin=UN-B9
Added Pin To Net: NetName=P0.28/AIN4 Pin=UN-B11
Added Pin To Net: NetName=P0.03/AIN1 Pin=UN-B13
Added Pin To Net: NetName=P1.14 Pin=UN-B15
Added Pin To Net: NetName=P1.12 Pin=UN-B17
Added Pin To Net: NetName=P1.11 Pin=UN-B19
Added Pin To Net: NetName=XC1 Pin=UN-B24
Added Pin To Net: NetName=DEC1 Pin=UN-C1
Added Pin To Net: NetName=P0.00/XL1 Pin=UN-D2
Added Pin To Net: NetName=DEC3 Pin=UN-D23
Added Pin To Net: NetName=DEC4_6 Pin=UN-E24
Added Pin To Net: NetName=P0.01/XL2 Pin=UN-F2
Added Pin To Net: NetName=GND Pin=UN-F23
Added Pin To Net: NetName=P0.26 Pin=UN-G1
Added Pin To Net: NetName=P0.27 Pin=UN-H2
Added Pin To Net: NetName=P0.04/AIN2 Pin=UN-J1
Added Pin To Net: NetName=P0.10/NFC2 Pin=UN-J24
Added Pin To Net: NetName=P0.05/AIN3 Pin=UN-K2
Added Pin To Net: NetName=P0.06 Pin=UN-L1
Added Pin To Net: NetName=P0.09/NFC1 Pin=UN-L24
Added Pin To Net: NetName=P0.07 Pin=UN-M2
Added Pin To Net: NetName=P0.08 Pin=UN-N1
Added Pin To Net: NetName=P1.08 Pin=UN-P2
Added Pin To Net: NetName=P1.07 Pin=UN-P23
Added Pin To Net: NetName=P1.09 Pin=UN-R1
Added Pin To Net: NetName=P1.06 Pin=UN-R24
Added Pin To Net: NetName=P0.11 Pin=UN-T2
Added Pin To Net: NetName=P1.05 Pin=UN-T23
Added Pin To Net: NetName=P0.12 Pin=UN-U1
Added Pin To Net: NetName=P1.04 Pin=UN-U24
Added Pin To Net: NetName=P1.03 Pin=UN-V23
Added Pin To Net: NetName=VDD_NRF Pin=UN-W1
Added Pin To Net: NetName=P1.02 Pin=UN-W24
Added Pin To Net: NetName=VDD_HV Pin=UN-Y2
Added Pin To Net: NetName=P1.01 Pin=UN-Y23
Added Pin To Net: NetName=XC1 Pin=X1-1
Added Pin To Net: NetName=GND Pin=X1-2
Added Pin To Net: NetName=XC2 Pin=X1-3
Added Pin To Net: NetName=GND Pin=X1-4
Added Pin To Net: NetName=P0.00/XL1 Pin=X2-1
Added Pin To Net: NetName=P0.01/XL2 Pin=X2-2
Added Pin To Net: NetName=NetC3_2 Pin=C3-2
Added Pin To Net: NetName=NetC3_2 Pin=L1-1
Added Pin To Net: NetName=NetC3_2 Pin=UN-H23
Added Net: Name=NetC3_2
Added Pin To Net: NetName=NetC9_1 Pin=C9-1
Added Pin To Net: NetName=NetC9_1 Pin=UN-N24
Added Net: Name=NetC9_1
Added Pin To Net: NetName=NetC13_1 Pin=C13-1
Added Pin To Net: NetName=NetC13_1 Pin=UN-A18
Added Net: Name=NetC13_1
Added Pin To Net: NetName=NetC20_1 Pin=C20-1
Added Pin To Net: NetName=NetC20_1 Pin=UN-AC5
Added Net: Name=NetC20_1
Added Pin To Net: NetName=NetL2_1 Pin=L2-1
Added Pin To Net: NetName=NetL2_1 Pin=L3-2
Added Net: Name=NetL2_1
Added Pin To Net: NetName=NetL2_2 Pin=L2-2
Added Pin To Net: NetName=NetL2_2 Pin=UN-B3
Added Net: Name=NetL2_2
Added Pin To Net: NetName=NetL4_2 Pin=L4-2
Added Pin To Net: NetName=NetL4_2 Pin=UN-AB2
Added Net: Name=NetL4_2
Added Member To Class: ClassName=NRF Member=Component C1 12pF
Added Member To Class: ClassName=NRF Member=Component C2 12pF
Added Member To Class: ClassName=NRF Member=Component C3 1.0pF
Added Member To Class: ClassName=NRF Member=Component C4 1.0pF
Added Member To Class: ClassName=NRF Member=Component C5 100nF
Added Member To Class: ClassName=NRF Member=Component C6 4.7µF
Added Member To Class: ClassName=NRF Member=Component C7 100nF
Added Member To Class: ClassName=NRF Member=Component C8 100nF
Added Member To Class: ClassName=NRF Member=Component C9 820pF
Added Member To Class: ClassName=NRF Member=Component C11 100pF
Added Member To Class: ClassName=NRF Member=Component C12 100nF
Added Member To Class: ClassName=NRF Member=Component C13 N.C.
Added Member To Class: ClassName=NRF Member=Component C14 1.0µF
Added Member To Class: ClassName=NRF Member=Component C15 1.0µF
Added Member To Class: ClassName=NRF Member=Component C16 47nF
Added Member To Class: ClassName=NRF Member=Component C17 12pF
Added Member To Class: ClassName=NRF Member=Component C18 12pF
Added Member To Class: ClassName=NRF Member=Component C19 4.7µF
Added Member To Class: ClassName=NRF Member=Component C20 4.7µF
Added Member To Class: ClassName=NRF Member=Component C21 4.7µF
Added Member To Class: ClassName=NRF Member=Component C22 N.C.
Added Member To Class: ClassName=MRWOLF Member=Component CW1 4.7uF
Added Member To Class: ClassName=MRWOLF Member=Component CW2 100nF
Added Member To Class: ClassName=NRF Member=Component L1 3.9nH
Added Member To Class: ClassName=NRF Member=Component L2 10µH
Added Member To Class: ClassName=NRF Member=Component L3 15nH
Added Member To Class: ClassName=NRF Member=Component L4 10µH
Added Member To Class: ClassName=NRF Member=Component UN nRF52840-QIAA
Added Member To Class: ClassName=NRF Member=Component X1 32MHz
Added Member To Class: ClassName=NRF Member=Component X2 32.768kHz
