Added Component: Designator=J1(541045096)
Added Component: Designator=LW1(BOUR-IND-SRN4026)
Added Component: Designator=U?(QFN50P900X900X100_HS-65N)
Added Component: Designator=UN(AQFN50P700X700X85_HS-74N)
Added Component: Designator=YW(SiT1533-C)
Added Pin To Net: NetName=BOOTSEL Pin=U?-1
Added Net: Name=BOOTSEL
Added Pin To Net: NetName=CAM.DATA0 Pin=U?-19
Added Net: Name=CAM.DATA0
Added Pin To Net: NetName=CAM.DATA1 Pin=U?-20
Added Net: Name=CAM.DATA1
Added Pin To Net: NetName=CAM.DATA2 Pin=U?-21
Added Net: Name=CAM.DATA2
Added Pin To Net: NetName=CAM.DATA3 Pin=U?-22
Added Net: Name=CAM.DATA3
Added Pin To Net: NetName=CAM.DATA4 Pin=U?-23
Added Net: Name=CAM.DATA4
Added Pin To Net: NetName=CAM.DATA5 Pin=U?-24
Added Net: Name=CAM.DATA5
Added Pin To Net: NetName=CAM.DATA6 Pin=U?-25
Added Net: Name=CAM.DATA6
Added Pin To Net: NetName=CAM.DATA7 Pin=U?-27
Added Net: Name=CAM.DATA7
Added Pin To Net: NetName=CAM.HSYNC Pin=U?-18
Added Net: Name=CAM.HSYNC
Added Pin To Net: NetName=CAM.PCLK Pin=U?-17
Added Net: Name=CAM.PCLK
Added Pin To Net: NetName=CAM.VSYNC Pin=U?-28
Added Net: Name=CAM.VSYNC
Added Pin To Net: NetName=D+ Pin=UN-AD6
Added Net: Name=D+
Added Pin To Net: NetName=D- Pin=UN-AD4
Added Net: Name=D-
Added Pin To Net: NetName=DEC1 Pin=UN-C1
Added Net: Name=DEC1
Added Pin To Net: NetName=DEC3 Pin=UN-D23
Added Net: Name=DEC3
Added Pin To Net: NetName=DEC4_6 Pin=UN-B5
Added Pin To Net: NetName=DEC4_6 Pin=UN-E24
Added Net: Name=DEC4_6
Added Pin To Net: NetName=GND Pin=U?-49
Added Pin To Net: NetName=GND Pin=U?-65
Added Pin To Net: NetName=GND Pin=UN-74
Added Pin To Net: NetName=GND Pin=UN-B7
Added Pin To Net: NetName=GND Pin=UN-F23
Added Pin To Net: NetName=GND Pin=YW-2
Added Net: Name=GND
Added Pin To Net: NetName=HYPER_0.C\K\ Pin=U?-14
Added Net: Name=HYPER_0.C\K\
Added Pin To Net: NetName=HYPER_0.C\S\ Pin=U?-15
Added Net: Name=HYPER_0.C\S\
Added Pin To Net: NetName=HYPER_0.CK Pin=U?-13
Added Net: Name=HYPER_0.CK
Added Pin To Net: NetName=HYPER_0.DQ0 Pin=U?-10
Added Net: Name=HYPER_0.DQ0
Added Pin To Net: NetName=HYPER_0.DQ1 Pin=U?-9
Added Net: Name=HYPER_0.DQ1
Added Pin To Net: NetName=HYPER_0.DQ2 Pin=U?-8
Added Net: Name=HYPER_0.DQ2
Added Pin To Net: NetName=HYPER_0.DQ3 Pin=U?-7
Added Net: Name=HYPER_0.DQ3
Added Pin To Net: NetName=HYPER_0.DQ4 Pin=U?-5
Added Net: Name=HYPER_0.DQ4
Added Pin To Net: NetName=HYPER_0.DQ5 Pin=U?-4
Added Net: Name=HYPER_0.DQ5
Added Pin To Net: NetName=HYPER_0.DQ6 Pin=U?-3
Added Net: Name=HYPER_0.DQ6
Added Pin To Net: NetName=HYPER_0.DQ7 Pin=U?-2
Added Net: Name=HYPER_0.DQ7
Added Pin To Net: NetName=HYPER_0.RWDS Pin=U?-11
Added Net: Name=HYPER_0.RWDS
Added Pin To Net: NetName=HYPER_1.C\S\ Pin=U?-16
Added Net: Name=HYPER_1.C\S\
Added Pin To Net: NetName=I2C.SCL Pin=U?-63
Added Net: Name=I2C.SCL
Added Pin To Net: NetName=I2C.SDA Pin=U?-64
Added Net: Name=I2C.SDA
Added Pin To Net: NetName=I2S0_SCK Pin=U?-43
Added Net: Name=I2S0_SCK
Added Pin To Net: NetName=I2S0_SDI Pin=U?-41
Added Net: Name=I2S0_SDI
Added Pin To Net: NetName=I2S0_WS Pin=U?-42
Added Net: Name=I2S0_WS
Added Pin To Net: NetName=I2S1_SDI Pin=U?-39
Added Net: Name=I2S1_SDI
Added Pin To Net: NetName=JTAG.T\R\S\T\ Pin=U?-48
Added Net: Name=JTAG.T\R\S\T\
Added Pin To Net: NetName=JTAG.TCK Pin=U?-44
Added Net: Name=JTAG.TCK
Added Pin To Net: NetName=JTAG.TDI Pin=U?-47
Added Net: Name=JTAG.TDI
Added Pin To Net: NetName=JTAG.TDO Pin=U?-46
Added Net: Name=JTAG.TDO
Added Pin To Net: NetName=JTAG.TMS Pin=U?-45
Added Net: Name=JTAG.TMS
Added Pin To Net: NetName=NetCN9_1 Pin=UN-A18
Added Net: Name=NetCN9_1
Added Pin To Net: NetName=NetCN15_2 Pin=UN-H23
Added Net: Name=NetCN15_2
Added Pin To Net: NetName=NetCN18_1 Pin=UN-N24
Added Net: Name=NetCN18_1
Added Pin To Net: NetName=NetCN22_1 Pin=UN-AC5
Added Net: Name=NetCN22_1
Added Pin To Net: NetName=NetLN1_2 Pin=UN-AB2
Added Net: Name=NetLN1_2
Added Net: Name=NetLN2_2
Added Pin To Net: NetName=NetLN3_2 Pin=UN-B3
Added Net: Name=NetLN3_2
Added Pin To Net: NetName=NetLW1_2 Pin=LW1-2
Added Pin To Net: NetName=NetLW1_2 Pin=U?-50
Added Net: Name=NetLW1_2
Added Pin To Net: NetName=NetU?_62 Pin=U?-62
Added Pin To Net: NetName=NetU?_62 Pin=YW-3
Added Net: Name=NetU?_62
Added Pin To Net: NetName=P0.00/XL1 Pin=UN-D2
Added Net: Name=P0.00/XL1
Added Pin To Net: NetName=P0.01/XL2 Pin=UN-F2
Added Net: Name=P0.01/XL2
Added Pin To Net: NetName=P0.02/AIN0 Pin=UN-A12
Added Net: Name=P0.02/AIN0
Added Pin To Net: NetName=P0.03/AIN1 Pin=UN-B13
Added Net: Name=P0.03/AIN1
Added Pin To Net: NetName=P0.04/AIN2 Pin=UN-J1
Added Net: Name=P0.04/AIN2
Added Pin To Net: NetName=P0.05/AIN3 Pin=UN-K2
Added Net: Name=P0.05/AIN3
Added Pin To Net: NetName=P0.06 Pin=UN-L1
Added Net: Name=P0.06
Added Pin To Net: NetName=P0.07 Pin=UN-M2
Added Net: Name=P0.07
Added Pin To Net: NetName=P0.08 Pin=UN-N1
Added Net: Name=P0.08
Added Pin To Net: NetName=P0.09/NFC1 Pin=UN-L24
Added Net: Name=P0.09/NFC1
Added Pin To Net: NetName=P0.10/NFC2 Pin=UN-J24
Added Net: Name=P0.10/NFC2
Added Pin To Net: NetName=P0.11 Pin=UN-T2
Added Net: Name=P0.11
Added Pin To Net: NetName=P0.12 Pin=UN-U1
Added Net: Name=P0.12
Added Pin To Net: NetName=P0.13 Pin=UN-AD8
Added Net: Name=P0.13
Added Pin To Net: NetName=P0.14 Pin=UN-AC9
Added Net: Name=P0.14
Added Pin To Net: NetName=P0.15 Pin=UN-AD10
Added Net: Name=P0.15
Added Pin To Net: NetName=P0.16 Pin=UN-AC11
Added Net: Name=P0.16
Added Pin To Net: NetName=P0.17 Pin=UN-AD12
Added Net: Name=P0.17
Added Pin To Net: NetName=P0.18/RESET Pin=UN-AC13
Added Net: Name=P0.18/RESET
Added Pin To Net: NetName=P0.19 Pin=UN-AC15
Added Net: Name=P0.19
Added Pin To Net: NetName=P0.20 Pin=UN-AD16
Added Net: Name=P0.20
Added Pin To Net: NetName=P0.21 Pin=UN-AC17
Added Net: Name=P0.21
Added Pin To Net: NetName=P0.22 Pin=UN-AD18
Added Net: Name=P0.22
Added Pin To Net: NetName=P0.23 Pin=UN-AC19
Added Net: Name=P0.23
Added Pin To Net: NetName=P0.24 Pin=UN-AD20
Added Net: Name=P0.24
Added Pin To Net: NetName=P0.25 Pin=UN-AC21
Added Net: Name=P0.25
Added Pin To Net: NetName=P0.26 Pin=UN-G1
Added Net: Name=P0.26
Added Pin To Net: NetName=P0.27 Pin=UN-H2
Added Net: Name=P0.27
Added Pin To Net: NetName=P0.28/AIN4 Pin=UN-B11
Added Net: Name=P0.28/AIN4
Added Pin To Net: NetName=P0.29/AIN5 Pin=UN-A10
Added Net: Name=P0.29/AIN5
Added Pin To Net: NetName=P0.30/AIN6 Pin=UN-B9
Added Net: Name=P0.30/AIN6
Added Pin To Net: NetName=P0.31/AIN7 Pin=UN-A8
Added Net: Name=P0.31/AIN7
Added Pin To Net: NetName=P1.00 Pin=UN-AD22
Added Net: Name=P1.00
Added Pin To Net: NetName=P1.01 Pin=UN-Y23
Added Net: Name=P1.01
Added Pin To Net: NetName=P1.02 Pin=UN-W24
Added Net: Name=P1.02
Added Pin To Net: NetName=P1.03 Pin=UN-V23
Added Net: Name=P1.03
Added Pin To Net: NetName=P1.04 Pin=UN-U24
Added Net: Name=P1.04
Added Pin To Net: NetName=P1.05 Pin=UN-T23
Added Net: Name=P1.05
Added Pin To Net: NetName=P1.06 Pin=UN-R24
Added Net: Name=P1.06
Added Pin To Net: NetName=P1.07 Pin=UN-P23
Added Net: Name=P1.07
Added Pin To Net: NetName=P1.08 Pin=UN-P2
Added Net: Name=P1.08
Added Pin To Net: NetName=P1.09 Pin=UN-R1
Added Net: Name=P1.09
Added Pin To Net: NetName=P1.10 Pin=UN-A20
Added Net: Name=P1.10
Added Pin To Net: NetName=P1.11 Pin=UN-B19
Added Net: Name=P1.11
Added Pin To Net: NetName=P1.12 Pin=UN-B17
Added Net: Name=P1.12
Added Pin To Net: NetName=P1.13 Pin=UN-A16
Added Net: Name=P1.13
Added Pin To Net: NetName=P1.14 Pin=UN-B15
Added Net: Name=P1.14
Added Pin To Net: NetName=P1.15 Pin=UN-A14
Added Net: Name=P1.15
Added Pin To Net: NetName=POR_N Pin=U?-57
Added Net: Name=POR_N
Added Pin To Net: NetName=PULP_RST Pin=U?-60
Added Net: Name=PULP_RST
Added Net: Name=RF
Added Pin To Net: NetName=SPIM_0.C\S\ Pin=U?-38
Added Net: Name=SPIM_0.C\S\
Added Pin To Net: NetName=SPIM_0.SCK Pin=U?-30
Added Net: Name=SPIM_0.SCK
Added Pin To Net: NetName=SPIM_0.SIO0 Pin=U?-31
Added Net: Name=SPIM_0.SIO0
Added Pin To Net: NetName=SPIM_0.SIO1 Pin=U?-33
Added Net: Name=SPIM_0.SIO1
Added Pin To Net: NetName=SPIM_0.SIO2 Pin=U?-34
Added Net: Name=SPIM_0.SIO2
Added Pin To Net: NetName=SPIM_0.SIO3 Pin=U?-35
Added Net: Name=SPIM_0.SIO3
Added Pin To Net: NetName=SPIM_1.C\S\ Pin=U?-36
Added Net: Name=SPIM_1.C\S\
Added Pin To Net: NetName=SWDCLK Pin=UN-AA24
Added Net: Name=SWDCLK
Added Pin To Net: NetName=SWDIO Pin=UN-AC24
Added Net: Name=SWDIO
Added Pin To Net: NetName=UART.RX Pin=U?-58
Added Net: Name=UART.RX
Added Pin To Net: NetName=UART.TX Pin=U?-59
Added Net: Name=UART.TX
Added Pin To Net: NetName=V1.8 Pin=YW-4
Added Net: Name=V1.8
Added Pin To Net: NetName=VAVD Pin=U?-52
Added Pin To Net: NetName=VAVD Pin=U?-53
Added Net: Name=VAVD
Added Pin To Net: NetName=VBUS Pin=UN-AD2
Added Net: Name=VBUS
Added Pin To Net: NetName=VCLU Pin=U?-29
Added Pin To Net: NetName=VCLU Pin=U?-32
Added Pin To Net: NetName=VCLU Pin=U?-37
Added Net: Name=VCLU
Added Pin To Net: NetName=VDD_HV Pin=UN-Y2
Added Net: Name=VDD_HV
Added Pin To Net: NetName=VDD_NRF Pin=UN-A22
Added Pin To Net: NetName=VDD_NRF Pin=UN-AD14
Added Pin To Net: NetName=VDD_NRF Pin=UN-AD23
Added Pin To Net: NetName=VDD_NRF Pin=UN-B1
Added Pin To Net: NetName=VDD_NRF Pin=UN-W1
Added Net: Name=VDD_NRF
Added Pin To Net: NetName=VIO Pin=U?-6
Added Pin To Net: NetName=VIO Pin=U?-12
Added Pin To Net: NetName=VIO Pin=U?-26
Added Pin To Net: NetName=VIO Pin=U?-40
Added Net: Name=VIO
Added Pin To Net: NetName=VREG Pin=LW1-1
Added Pin To Net: NetName=VREG Pin=U?-54
Added Pin To Net: NetName=VREG Pin=U?-56
Added Net: Name=VREG
Added Pin To Net: NetName=VSOC Pin=U?-61
Added Net: Name=VSOC
Added Pin To Net: NetName=XC1 Pin=UN-B24
Added Net: Name=XC1
Added Pin To Net: NetName=XC2 Pin=UN-A23
Added Net: Name=XC2
Added Class: Name=CNCTS
Added Class: Name=MRWOLF
Added Class: Name=NRF
Added Room: Name=CNCTS
Added Room: Name=MRWOLF
Added Room: Name=NRF
