Change Component Designator: OldDesignator=U? NewDesignator=U1
Added Component: Designator=CC1(1608[0603])
Added Component: Designator=CC2(1608[0603])
Added Component: Designator=CC3(1608[0603])
Added Component: Designator=CC4(1608[0603])
Added Component: Designator=R1(J1-0603)
Added Component: Designator=R2(J1-0603)
Added Component: Designator=R3(J1-0603)
Added Component: Designator=R4(J1-0603)
Added Component: Designator=R5(0402)
Added Component: Designator=R6(0402)
Added Component: Designator=R7(0402)
Added Component: Designator=R8(0402)
Added Component: Designator=R9(J1-0603)
Added Component: Designator=R10(J1-0603)
Added Component: Designator=R11(J1-0603)
Added Pin To Net: NetName=GND Pin=CC1-1
Added Pin To Net: NetName=GND Pin=CC2-1
Added Pin To Net: NetName=GND Pin=CC3-1
Added Pin To Net: NetName=GND Pin=CC4-1
Added Pin To Net: NetName=GND Pin=R1-2
Added Pin To Net: NetName=GND Pin=R2-2
Added Pin To Net: NetName=GND Pin=R3-2
Added Pin To Net: NetName=GND Pin=R5-1
Added Pin To Net: NetName=GND Pin=R7-1
Change Net Name : Old Net Name=NetU?_62 New Net Name=NetU1_62
Added Pin To Net: NetName=BAT_IN Pin=CC4-2
Added Pin To Net: NetName=BAT_IN Pin=R11-2
Added Net: Name=BAT_IN
Added Pin To Net: NetName=DVDD Pin=R9-2
Added Pin To Net: NetName=DVDD Pin=R10-2
Added Net: Name=DVDD
Added Pin To Net: NetName=NetCC3_2 Pin=CC3-2
Added Net: Name=NetCC3_2
Added Pin To Net: NetName=NetPW1_1 Pin=R2-1
Added Net: Name=NetPW1_1
Added Pin To Net: NetName=NetPW1_5 Pin=R5-2
Added Pin To Net: NetName=NetPW1_5 Pin=R6-2
Added Net: Name=NetPW1_5
Added Pin To Net: NetName=NetPW1_6 Pin=R7-2
Added Pin To Net: NetName=NetPW1_6 Pin=R8-2
Added Net: Name=NetPW1_6
Added Net: Name=NetPW1_7
Added Net: Name=NetPW1_9
Added Pin To Net: NetName=NetPW1_12 Pin=R3-1
Added Net: Name=NetPW1_12
Added Pin To Net: NetName=NetPW1_16 Pin=R1-1
Added Net: Name=NetPW1_16
Added Pin To Net: NetName=NetPW2_1 Pin=R9-1
Added Net: Name=NetPW2_1
Added Pin To Net: NetName=NetPW2_2 Pin=R10-1
Added Net: Name=NetPW2_2
Added Pin To Net: NetName=NetR4_1 Pin=R4-1
Added Net: Name=NetR4_1
Added Net: Name=SYSOFF
Added Pin To Net: NetName=VBAT Pin=CC2-2
Added Pin To Net: NetName=VBAT Pin=R4-2
Added Pin To Net: NetName=VBAT Pin=R11-1
Added Net: Name=VBAT
Added Pin To Net: NetName=VSYS Pin=R6-1
Added Pin To Net: NetName=VSYS Pin=R8-1
Added Net: Name=VSYS
Added Pin To Net: NetName=VUSB Pin=CC1-2
Added Net: Name=VUSB
Added Class: Name=BATTERY
Added Room: Name=BATTERY
