Removed Pin From Net: NetName=REF Pin=ADC1-1
Removed Pin From Net: NetName=EL8 Pin=ADC1-2
Removed Pin From Net: NetName=REF Pin=ADC1-3
Removed Pin From Net: NetName=EL7 Pin=ADC1-4
Removed Pin From Net: NetName=REF Pin=ADC1-5
Removed Pin From Net: NetName=EL6 Pin=ADC1-6
Removed Pin From Net: NetName=REF Pin=ADC1-7
Removed Pin From Net: NetName=EL5 Pin=ADC1-8
Removed Pin From Net: NetName=REF Pin=ADC1-9
Removed Pin From Net: NetName=EL4 Pin=ADC1-10
Removed Pin From Net: NetName=REF Pin=ADC1-11
Removed Pin From Net: NetName=EL3 Pin=ADC1-12
Removed Pin From Net: NetName=REF Pin=ADC1-13
Removed Pin From Net: NetName=EL2 Pin=ADC1-14
Removed Pin From Net: NetName=REF Pin=ADC1-15
Removed Pin From Net: NetName=EL1 Pin=ADC1-16
Removed Pin From Net: NetName=AVDD Pin=ADC1-19
Removed Pin From Net: NetName=AGND Pin=ADC1-20
Removed Pin From Net: NetName=AVDD Pin=ADC1-21
Removed Pin From Net: NetName=AVDD Pin=ADC1-22
Removed Pin From Net: NetName=AGND Pin=ADC1-23
Removed Pin From Net: NetName=VREFP Pin=ADC1-24
Removed Pin From Net: NetName=AGND Pin=ADC1-25
Removed Pin From Net: NetName=VCAP4 Pin=ADC1-26
Removed Pin From Net: NetName=VCAP1 Pin=ADC1-28
Removed Pin From Net: NetName=VCAP2 Pin=ADC1-30
Removed Pin From Net: NetName=AGND Pin=ADC1-32
Removed Pin From Net: NetName=DGND Pin=ADC1-33
Removed Pin From Net: NetName=DGND Pin=ADC1-38
Removed Pin From Net: NetName=DGND Pin=ADC1-41
Removed Pin From Net: NetName=DVDD Pin=ADC1-48
Removed Pin From Net: NetName=DGND Pin=ADC1-49
Removed Pin From Net: NetName=DVDD Pin=ADC1-50
Removed Pin From Net: NetName=DGND Pin=ADC1-51
Removed Pin From Net: NetName=DVDD Pin=ADC1-52
Removed Pin From Net: NetName=AGND Pin=ADC1-53
Removed Pin From Net: NetName=AVDD Pin=ADC1-54
Removed Pin From Net: NetName=VCAP3 Pin=ADC1-55
Removed Pin From Net: NetName=AVDD Pin=ADC1-56
Removed Pin From Net: NetName=AGND Pin=ADC1-57
Removed Pin From Net: NetName=AGND Pin=ADC1-58
Removed Pin From Net: NetName=AVDD Pin=ADC1-59
Removed Pin From Net: NetName=WCT Pin=ADC1-64
Change Component DesignItemId : Designator=ADC1 Old DesignItemId=ADS1298 New DesignItemId=ADS1298_BGA
Change Component Footprint: Designator=ADC1 Old Footprint=LQFP64_M New Footprint=LFBGA64
Change Component Comment : Designator=ADC1 Old Comment=ADS1298 New Comment=ADS1298BGA
Added Pin To Net: NetName=REF Pin=ADC1-A1
Added Pin To Net: NetName=EL8 Pin=ADC1-A2
Added Pin To Net: NetName=REF Pin=ADC1-A3
Added Pin To Net: NetName=EL7 Pin=ADC1-A4
Added Pin To Net: NetName=REF Pin=ADC1-A5
Added Pin To Net: NetName=EL6 Pin=ADC1-A6
Added Pin To Net: NetName=REF Pin=ADC1-A7
Added Pin To Net: NetName=EL5 Pin=ADC1-A8
Added Net: Name=NetADC1_A34
Added Net: Name=NetADC1_A35
Added Net: Name=NetADC1_A36
Added Net: Name=NetADC1_A39
Added Net: Name=NetADC1_A40
Added Net: Name=NetADC1_A43
Added Net: Name=NetADC1_A47
