Added Component: Designator=CC?(1608[0603])
Added Component: Designator=CC?(1608[0603])
Added Component: Designator=L?(6-0805_N)
Added Component: Designator=P2(SOT23-6_N)
Added Component: Designator=PJ(HDR1X9)
Added Component: Designator=R?(0402)
Added Component: Designator=R?(0402)
Added Pin To Net: NetName=DVDD Pin=C10-2
Added Pin To Net: NetName=DVDD Pin=C24-2
Added Pin To Net: NetName=DVDD Pin=C25-2
Added Pin To Net: NetName=DVDD Pin=C26-2
Added Pin To Net: NetName=DVDD Pin=C27-2
Added Pin To Net: NetName=DVDD Pin=C28-2
Added Pin To Net: NetName=DVDD Pin=C29-2
Added Pin To Net: NetName=DVDD Pin=C30-2
Added Pin To Net: NetName=DVDD Pin=C31-2
Added Pin To Net: NetName=DVDD Pin=C32-2
Added Pin To Net: NetName=GND Pin=CC?-1
Added Pin To Net: NetName=GND Pin=CC?-1
Added Pin To Net: NetName=DVDD Pin=CC?-2
Added Pin To Net: NetName=VSYS Pin=CC?-2
Added Pin To Net: NetName=DVDD Pin=L?-1
Added Pin To Net: NetName=VSYS Pin=L?-2
Added Pin To Net: NetName=VSYS Pin=P2-1
Added Pin To Net: NetName=GND Pin=P2-2
Added Pin To Net: NetName=DVDD Pin=P2-3
Added Pin To Net: NetName=VSYS Pin=P2-4
Added Pin To Net: NetName=P0.07 Pin=PJ-1
Added Pin To Net: NetName=JTAG.T\R\S\T\ Pin=PJ-2
Added Pin To Net: NetName=JTAG.TCK Pin=PJ-3
Added Pin To Net: NetName=JTAG.TMS Pin=PJ-4
Added Pin To Net: NetName=JTAG.TDI Pin=PJ-5
Added Pin To Net: NetName=JTAG.TDO Pin=PJ-6
Added Pin To Net: NetName=GND Pin=PJ-8
Added Pin To Net: NetName=DVDD Pin=PJ-9
Added Pin To Net: NetName=DVDD Pin=R?-1
Added Pin To Net: NetName=GND Pin=R?-2
Added Pin To Net: NetName=DVDD Pin=U1-6
Added Pin To Net: NetName=DVDD Pin=U1-12
Added Pin To Net: NetName=DVDD Pin=U1-26
Added Pin To Net: NetName=DVDD Pin=U1-29
Added Pin To Net: NetName=DVDD Pin=U1-32
Added Pin To Net: NetName=DVDD Pin=U1-37
Added Pin To Net: NetName=DVDD Pin=U1-40
Added Pin To Net: NetName=DVDD Pin=U1-52
Added Pin To Net: NetName=DVDD Pin=U1-53
Added Pin To Net: NetName=P0.07 Pin=U1-60
Added Pin To Net: NetName=DVDD Pin=U1-61
Added Pin To Net: NetName=NetP2_5 Pin=P2-5
Added Pin To Net: NetName=NetP2_5 Pin=R?-1
Added Pin To Net: NetName=NetP2_5 Pin=R?-2
Added Net: Name=NetP2_5
Added Member To Class: ClassName=BATTERY Member=Component CC? Cap Semi
Added Member To Class: ClassName=BATTERY Member=Component CC? Cap Semi
Added Member To Class: ClassName=BATTERY Member=Component L? 
Added Member To Class: ClassName=BATTERY Member=Component P2 LTC3560
Added Member To Class: ClassName=MRWOLF Member=Component PJ Header 9
Added Member To Class: ClassName=BATTERY Member=Component R? 150K
Added Member To Class: ClassName=BATTERY Member=Component R? 300K
Added Room: Name=NRF52832
