Removed Pin From Net: NetName=GND Pin=R?-1
Removed Pin From Net: NetName=NetPW2_10 Pin=R?-2
Change Component Footprint: Designator=CC3 Old Footprint=1608[0603] New Footprint=0402
Change Component Footprint: Designator=CC4 Old Footprint=1608[0603] New Footprint=0402
Change Component Footprint: Designator=CC5 Old Footprint=1608[0603] New Footprint=0402
Change Component Footprint: Designator=CC6 Old Footprint=1608[0603] New Footprint=0402
Change Component Footprint: Designator=CC7 Old Footprint=1608[0603] New Footprint=0402
Change Component Footprint: Designator=CC8 Old Footprint=1608[0603] New Footprint=0402
Change Component Footprint: Designator=CC9 Old Footprint=1608[0603] New Footprint=0402
Change Component Footprint: Designator=CC10 Old Footprint=1608[0603] New Footprint=0402
Change Component Footprint: Designator=CC11 Old Footprint=1608[0603] New Footprint=0402
Change Component Footprint: Designator=CC12 Old Footprint=1608[0603] New Footprint=0402
Change Component Footprint: Designator=CC13 Old Footprint=1608[0603] New Footprint=0402
Change Component Footprint: Designator=CC14 Old Footprint=1608[0603] New Footprint=0402
Change Component Footprint: Designator=CC15 Old Footprint=1608[0603] New Footprint=0402
Change Component Footprint: Designator=CC16 Old Footprint=1608[0603] New Footprint=0402
Change Component Footprint: Designator=CC21 Old Footprint=1608[0603] New Footprint=0402
Added Component: Designator=R?(0402)
Added Pin To Net: NetName=NetPW2_10 Pin=R?-1
Added Pin To Net: NetName=GND Pin=R?-2
Added Member To Class: ClassName=BATTERY Member=Component R? 10K
Added Member To Class: ClassName=BATTERY Member=Component R? 10K
