Added Component: Designator=C10(0402)
Added Component: Designator=C24(0402)
Added Component: Designator=C25(0402)
Added Component: Designator=C26(0402)
Added Component: Designator=C27(0402)
Added Component: Designator=C28(0402)
Added Component: Designator=C29(0402)
Added Component: Designator=C30(0402)
Added Component: Designator=C31(0402)
Added Component: Designator=C32(0402)
Added Pin To Net: NetName=GND Pin=C10-1
Added Pin To Net: NetName=VAVD Pin=C10-2
Added Pin To Net: NetName=GND Pin=C24-1
Added Pin To Net: NetName=VAVD Pin=C24-2
Added Pin To Net: NetName=GND Pin=C25-1
Added Pin To Net: NetName=VIO Pin=C25-2
Added Pin To Net: NetName=GND Pin=C26-1
Added Pin To Net: NetName=VIO Pin=C26-2
Added Pin To Net: NetName=GND Pin=C27-1
Added Pin To Net: NetName=VIO Pin=C27-2
Added Pin To Net: NetName=GND Pin=C28-1
Added Pin To Net: NetName=VIO Pin=C28-2
Added Pin To Net: NetName=GND Pin=C29-1
Added Pin To Net: NetName=VSOC Pin=C29-2
Added Pin To Net: NetName=GND Pin=C30-1
Added Pin To Net: NetName=VCLU Pin=C30-2
Added Pin To Net: NetName=GND Pin=C31-1
Added Pin To Net: NetName=VCLU Pin=C31-2
Added Pin To Net: NetName=GND Pin=C32-1
Added Pin To Net: NetName=VCLU Pin=C32-2
Added Member To Class: ClassName=MRWOLF Member=Component C10 100nF
Added Member To Class: ClassName=MRWOLF Member=Component C24 100nF
Added Member To Class: ClassName=MRWOLF Member=Component C25 100nF
Added Member To Class: ClassName=MRWOLF Member=Component C26 100nF
Added Member To Class: ClassName=MRWOLF Member=Component C27 100nF
Added Member To Class: ClassName=MRWOLF Member=Component C28 100nF
Added Member To Class: ClassName=MRWOLF Member=Component C29 100nF
Added Member To Class: ClassName=MRWOLF Member=Component C30 100nF
Added Member To Class: ClassName=MRWOLF Member=Component C31 100nF
Added Member To Class: ClassName=MRWOLF Member=Component C32 100nF
Added Member To Class: ClassName=BATTERY Member=Component R? 10K
Added Member To Class: ClassName=BATTERY Member=Component R? 10K
