Removed Pin From Net: NetName=BOOTSEL Pin=U1-1
Removed Pin From Net: NetName=HYPER_0.DQ7 Pin=U1-2
Removed Pin From Net: NetName=HYPER_0.DQ6 Pin=U1-3
Removed Pin From Net: NetName=HYPER_0.DQ5 Pin=U1-4
Removed Pin From Net: NetName=HYPER_0.DQ4 Pin=U1-5
Removed Pin From Net: NetName=VIO Pin=U1-6
Removed Pin From Net: NetName=HYPER_0.DQ3 Pin=U1-7
Removed Pin From Net: NetName=HYPER_0.DQ2 Pin=U1-8
Removed Pin From Net: NetName=HYPER_0.DQ1 Pin=U1-9
Removed Pin From Net: NetName=HYPER_0.DQ0 Pin=U1-10
Removed Pin From Net: NetName=HYPER_0.RWDS Pin=U1-11
Removed Pin From Net: NetName=VIO Pin=U1-12
Removed Pin From Net: NetName=HYPER_0.CK Pin=U1-13
Removed Pin From Net: NetName=HYPER_0.C\K\ Pin=U1-14
Removed Pin From Net: NetName=HYPER_0.C\S\ Pin=U1-15
Removed Pin From Net: NetName=HYPER_1.C\S\ Pin=U1-16
Removed Pin From Net: NetName=CAM.PCLK Pin=U1-17
Removed Pin From Net: NetName=CAM.HSYNC Pin=U1-18
Removed Pin From Net: NetName=CAM.DATA0 Pin=U1-19
Removed Pin From Net: NetName=CAM.DATA1 Pin=U1-20
Removed Pin From Net: NetName=CAM.DATA2 Pin=U1-21
Removed Pin From Net: NetName=CAM.DATA3 Pin=U1-22
Removed Pin From Net: NetName=CAM.DATA4 Pin=U1-23
Removed Pin From Net: NetName=CAM.DATA5 Pin=U1-24
Removed Pin From Net: NetName=CAM.DATA6 Pin=U1-25
Removed Pin From Net: NetName=VIO Pin=U1-26
Removed Pin From Net: NetName=CAM.DATA7 Pin=U1-27
Removed Pin From Net: NetName=CAM.VSYNC Pin=U1-28
Removed Pin From Net: NetName=VCLU Pin=U1-29
Removed Pin From Net: NetName=SPIM_0.SCK Pin=U1-30
Removed Pin From Net: NetName=SPIM_0.SIO0 Pin=U1-31
Removed Pin From Net: NetName=VCLU Pin=U1-32
Removed Pin From Net: NetName=SPIM_0.SIO1 Pin=U1-33
Removed Pin From Net: NetName=SPIM_0.SIO2 Pin=U1-34
Removed Pin From Net: NetName=SPIM_0.SIO3 Pin=U1-35
Removed Pin From Net: NetName=SPIM_1.C\S\ Pin=U1-36
Removed Pin From Net: NetName=VCLU Pin=U1-37
Removed Pin From Net: NetName=SPIM_0.C\S\ Pin=U1-38
Removed Pin From Net: NetName=I2S1_SDI Pin=U1-39
Removed Pin From Net: NetName=VIO Pin=U1-40
Removed Pin From Net: NetName=I2S0_SDI Pin=U1-41
Removed Pin From Net: NetName=I2S0_WS Pin=U1-42
Removed Pin From Net: NetName=I2S0_SCK Pin=U1-43
Removed Pin From Net: NetName=JTAG.TCK Pin=U1-44
Removed Pin From Net: NetName=JTAG.TMS Pin=U1-45
Removed Pin From Net: NetName=JTAG.TDO Pin=U1-46
Removed Pin From Net: NetName=JTAG.TDI Pin=U1-47
Removed Pin From Net: NetName=JTAG.T\R\S\T\ Pin=U1-48
Removed Pin From Net: NetName=GND Pin=U1-49
Removed Pin From Net: NetName=NetLW1_2 Pin=U1-50
Removed Pin From Net: NetName=VAVD Pin=U1-52
Removed Pin From Net: NetName=VAVD Pin=U1-53
Removed Pin From Net: NetName=VREG Pin=U1-54
Removed Pin From Net: NetName=VREG Pin=U1-56
Removed Pin From Net: NetName=POR_N Pin=U1-57
Removed Pin From Net: NetName=UART.RX Pin=U1-58
Removed Pin From Net: NetName=UART.TX Pin=U1-59
Removed Pin From Net: NetName=PULP_RST Pin=U1-60
Removed Pin From Net: NetName=VSOC Pin=U1-61
Removed Pin From Net: NetName=NetU1_62 Pin=U1-62
Removed Pin From Net: NetName=I2C.SCL Pin=U1-63
Removed Pin From Net: NetName=I2C.SDA Pin=U1-64
Removed Pin From Net: NetName=GND Pin=U1-65
Added Component: Designator=U1(QFN50P900X900X100_HS_NOVIAS_65M)
Added Pin To Net: NetName=BOOTSEL Pin=U1-1
Added Pin To Net: NetName=HYPER_0.DQ7 Pin=U1-2
Added Pin To Net: NetName=HYPER_0.DQ6 Pin=U1-3
Added Pin To Net: NetName=HYPER_0.DQ5 Pin=U1-4
Added Pin To Net: NetName=HYPER_0.DQ4 Pin=U1-5
Added Pin To Net: NetName=VIO Pin=U1-6
Added Pin To Net: NetName=HYPER_0.DQ3 Pin=U1-7
Added Pin To Net: NetName=HYPER_0.DQ2 Pin=U1-8
Added Pin To Net: NetName=HYPER_0.DQ1 Pin=U1-9
Added Pin To Net: NetName=HYPER_0.DQ0 Pin=U1-10
Added Pin To Net: NetName=HYPER_0.RWDS Pin=U1-11
Added Pin To Net: NetName=VIO Pin=U1-12
Added Pin To Net: NetName=HYPER_0.CK Pin=U1-13
Added Pin To Net: NetName=HYPER_0.C\K\ Pin=U1-14
Added Pin To Net: NetName=HYPER_0.C\S\ Pin=U1-15
Added Pin To Net: NetName=HYPER_1.C\S\ Pin=U1-16
Added Pin To Net: NetName=CAM.PCLK Pin=U1-17
Added Pin To Net: NetName=CAM.HSYNC Pin=U1-18
Added Pin To Net: NetName=CAM.DATA0 Pin=U1-19
Added Pin To Net: NetName=CAM.DATA1 Pin=U1-20
Added Pin To Net: NetName=CAM.DATA2 Pin=U1-21
Added Pin To Net: NetName=CAM.DATA3 Pin=U1-22
Added Pin To Net: NetName=CAM.DATA4 Pin=U1-23
Added Pin To Net: NetName=CAM.DATA5 Pin=U1-24
Added Pin To Net: NetName=CAM.DATA6 Pin=U1-25
Added Pin To Net: NetName=VIO Pin=U1-26
Added Pin To Net: NetName=CAM.DATA7 Pin=U1-27
Added Pin To Net: NetName=CAM.VSYNC Pin=U1-28
Added Pin To Net: NetName=VCLU Pin=U1-29
Added Pin To Net: NetName=SPIM_0.SCK Pin=U1-30
Added Pin To Net: NetName=SPIM_0.SIO0 Pin=U1-31
Added Pin To Net: NetName=VCLU Pin=U1-32
Added Pin To Net: NetName=SPIM_0.SIO1 Pin=U1-33
Added Pin To Net: NetName=SPIM_0.SIO2 Pin=U1-34
Added Pin To Net: NetName=SPIM_0.SIO3 Pin=U1-35
Added Pin To Net: NetName=SPIM_1.C\S\ Pin=U1-36
Added Pin To Net: NetName=VCLU Pin=U1-37
Added Pin To Net: NetName=SPIM_0.C\S\ Pin=U1-38
Added Pin To Net: NetName=I2S1_SDI Pin=U1-39
Added Pin To Net: NetName=VIO Pin=U1-40
Added Pin To Net: NetName=I2S0_SDI Pin=U1-41
Added Pin To Net: NetName=I2S0_WS Pin=U1-42
Added Pin To Net: NetName=I2S0_SCK Pin=U1-43
Added Pin To Net: NetName=JTAG.TCK Pin=U1-44
Added Pin To Net: NetName=JTAG.TMS Pin=U1-45
Added Pin To Net: NetName=JTAG.TDO Pin=U1-46
Added Pin To Net: NetName=JTAG.TDI Pin=U1-47
Added Pin To Net: NetName=JTAG.T\R\S\T\ Pin=U1-48
Added Pin To Net: NetName=GND Pin=U1-49
Added Pin To Net: NetName=NetLW1_2 Pin=U1-50
Added Pin To Net: NetName=VAVD Pin=U1-52
Added Pin To Net: NetName=VAVD Pin=U1-53
Added Pin To Net: NetName=VREG Pin=U1-54
Added Pin To Net: NetName=VREG Pin=U1-56
Added Pin To Net: NetName=POR_N Pin=U1-57
Added Pin To Net: NetName=UART.RX Pin=U1-58
Added Pin To Net: NetName=UART.TX Pin=U1-59
Added Pin To Net: NetName=PULP_RST Pin=U1-60
Added Pin To Net: NetName=VSOC Pin=U1-61
Added Pin To Net: NetName=NetU1_62 Pin=U1-62
Added Pin To Net: NetName=I2C.SCL Pin=U1-63
Added Pin To Net: NetName=I2C.SDA Pin=U1-64
Added Pin To Net: NetName=GND Pin=U1-65
