Added Member To Class: ClassName=NRF52832 Member=Component C33 1.0µF
Added Member To Class: ClassName=NRF52832 Member=Component C34 12pF
Added Member To Class: ClassName=NRF52832 Member=Component C35 12pF
Added Member To Class: ClassName=NRF52832 Member=Component C36 12pF
Added Member To Class: ClassName=NRF52832 Member=Component C37 12pF
Added Member To Class: ClassName=NRF52832 Member=Component C38 100nF
Added Member To Class: ClassName=NRF52832 Member=Component C39 4.7µF
Added Member To Class: ClassName=NRF52832 Member=Component C40 12pF
Added Member To Class: ClassName=NRF52832 Member=Component C41 12pF
Added Member To Class: ClassName=NRF52832 Member=Component C42 100nF
Added Member To Class: ClassName=NRF52832 Member=Component C43 100pF
Added Member To Class: ClassName=NRF52832 Member=Component C44 N.C.
Added Member To Class: ClassName=NRF52832 Member=Component C45 0.8pF
Added Member To Class: ClassName=NRF52832 Member=Component C46 12pF
Added Member To Class: ClassName=NRF52832 Member=Component C47 100nF
Added Member To Class: ClassName=NRF52832 Member=Component L5 15nH
Added Member To Class: ClassName=NRF52832 Member=Component L7 3.9nH
Added Member To Class: ClassName=BATTERY Member=Component R? 10K
Added Member To Class: ClassName=BATTERY Member=Component R? 10K
Added Member To Class: ClassName=NRF52832 Member=Component X3 32MHz
Added Member To Class: ClassName=NRF52832 Member=Component X4 32.768kHz
