Removed Pin From Net: NetName=P0.20 Pin=RC1-1
Removed Pin From Net: NetName=NetQ1_1 Pin=RC1-2
Removed Pin From Net: NetName=REF2V Pin=RC2-1
Removed Pin From Net: NetName=NetQ1_2 Pin=RC2-2
Removed Pin From Net: NetName=NetQ1_2 Pin=RC3-1
Removed Pin From Net: NetName=REF1.5V Pin=RC3-2
Removed Pin From Net: NetName=AGND Pin=RC4-1
Removed Pin From Net: NetName=REF1.5V Pin=RC4-2
Removed Member From Class: ClassName=ADC Member=RC1
Removed Member From Class: ClassName=ADC Member=RC2
Removed Member From Class: ClassName=ADC Member=RC3
Removed Member From Class: ClassName=ADC Member=RC4
Change Component Designator: OldDesignator=CC? NewDesignator=CC20
Change Component Designator: OldDesignator=R? NewDesignator=R1
Change Component Designator: OldDesignator=R? NewDesignator=R2
Change Component Designator: OldDesignator=R? NewDesignator=R3
Change Component Designator: OldDesignator=R? NewDesignator=R4
Change Component Designator: OldDesignator=R? NewDesignator=R9
Change Component Designator: OldDesignator=R? NewDesignator=R10
Change Component Designator: OldDesignator=R? NewDesignator=R11
Change Component Designator: OldDesignator=R? NewDesignator=R12
Change Component Designator: OldDesignator=R? NewDesignator=R13
Change Component Designator: OldDesignator=R? NewDesignator=R14
Added Component: Designator=R15(0402)
Added Component: Designator=R16(0402)
Added Component: Designator=R17(0402)
Added Component: Designator=R18(0402)
Added Pin To Net: NetName=P0.20 Pin=R15-1
Added Pin To Net: NetName=NetQ1_1 Pin=R15-2
Added Pin To Net: NetName=REF2V Pin=R16-1
Added Pin To Net: NetName=NetQ1_2 Pin=R16-2
Added Pin To Net: NetName=NetQ1_2 Pin=R17-1
Added Pin To Net: NetName=REF1.5V Pin=R17-2
Added Pin To Net: NetName=AGND Pin=R18-1
Added Pin To Net: NetName=REF1.5V Pin=R18-2
Change Net Name : Old Net Name=NetR?_2 New Net Name=NetR9_2
Added Member To Class: ClassName=BATTERY Member=Component R1 590
Added Member To Class: ClassName=BATTERY Member=Component R2 10K
Added Member To Class: ClassName=BATTERY Member=Component R3 1.1K
Added Member To Class: ClassName=BATTERY Member=Component R4 10K
Added Member To Class: ClassName=BATTERY Member=Component R9 100K
Added Member To Class: ClassName=BATTERY Member=Component R10 10K
Added Member To Class: ClassName=BATTERY Member=Component R11 10K
Added Member To Class: ClassName=BATTERY Member=Component R12 10K
Added Member To Class: ClassName=BATTERY Member=Component R14 0.01
Added Member To Class: ClassName=ADC Member=Component R15 4.7K
Added Member To Class: ClassName=ADC Member=Component R16 4.7K
Added Member To Class: ClassName=ADC Member=Component R17 4.7K
Added Member To Class: ClassName=ADC Member=Component R18 22K
