Change Component Designator: Old Designator=ADC? New Designator=ADC1
Change Component Designator: Old Designator=CC? New Designator=CC5
Change Component Designator: Old Designator=CC? New Designator=CC6
Change Component Designator: Old Designator=CC? New Designator=CC7
Change Component Designator: Old Designator=CC? New Designator=CC8
Change Component Designator: Old Designator=CC? New Designator=CC9
Change Component Designator: Old Designator=CC? New Designator=CC10
Change Component Designator: Old Designator=CC? New Designator=CC11
Change Component Designator: Old Designator=CC? New Designator=CC12
Change Component Designator: Old Designator=CC? New Designator=CC13
Change Component Designator: Old Designator=CC? New Designator=CC14
Change Component Designator: Old Designator=CC? New Designator=CC15
Change Component Designator: Old Designator=CC? New Designator=CC16
Change Component Designator: Old Designator=CC? New Designator=CC17
Change Component Designator: Old Designator=CC? New Designator=CC18
Change Component Designator: Old Designator=CC? New Designator=CC19
Change Component Designator: Old Designator=CC? New Designator=CC20
Change Component Designator: Old Designator=CC? New Designator=CC21
Change Component Designator: Old Designator=PE? New Designator=PE1
Change Component Designator: Old Designator=Q? New Designator=Q1
Change Component Designator: Old Designator=RC? New Designator=RC1
Change Component Designator: Old Designator=RC? New Designator=RC2
Change Component Designator: Old Designator=RC? New Designator=RC3
Change Component Designator: Old Designator=RC? New Designator=RC4
Change Component Designator: Old Designator=U? New Designator=U2
