Removed Pin From Net: NetName=P0.17 Pin=ADC1-36
Removed Pin From Net: NetName=I2S0_SCK Pin=ADC1-47
Removed Pin From Net: NetName=VBAT Pin=RVBAT-2
Removed Pin From Net: NetName=VCLU Pin=RVREG-1
Removed Pin From Net: NetName=DVDD Pin=U1-52
Removed Pin From Net: NetName=DVDD Pin=U1-53
Removed Pin From Net: NetName=I2S0_SCK Pin=U3-14
Change Component Footprint: Designator=CC1 Old Footprint=0402 New Footprint=0603
Change Component Comment : Designator=P1 Old Comment=ADP122_3 New Comment=ADP122_2p5
Change component parameters: Designator = "L1"; Footprint = "6-0805_N"; UniqueID = "\CTSAAGEI"
Change component parameters. Clean all parameters for all variants
Change component parameters (AddParameter): Name = "Code_IEC"; Value = "1005"; VariantName = "[No Variations]"
Change component parameters (AddParameter): Name = "Code_JEITA"; Value = "0402"; VariantName = "[No Variations]"
Change component parameters (AddParameter): Name = "LatestRevisionDate"; Value = "29-May-2009"; VariantName = "[No Variations]"
Change component parameters (AddParameter): Name = "LatestRevisionNote"; Value = "IPC-7351 Footprint Added."; VariantName = "[No Variations]"
Change component parameters (AddParameter): Name = "PackageDescription"; Value = "Chip Inductor"; VariantName = "[No Variations]"
Change component parameters (AddParameter): Name = "PackageReference"; Value = "0402-A"; VariantName = "[No Variations]"
Change component parameters (AddParameter): Name = "Published"; Value = "8-Jun-2000"; VariantName = "[No Variations]"
Change component parameters (AddParameter): Name = "Publisher"; Value = "Altium Limited"; VariantName = "[No Variations]"
Change component parameters (AddParameter): Name = "Value"; Value = "10uH"; VariantName = "[No Variations]"
Change component parameters: Designator = "L2"; Footprint = "1212_PCK"; UniqueID = "\HLUAKUGJ"
Change component parameters. Clean all parameters for all variants
Change component parameters (AddParameter): Name = "Code_IEC"; Value = "1005"; VariantName = "[No Variations]"
Change component parameters (AddParameter): Name = "Code_JEITA"; Value = "0402"; VariantName = "[No Variations]"
Change component parameters (AddParameter): Name = "LatestRevisionDate"; Value = "29-May-2009"; VariantName = "[No Variations]"
Change component parameters (AddParameter): Name = "LatestRevisionNote"; Value = "IPC-7351 Footprint Added."; VariantName = "[No Variations]"
Change component parameters (AddParameter): Name = "PackageDescription"; Value = "Chip Inductor"; VariantName = "[No Variations]"
Change component parameters (AddParameter): Name = "PackageReference"; Value = "0402-A"; VariantName = "[No Variations]"
Change component parameters (AddParameter): Name = "Published"; Value = "8-Jun-2000"; VariantName = "[No Variations]"
Change component parameters (AddParameter): Name = "Publisher"; Value = "Altium Limited"; VariantName = "[No Variations]"
Change component parameters (AddParameter): Name = "Value"; Value = "22uH"; VariantName = "[No Variations]"
Change component parameters: Designator = "RVAVDD"; Footprint = "J1-0603"; UniqueID = "\ISLNKLGU"
Change component parameters. Clean all parameters for all variants
Change component parameters (AddParameter): Name = "LatestRevisionDate"; Value = "29-May-2009"; VariantName = "[No Variations]"
Change component parameters (AddParameter): Name = "LatestRevisionNote"; Value = "IPC-7351 Footprint Added."; VariantName = "[No Variations]"
Change component parameters (AddParameter): Name = "PackageDescription"; Value = "Chip Resistor"; VariantName = "[No Variations]"
Change component parameters (AddParameter): Name = "PackageReference"; Value = "J1-0603"; VariantName = "[No Variations]"
Change component parameters (AddParameter): Name = "Published"; Value = "8-Jun-2000"; VariantName = "[No Variations]"
Change component parameters (AddParameter): Name = "Publisher"; Value = "Altium Limited"; VariantName = "[No Variations]"
Change component parameters (AddParameter): Name = "Value"; Value = "1"; VariantName = "[No Variations]"
Change component parameters: Designator = "RVBAT"; Footprint = "J1-0603"; UniqueID = "\UGSLXVKI"
Change component parameters. Clean all parameters for all variants
Change component parameters (AddParameter): Name = "LatestRevisionDate"; Value = "29-May-2009"; VariantName = "[No Variations]"
Change component parameters (AddParameter): Name = "LatestRevisionNote"; Value = "IPC-7351 Footprint Added."; VariantName = "[No Variations]"
Change component parameters (AddParameter): Name = "PackageDescription"; Value = "Chip Resistor"; VariantName = "[No Variations]"
Change component parameters (AddParameter): Name = "PackageReference"; Value = "J1-0603"; VariantName = "[No Variations]"
Change component parameters (AddParameter): Name = "Published"; Value = "8-Jun-2000"; VariantName = "[No Variations]"
Change component parameters (AddParameter): Name = "Publisher"; Value = "Altium Limited"; VariantName = "[No Variations]"
Change component parameters (AddParameter): Name = "Value"; Value = "1"; VariantName = "[No Variations]"
Change component parameters: Designator = "RVDVDD"; Footprint = "J1-0603"; UniqueID = "\WBDHFTQU"
Change component parameters. Clean all parameters for all variants
Change component parameters (AddParameter): Name = "LatestRevisionDate"; Value = "29-May-2009"; VariantName = "[No Variations]"
Change component parameters (AddParameter): Name = "LatestRevisionNote"; Value = "IPC-7351 Footprint Added."; VariantName = "[No Variations]"
Change component parameters (AddParameter): Name = "PackageDescription"; Value = "Chip Resistor"; VariantName = "[No Variations]"
Change component parameters (AddParameter): Name = "PackageReference"; Value = "J1-0603"; VariantName = "[No Variations]"
Change component parameters (AddParameter): Name = "Published"; Value = "8-Jun-2000"; VariantName = "[No Variations]"
Change component parameters (AddParameter): Name = "Publisher"; Value = "Altium Limited"; VariantName = "[No Variations]"
Change component parameters (AddParameter): Name = "Value"; Value = "1"; VariantName = "[No Variations]"
Change component parameters: Designator = "RVREG"; Footprint = "J1-0603"; UniqueID = "\KYRJSSEK"
Change component parameters. Clean all parameters for all variants
Change component parameters (AddParameter): Name = "LatestRevisionDate"; Value = "29-May-2009"; VariantName = "[No Variations]"
Change component parameters (AddParameter): Name = "LatestRevisionNote"; Value = "IPC-7351 Footprint Added."; VariantName = "[No Variations]"
Change component parameters (AddParameter): Name = "PackageDescription"; Value = "Chip Resistor"; VariantName = "[No Variations]"
Change component parameters (AddParameter): Name = "PackageReference"; Value = "J1-0603"; VariantName = "[No Variations]"
Change component parameters (AddParameter): Name = "Published"; Value = "8-Jun-2000"; VariantName = "[No Variations]"
Change component parameters (AddParameter): Name = "Publisher"; Value = "Altium Limited"; VariantName = "[No Variations]"
Change component parameters (AddParameter): Name = "Value"; Value = "1"; VariantName = "[No Variations]"
Change component parameters: Designator = "RVSP"; Footprint = "J1-0603"; UniqueID = "\FMRSUKUN"
Change component parameters. Clean all parameters for all variants
Change component parameters (AddParameter): Name = "LatestRevisionDate"; Value = "29-May-2009"; VariantName = "[No Variations]"
Change component parameters (AddParameter): Name = "LatestRevisionNote"; Value = "IPC-7351 Footprint Added."; VariantName = "[No Variations]"
Change component parameters (AddParameter): Name = "PackageDescription"; Value = "Chip Resistor"; VariantName = "[No Variations]"
Change component parameters (AddParameter): Name = "PackageReference"; Value = "J1-0603"; VariantName = "[No Variations]"
Change component parameters (AddParameter): Name = "Published"; Value = "8-Jun-2000"; VariantName = "[No Variations]"
Change component parameters (AddParameter): Name = "Publisher"; Value = "Altium Limited"; VariantName = "[No Variations]"
Change component parameters (AddParameter): Name = "Value"; Value = "1"; VariantName = "[No Variations]"
Added Pin To Net: NetName=DVDD Pin=ADC1-36
Added Pin To Net: NetName=I2S0_WS Pin=ADC1-47
Added Pin To Net: NetName=VCLU Pin=CW1-2
Added Pin To Net: NetName=VCLU Pin=CW2-2
Added Pin To Net: NetName=DVDD Pin=J1-1
Added Pin To Net: NetName=VCLU Pin=LW1-1
Added Pin To Net: NetName=BAT_IN Pin=RVBAT-2
Added Pin To Net: NetName=DVDD Pin=RVREG-2
Added Pin To Net: NetName=SP_MS Pin=RVSP-2
Added Pin To Net: NetName=VCLU Pin=U1-54
Added Pin To Net: NetName=VCLU Pin=U1-56
Added Pin To Net: NetName=I2S0_WS Pin=U3-14
Added Pin To Net: NetName=DVDD Pin=YW-4
Change Net Name : Old Net Name=BAT_IN New Net Name=VBAT_IN
Change Net Name : Old Net Name=VBAT_IN New Net Name=VBAT_CONN
Added Pin To Net: NetName=VAVD Pin=RVREG-1
Added Pin To Net: NetName=VAVD Pin=U1-52
Added Pin To Net: NetName=VAVD Pin=U1-53
Added Net: Name=VAVD
Added Room: Name=01_MRWOLF
Added Room: Name=02_NRF52832
Added Room: Name=03_ANALOG
Added Room: Name=04_POWER
