Removed Pin From Net: NetName=REF1.5V Pin=PEL-2
Removed Pin From Net: NetName=ELM8 Pin=PEL-3
Removed Pin From Net: NetName=EL8 Pin=PEL-4
Removed Pin From Net: NetName=ELM7 Pin=PEL-5
Removed Pin From Net: NetName=EL7 Pin=PEL-6
Removed Pin From Net: NetName=ELM6 Pin=PEL-7
Removed Pin From Net: NetName=EL6 Pin=PEL-8
Removed Pin From Net: NetName=ELM5 Pin=PEL-9
Removed Pin From Net: NetName=EL5 Pin=PEL-10
Removed Pin From Net: NetName=AVDD Pin=PEL-11
Removed Pin From Net: NetName=REF Pin=PEL-12
Added Pin To Net: NetName=AVDD Pin=PEL-2
Added Pin To Net: NetName=REF1.5V Pin=PEL-3
Added Pin To Net: NetName=REF Pin=PEL-4
Added Pin To Net: NetName=ELM8 Pin=PEL-5
Added Pin To Net: NetName=EL8 Pin=PEL-6
Added Pin To Net: NetName=ELM7 Pin=PEL-7
Added Pin To Net: NetName=EL7 Pin=PEL-8
Added Pin To Net: NetName=ELM6 Pin=PEL-9
Added Pin To Net: NetName=EL6 Pin=PEL-10
Added Pin To Net: NetName=ELM5 Pin=PEL-11
Added Pin To Net: NetName=EL5 Pin=PEL-12
