Removed Pin From Net: NetName=I2S0_WS Pin=ADC1-47
Removed Pin From Net: NetName=I2S0_WS Pin=U3-14
Change Component Footprint: Designator=XX1 Old Footprint=CAPC1005X04L New Footprint=0402
Change Component Comment : Designator=XX1 Old Comment=???? New Comment=0
Change Component Comment : Designator=X4 Old Comment=ABS07AIG-32.768kHz-9-1-T   New Comment=ABS07AIG-32.768kHz-9-1-T
Change Component Comment : Designator=P1 Old Comment=ADP122_2p7 New Comment=ADP122AUJZ_2p7
Change Component Comment : Designator=ADC1 Old Comment=ADS1298 New Comment=ADS1298IPAG
Change Component Comment : Designator=CC18 Old Comment=Cap Semi New Comment=10uF
Change Component Comment : Designator=CC17 Old Comment=Cap Semi New Comment=100nF
Change Component Comment : Designator=CC19 Old Comment=Cap Semi New Comment=100nF
Change Component Comment : Designator=CC21 Old Comment=Cap Semi New Comment=100nF
Change Component Comment : Designator=X3 Old Comment=FA-128 32.0000MF10Z-AJ3-ND   New Comment=FA-128 32.0000MF10Z-AJ3-ND
Change Component Comment : Designator=L6 Old Comment=L0603B100KDWFT   New Comment=L0603B100KDWFT
Change Component Comment : Designator=L1 Old Comment=MLZ2012N100L   New Comment=MLZ2012N100L
Added Component: Designator=D1(DIOC1608X08L)
Added Pin To Net: NetName=NetD1_1 Pin=D1-1
Added Pin To Net: NetName=DGND Pin=D1-2
Added Pin To Net: NetName=P0.11 Pin=ADC1-47
Added Pin To Net: NetName=P0.11 Pin=U3-14
Added Net: Name=P0.11
Added Member To Class: ClassName=02_NRF52832 Member=Component D1 LED Red
Added Room: Name=01_MRWOLF
Added Room: Name=02_NRF52832
Added Room: Name=03_ANALOG
Added Room: Name=04_POWER
