Removed Pin From Net: NetName=DVDD Pin=*-4
Removed Pin From Net: NetName=GND Pin=CC4-1
Removed Pin From Net: NetName=BAT_IN Pin=CC4-2
Removed Pin From Net: NetName=CS# Pin=U3-15
Removed Pin From Net: NetName=CS_NRF# Pin=U3-16
Removed Member From Class: ClassName=POWER Member=CC?
Change Component Comment : Designator=R4 Old Comment=10K New Comment=100K
Change Component Comment : Designator=R10 Old Comment=10K New Comment=100K
Change Component Comment : Designator=CC4 Old Comment=Cap Semi New Comment=10K
Change Component Designator: OldDesignator=CC4 NewDesignator=R21
Change Component Designator: OldDesignator=CC? NewDesignator=CC4
Added Pin To Net: NetName=VSYS Pin=*-4
Added Pin To Net: NetName=BAT_IN Pin=R21-1
Added Pin To Net: NetName=GND Pin=R21-2
Change Net Name : Old Net Name=NetCC?_1 New Net Name=NetCC4_1
Added Pin To Net: NetName=P0.12 Pin=U3-15
Added Net: Name=P0.12
Added Pin To Net: NetName=P0.13 Pin=U3-16
Added Net: Name=P0.13
Added Member To Class: ClassName=POWER Member=Component R21 10K
