Removed Pin From Net: NetName=EL1 Pin=PE1-1
Removed Pin From Net: NetName=ELM1 Pin=PE1-2
Removed Pin From Net: NetName=EL2 Pin=PE1-3
Removed Pin From Net: NetName=ELM2 Pin=PE1-4
Removed Pin From Net: NetName=EL3 Pin=PE1-5
Removed Pin From Net: NetName=ELM3 Pin=PE1-6
Removed Pin From Net: NetName=EL4 Pin=PE1-7
Removed Pin From Net: NetName=ELM4 Pin=PE1-8
Removed Pin From Net: NetName=REF Pin=PE1-9
Removed Pin From Net: NetName=AVDD Pin=PE1-10
Removed Pin From Net: NetName=EL5 Pin=PE1-11
Removed Pin From Net: NetName=ELM5 Pin=PE1-12
Removed Pin From Net: NetName=EL6 Pin=PE1-13
Removed Pin From Net: NetName=ELM6 Pin=PE1-14
Removed Pin From Net: NetName=EL7 Pin=PE1-15
Removed Pin From Net: NetName=ELM7 Pin=PE1-16
Removed Pin From Net: NetName=EL8 Pin=PE1-17
Removed Pin From Net: NetName=ELM8 Pin=PE1-18
Removed Pin From Net: NetName=REF1.5V Pin=PE1-19
Removed Pin From Net: NetName=AGND Pin=PE1-20
Removed Member From Class: ClassName=03_ANALOG Member=PE1
Change Component Designator: OldDesignator=CC? NewDesignator=CC4
Added Component: Designator=PEL(MOLEX_5051102091)
Added Component: Designator=R1(0402)
Added Component: Designator=R2(0402)
Added Component: Designator=R3(0402)
Added Component: Designator=R4(0402)
Added Component: Designator=R5(0402)
Added Component: Designator=R6(0402)
Added Component: Designator=R7(0402)
Added Component: Designator=R8(0402)
Added Component: Designator=R9(0402)
Added Component: Designator=R10(0402)
Added Component: Designator=R19(0402)
Added Component: Designator=R20(0402)
Added Component: Designator=R21(0402)
Added Component: Designator=R23(0402)
Added Component: Designator=R24(0402)
Added Component: Designator=R25(0402)
Added Component: Designator=R26(0402)
Added Component: Designator=R27(0402)
Added Component: Designator=R28(0402)
Added Component: Designator=R29(0402)
Added Component: Designator=R30(0402)
Added Component: Designator=R31(0402)
Added Component: Designator=R32(0402)
Added Component: Designator=R33(0402)
Added Pin To Net: NetName=AGND Pin=PEL-1
Added Pin To Net: NetName=REF1.5V Pin=PEL-2
Added Pin To Net: NetName=ELM8 Pin=PEL-3
Added Pin To Net: NetName=EL8 Pin=PEL-4
Added Pin To Net: NetName=ELM7 Pin=PEL-5
Added Pin To Net: NetName=EL7 Pin=PEL-6
Added Pin To Net: NetName=ELM6 Pin=PEL-7
Added Pin To Net: NetName=EL6 Pin=PEL-8
Added Pin To Net: NetName=ELM5 Pin=PEL-9
Added Pin To Net: NetName=EL5 Pin=PEL-10
Added Pin To Net: NetName=AVDD Pin=PEL-11
Added Pin To Net: NetName=REF Pin=PEL-12
Added Pin To Net: NetName=ELM4 Pin=PEL-13
Added Pin To Net: NetName=EL4 Pin=PEL-14
Added Pin To Net: NetName=ELM3 Pin=PEL-15
Added Pin To Net: NetName=EL3 Pin=PEL-16
Added Pin To Net: NetName=ELM2 Pin=PEL-17
Added Pin To Net: NetName=EL2 Pin=PEL-18
Added Pin To Net: NetName=ELM1 Pin=PEL-19
Added Pin To Net: NetName=EL1 Pin=PEL-20
Added Pin To Net: NetName=AVDD Pin=R1-1
Added Pin To Net: NetName=EL1 Pin=R1-2
Added Pin To Net: NetName=AVDD Pin=R2-1
Added Pin To Net: NetName=ELM1 Pin=R2-2
Added Pin To Net: NetName=ELM1 Pin=R3-1
Added Pin To Net: NetName=REF1.5V Pin=R3-2
Added Pin To Net: NetName=AVDD Pin=R4-1
Added Pin To Net: NetName=EL2 Pin=R4-2
Added Pin To Net: NetName=AVDD Pin=R5-1
Added Pin To Net: NetName=ELM2 Pin=R5-2
Added Pin To Net: NetName=ELM2 Pin=R6-1
Added Pin To Net: NetName=REF1.5V Pin=R6-2
Added Pin To Net: NetName=AVDD Pin=R7-1
Added Pin To Net: NetName=EL3 Pin=R7-2
Added Pin To Net: NetName=AVDD Pin=R8-1
Added Pin To Net: NetName=ELM3 Pin=R8-2
Added Pin To Net: NetName=ELM3 Pin=R9-1
Added Pin To Net: NetName=REF1.5V Pin=R9-2
Added Pin To Net: NetName=AVDD Pin=R10-1
Added Pin To Net: NetName=EL4 Pin=R10-2
Added Pin To Net: NetName=AVDD Pin=R19-1
Added Pin To Net: NetName=ELM4 Pin=R19-2
Added Pin To Net: NetName=ELM4 Pin=R20-1
Added Pin To Net: NetName=REF1.5V Pin=R20-2
Added Pin To Net: NetName=AVDD Pin=R21-1
Added Pin To Net: NetName=EL5 Pin=R21-2
Added Pin To Net: NetName=AVDD Pin=R23-1
Added Pin To Net: NetName=ELM5 Pin=R23-2
Added Pin To Net: NetName=ELM5 Pin=R24-1
Added Pin To Net: NetName=REF1.5V Pin=R24-2
Added Pin To Net: NetName=AVDD Pin=R25-1
Added Pin To Net: NetName=EL6 Pin=R25-2
Added Pin To Net: NetName=AVDD Pin=R26-1
Added Pin To Net: NetName=ELM6 Pin=R26-2
Added Pin To Net: NetName=ELM6 Pin=R27-1
Added Pin To Net: NetName=REF1.5V Pin=R27-2
Added Pin To Net: NetName=AVDD Pin=R28-1
Added Pin To Net: NetName=EL7 Pin=R28-2
Added Pin To Net: NetName=AVDD Pin=R29-1
Added Pin To Net: NetName=ELM7 Pin=R29-2
Added Pin To Net: NetName=ELM7 Pin=R30-1
Added Pin To Net: NetName=REF1.5V Pin=R30-2
Added Pin To Net: NetName=AVDD Pin=R31-1
Added Pin To Net: NetName=EL8 Pin=R31-2
Added Pin To Net: NetName=AVDD Pin=R32-1
Added Pin To Net: NetName=ELM8 Pin=R32-2
Added Pin To Net: NetName=ELM8 Pin=R33-1
Added Pin To Net: NetName=REF1.5V Pin=R33-2
Added Member To Class: ClassName=03_ANALOG Member=Component PEL MOLEX_5051102091
Added Member To Class: ClassName=03_ANALOG Member=Component R1 4.7K
Added Member To Class: ClassName=03_ANALOG Member=Component R2 4.7K
Added Member To Class: ClassName=03_ANALOG Member=Component R3 0
Added Member To Class: ClassName=03_ANALOG Member=Component R4 4.7K
Added Member To Class: ClassName=03_ANALOG Member=Component R5 4.7K
Added Member To Class: ClassName=03_ANALOG Member=Component R6 0
Added Member To Class: ClassName=03_ANALOG Member=Component R7 4.7K
Added Member To Class: ClassName=03_ANALOG Member=Component R8 4.7K
Added Member To Class: ClassName=03_ANALOG Member=Component R9 0
Added Member To Class: ClassName=03_ANALOG Member=Component R10 4.7K
Added Member To Class: ClassName=03_ANALOG Member=Component R19 4.7K
Added Member To Class: ClassName=03_ANALOG Member=Component R20 0
Added Member To Class: ClassName=03_ANALOG Member=Component R21 4.7K
Added Member To Class: ClassName=03_ANALOG Member=Component R23 4.7K
Added Member To Class: ClassName=03_ANALOG Member=Component R24 0
Added Member To Class: ClassName=03_ANALOG Member=Component R25 4.7K
Added Member To Class: ClassName=03_ANALOG Member=Component R26 4.7K
Added Member To Class: ClassName=03_ANALOG Member=Component R27 0
Added Member To Class: ClassName=03_ANALOG Member=Component R28 4.7K
Added Member To Class: ClassName=03_ANALOG Member=Component R29 4.7K
Added Member To Class: ClassName=03_ANALOG Member=Component R30 0
Added Member To Class: ClassName=03_ANALOG Member=Component R31 4.7K
Added Member To Class: ClassName=03_ANALOG Member=Component R32 4.7K
Added Member To Class: ClassName=03_ANALOG Member=Component R33 0
