Removed Pin From Net: NetName=GND Pin=*-2
Removed Pin From Net: NetName=VSYS Pin=*-4
Removed Pin From Net: NetName=REF Pin=ADC1-1
Removed Pin From Net: NetName=REF Pin=ADC1-3
Removed Pin From Net: NetName=REF Pin=ADC1-5
Removed Pin From Net: NetName=REF Pin=ADC1-7
Removed Pin From Net: NetName=REF Pin=ADC1-9
Removed Pin From Net: NetName=REF Pin=ADC1-11
Removed Pin From Net: NetName=REF Pin=ADC1-13
Removed Pin From Net: NetName=REF Pin=ADC1-15
Removed Pin From Net: NetName=DVDD Pin=CC4-2
Removed Pin From Net: NetName=GND Pin=CC22-1
Removed Pin From Net: NetName=DVDD Pin=CC22-2
Removed Pin From Net: NetName=GND Pin=CC23-1
Removed Pin From Net: NetName=VSYS Pin=CC23-2
Removed Pin From Net: NetName=DVDD Pin=L1-2
Removed Pin From Net: NetName=VSYS Pin=P2-1
Removed Pin From Net: NetName=GND Pin=P2-2
Removed Pin From Net: NetName=VSYS Pin=P2-4
Removed Pin From Net: NetName=EL1 Pin=PE1-1
Removed Pin From Net: NetName=EL2 Pin=PE1-2
Removed Pin From Net: NetName=EL3 Pin=PE1-3
Removed Pin From Net: NetName=EL4 Pin=PE1-4
Removed Pin From Net: NetName=EL5 Pin=PE1-5
Removed Pin From Net: NetName=EL6 Pin=PE1-6
Removed Pin From Net: NetName=EL7 Pin=PE1-7
Removed Pin From Net: NetName=EL8 Pin=PE1-8
Removed Pin From Net: NetName=REF Pin=PE1-9
Removed Pin From Net: NetName=REF1.5V Pin=PE1-10
Removed Pin From Net: NetName=AVDD Pin=PE1-11
Removed Pin From Net: NetName=AGND Pin=PE1-12
Removed Pin From Net: NetName=GND Pin=PW1-0
Removed Pin From Net: NetName=VBAT Pin=PW1-2
Removed Pin From Net: NetName=VBAT Pin=PW1-3
Removed Pin From Net: NetName=GND Pin=PW1-4
Removed Pin From Net: NetName=P0.27 Pin=PW1-7
Removed Pin From Net: NetName=GND Pin=PW1-8
Removed Pin From Net: NetName=P0.28/AIN4 Pin=PW1-9
Removed Pin From Net: NetName=VSYS Pin=PW1-10
Removed Pin From Net: NetName=VSYS Pin=PW1-11
Removed Pin From Net: NetName=VUSB Pin=PW1-13
Removed Pin From Net: NetName=GND Pin=PW1-14
Removed Pin From Net: NetName=GND Pin=R1-2
Removed Pin From Net: NetName=GND Pin=R2-1
Removed Pin From Net: NetName=GND Pin=R3-1
Removed Pin From Net: NetName=P0.28/AIN4 Pin=R4-1
Removed Pin From Net: NetName=DVDD Pin=R4-2
Removed Pin From Net: NetName=GND Pin=R5-1
Removed Pin From Net: NetName=VSYS Pin=R6-1
Removed Pin From Net: NetName=GND Pin=R7-1
Removed Pin From Net: NetName=VSYS Pin=R8-1
Removed Pin From Net: NetName=VBAT Pin=R9-1
Removed Pin From Net: NetName=P0.27 Pin=R10-1
Removed Pin From Net: NetName=DVDD Pin=R10-2
Removed Pin From Net: NetName=DVDD Pin=R19-1
Removed Pin From Net: NetName=GND Pin=R20-2
Removed Pin From Net: NetName=BAT_IN Pin=R21-1
Removed Pin From Net: NetName=GND Pin=R21-2
Removed Member From Class: ClassName=POWER Member=*
Removed Member From Class: ClassName=POWER Member=CC4
Removed Member From Class: ClassName=POWER Member=CC22
Removed Member From Class: ClassName=POWER Member=CC23
Removed Member From Class: ClassName=POWER Member=L1
Removed Member From Class: ClassName=POWER Member=P2
Removed Member From Class: ClassName=POWER Member=PW1
Removed Member From Class: ClassName=POWER Member=R1
Removed Member From Class: ClassName=POWER Member=R2
Removed Member From Class: ClassName=POWER Member=R3
Removed Member From Class: ClassName=POWER Member=R4
Removed Member From Class: ClassName=POWER Member=R5
Removed Member From Class: ClassName=POWER Member=R6
Removed Member From Class: ClassName=POWER Member=R7
Removed Member From Class: ClassName=POWER Member=R8
Removed Member From Class: ClassName=POWER Member=R9
Removed Member From Class: ClassName=POWER Member=R10
Removed Member From Class: ClassName=POWER Member=R19
Removed Member From Class: ClassName=POWER Member=R20
Removed Member From Class: ClassName=POWER Member=R21
Added Component: Designator=CC?(0402)
Added Component: Designator=PE1(MOLEX_5051102091)
Added Pin To Net: NetName=GND Pin=CC?-1
Added Pin To Net: NetName=BAT_IN Pin=CC?-2
Added Pin To Net: NetName=EL1 Pin=PE1-1
Added Pin To Net: NetName=EL2 Pin=PE1-3
Added Pin To Net: NetName=EL3 Pin=PE1-5
Added Pin To Net: NetName=EL4 Pin=PE1-7
Added Pin To Net: NetName=REF Pin=PE1-9
Added Pin To Net: NetName=AVDD Pin=PE1-10
Added Pin To Net: NetName=EL5 Pin=PE1-11
Added Pin To Net: NetName=EL6 Pin=PE1-13
Added Pin To Net: NetName=EL7 Pin=PE1-15
Added Pin To Net: NetName=EL8 Pin=PE1-17
Added Pin To Net: NetName=REF1.5V Pin=PE1-19
Added Pin To Net: NetName=AGND Pin=PE1-20
Added Pin To Net: NetName=ELM1 Pin=ADC1-15
Added Pin To Net: NetName=ELM1 Pin=PE1-2
Added Net: Name=ELM1
Added Pin To Net: NetName=ELM2 Pin=ADC1-13
Added Pin To Net: NetName=ELM2 Pin=PE1-4
Added Net: Name=ELM2
Added Pin To Net: NetName=ELM3 Pin=ADC1-11
Added Pin To Net: NetName=ELM3 Pin=PE1-6
Added Net: Name=ELM3
Added Pin To Net: NetName=ELM4 Pin=ADC1-9
Added Pin To Net: NetName=ELM4 Pin=PE1-8
Added Net: Name=ELM4
Added Pin To Net: NetName=ELM5 Pin=ADC1-7
Added Pin To Net: NetName=ELM5 Pin=PE1-12
Added Net: Name=ELM5
Added Pin To Net: NetName=ELM6 Pin=ADC1-5
Added Pin To Net: NetName=ELM6 Pin=PE1-14
Added Net: Name=ELM6
Added Pin To Net: NetName=ELM7 Pin=ADC1-3
Added Pin To Net: NetName=ELM7 Pin=PE1-16
Added Net: Name=ELM7
Added Pin To Net: NetName=ELM8 Pin=ADC1-1
Added Pin To Net: NetName=ELM8 Pin=PE1-18
Added Net: Name=ELM8
Added Pin To Net: NetName=NetADC1_37 Pin=ADC1-37
Added Net: Name=NetADC1_37
Change Class Name : Old Net Name=ANALOG New Net Name=03_ANALOG
Change Class Name : Old Net Name=MRWOLF New Net Name=01_MRWOLF
Change Class Name : Old Net Name=NRF52832 New Net Name=02_NRF52832
Change Class Name : Old Net Name=POWER New Net Name=04_POWER
Added Member To Class: ClassName=04_POWER Member=Component CC? Cap Semi
