Added Component: Designator=R34(J1-0603)
Add component. Clean all parameters for all variants
Add component (AddParameter): Name = "LatestRevisionDate"; Value = "29-May-2009"; VariantName = "[No Variations]"
Add component (AddParameter): Name = "LatestRevisionNote"; Value = "IPC-7351 Footprint Added."; VariantName = "[No Variations]"
Add component (AddParameter): Name = "PackageDescription"; Value = "Chip Resistor"; VariantName = "[No Variations]"
Add component (AddParameter): Name = "PackageReference"; Value = "J1-0603"; VariantName = "[No Variations]"
Add component (AddParameter): Name = "Published"; Value = "8-Jun-2000"; VariantName = "[No Variations]"
Add component (AddParameter): Name = "Publisher"; Value = "Altium Limited"; VariantName = "[No Variations]"
Add component (AddParameter): Name = "Value"; Value = "33R"; VariantName = "[No Variations]"
Added Component: Designator=R35(J1-0603)
Add component. Clean all parameters for all variants
Add component (AddParameter): Name = "LatestRevisionDate"; Value = "29-May-2009"; VariantName = "[No Variations]"
Add component (AddParameter): Name = "LatestRevisionNote"; Value = "IPC-7351 Footprint Added."; VariantName = "[No Variations]"
Add component (AddParameter): Name = "PackageDescription"; Value = "Chip Resistor"; VariantName = "[No Variations]"
Add component (AddParameter): Name = "PackageReference"; Value = "J1-0603"; VariantName = "[No Variations]"
Add component (AddParameter): Name = "Published"; Value = "8-Jun-2000"; VariantName = "[No Variations]"
Add component (AddParameter): Name = "Publisher"; Value = "Altium Limited"; VariantName = "[No Variations]"
Add component (AddParameter): Name = "Value"; Value = "33R"; VariantName = "[No Variations]"
Added Pin To Net: NetName=CAM.PCLK Pin=R34-2
Added Pin To Net: NetName=CAM.HSYNC Pin=R35-2
Change Net Name : Old Net Name=P0.17 New Net Name=LED_1
Change Net Name : Old Net Name=P0.18 New Net Name=LED_2
Added Pin To Net: NetName=NetD1_1 Pin=R34-1
Added Net: Name=NetD1_1
Added Pin To Net: NetName=NetD2_1 Pin=R35-1
Added Net: Name=NetD2_1
Added Member To Class: ClassName=03_ANALOG Member=Component ADC1 ADS1298
Added Member To Class: ClassName=01_MRWOLF Member=Component R34 
Added Member To Class: ClassName=01_MRWOLF Member=Component R35 
Added Member To Class: ClassName=01_MRWOLF Member=Component U1 Mr. Wolf PULP
