Removed Pin From Net: NetName=AVDD Pin=CP1-2
Removed Pin From Net: NetName=VCLU Pin=CW1-2
Removed Pin From Net: NetName=VCLU Pin=CW2-2
Removed Pin From Net: NetName=VCLU Pin=LW1-1
Removed Pin From Net: NetName=AVDD Pin=P1-5
Removed Pin From Net: NetName=VCLU Pin=U1-54
Removed Pin From Net: NetName=VCLU Pin=U1-56
Change Component Footprint: Designator=LW1 Old Footprint=BOUR-IND-SRN4026 New Footprint=1212_PCK
Change Component Footprint: Designator=L6 Old Footprint=INDC1608X06L New Footprint=0603
Added Component: Designator=CC1(0402)
Add component. Clean all parameters for all variants
Add component (AddParameter): Name = "LatestRevisionDate"; Value = "29-May-2009"; VariantName = "[No Variations]"
Add component (AddParameter): Name = "LatestRevisionNote"; Value = "IPC-7351 Footprint Added."; VariantName = "[No Variations]"
Add component (AddParameter): Name = "PackageDescription"; Value = "Chip Capacitor"; VariantName = "[No Variations]"
Add component (AddParameter): Name = "PackageReference"; Value = "C1206"; VariantName = "[No Variations]"
Add component (AddParameter): Name = "Published"; Value = "8-Jun-2000"; VariantName = "[No Variations]"
Add component (AddParameter): Name = "Publisher"; Value = "Altium Limited"; VariantName = "[No Variations]"
Add component (AddParameter): Name = "Value"; Value = "22uF"; VariantName = "[No Variations]"
Added Component: Designator=CC22(0402)
Add component. Clean all parameters for all variants
Add component (AddParameter): Name = "LatestRevisionDate"; Value = "29-May-2009"; VariantName = "[No Variations]"
Add component (AddParameter): Name = "LatestRevisionNote"; Value = "IPC-7351 Footprint Added."; VariantName = "[No Variations]"
Add component (AddParameter): Name = "PackageDescription"; Value = "Chip Capacitor"; VariantName = "[No Variations]"
Add component (AddParameter): Name = "PackageReference"; Value = "C1206"; VariantName = "[No Variations]"
Add component (AddParameter): Name = "Published"; Value = "8-Jun-2000"; VariantName = "[No Variations]"
Add component (AddParameter): Name = "Publisher"; Value = "Altium Limited"; VariantName = "[No Variations]"
Add component (AddParameter): Name = "Value"; Value = "4.7uF"; VariantName = "[No Variations]"
Added Component: Designator=CC23(0603)
Add component. Clean all parameters for all variants
Add component (AddParameter): Name = "LatestRevisionDate"; Value = "29-May-2009"; VariantName = "[No Variations]"
Add component (AddParameter): Name = "LatestRevisionNote"; Value = "IPC-7351 Footprint Added."; VariantName = "[No Variations]"
Add component (AddParameter): Name = "PackageDescription"; Value = "Chip Capacitor"; VariantName = "[No Variations]"
Add component (AddParameter): Name = "PackageReference"; Value = "C1206"; VariantName = "[No Variations]"
Add component (AddParameter): Name = "Published"; Value = "8-Jun-2000"; VariantName = "[No Variations]"
Add component (AddParameter): Name = "Publisher"; Value = "Altium Limited"; VariantName = "[No Variations]"
Add component (AddParameter): Name = "Value"; Value = "100nF"; VariantName = "[No Variations]"
Added Component: Designator=CC24(0402)
Add component. Clean all parameters for all variants
Add component (AddParameter): Name = "LatestRevisionDate"; Value = "29-May-2009"; VariantName = "[No Variations]"
Add component (AddParameter): Name = "LatestRevisionNote"; Value = "IPC-7351 Footprint Added."; VariantName = "[No Variations]"
Add component (AddParameter): Name = "PackageDescription"; Value = "Chip Capacitor"; VariantName = "[No Variations]"
Add component (AddParameter): Name = "PackageReference"; Value = "C1206"; VariantName = "[No Variations]"
Add component (AddParameter): Name = "Published"; Value = "8-Jun-2000"; VariantName = "[No Variations]"
Add component (AddParameter): Name = "Publisher"; Value = "Altium Limited"; VariantName = "[No Variations]"
Add component (AddParameter): Name = "Value"; Value = "4.7uF"; VariantName = "[No Variations]"
Added Component: Designator=CC25(0603)
Add component. Clean all parameters for all variants
Add component (AddParameter): Name = "LatestRevisionDate"; Value = "29-May-2009"; VariantName = "[No Variations]"
Add component (AddParameter): Name = "LatestRevisionNote"; Value = "IPC-7351 Footprint Added."; VariantName = "[No Variations]"
Add component (AddParameter): Name = "PackageDescription"; Value = "Chip Capacitor"; VariantName = "[No Variations]"
Add component (AddParameter): Name = "PackageReference"; Value = "C1206"; VariantName = "[No Variations]"
Add component (AddParameter): Name = "Published"; Value = "8-Jun-2000"; VariantName = "[No Variations]"
Add component (AddParameter): Name = "Publisher"; Value = "Altium Limited"; VariantName = "[No Variations]"
Add component (AddParameter): Name = "Value"; Value = "10nF"; VariantName = "[No Variations]"
Added Component: Designator=CONN_BAT(DF52-2S-0.8H(21))
Add component. Clean all parameters for all variants
Added Component: Designator=CONN_P_S(DF52-2S-0.8H(21))
Add component. Clean all parameters for all variants
Added Component: Designator=L1(6-0805_N)
Add component. Clean all parameters for all variants
Add component (AddParameter): Name = "Code_IEC"; Value = "1005"; VariantName = "[No Variations]"
Add component (AddParameter): Name = "Code_JEITA"; Value = "0402"; VariantName = "[No Variations]"
Add component (AddParameter): Name = "LatestRevisionDate"; Value = "29-May-2009"; VariantName = "[No Variations]"
Add component (AddParameter): Name = "LatestRevisionNote"; Value = "IPC-7351 Footprint Added."; VariantName = "[No Variations]"
Add component (AddParameter): Name = "PackageDescription"; Value = "Chip Inductor"; VariantName = "[No Variations]"
Add component (AddParameter): Name = "PackageReference"; Value = "0402-A"; VariantName = "[No Variations]"
Add component (AddParameter): Name = "Published"; Value = "8-Jun-2000"; VariantName = "[No Variations]"
Add component (AddParameter): Name = "Publisher"; Value = "Altium Limited"; VariantName = "[No Variations]"
Add component (AddParameter): Name = "Value"; Value = "10mH"; VariantName = "[No Variations]"
Added Component: Designator=L2(1212_PCK)
Add component. Clean all parameters for all variants
Add component (AddParameter): Name = "Code_IEC"; Value = "1005"; VariantName = "[No Variations]"
Add component (AddParameter): Name = "Code_JEITA"; Value = "0402"; VariantName = "[No Variations]"
Add component (AddParameter): Name = "LatestRevisionDate"; Value = "29-May-2009"; VariantName = "[No Variations]"
Add component (AddParameter): Name = "LatestRevisionNote"; Value = "IPC-7351 Footprint Added."; VariantName = "[No Variations]"
Add component (AddParameter): Name = "PackageDescription"; Value = "Chip Inductor"; VariantName = "[No Variations]"
Add component (AddParameter): Name = "PackageReference"; Value = "0402-A"; VariantName = "[No Variations]"
Add component (AddParameter): Name = "Published"; Value = "8-Jun-2000"; VariantName = "[No Variations]"
Add component (AddParameter): Name = "Publisher"; Value = "Altium Limited"; VariantName = "[No Variations]"
Add component (AddParameter): Name = "Value"; Value = "22mH"; VariantName = "[No Variations]"
Added Component: Designator=R3(0402)
Add component. Clean all parameters for all variants
Add component (AddParameter): Name = "LatestRevisionDate"; Value = "29-May-2009"; VariantName = "[No Variations]"
Add component (AddParameter): Name = "LatestRevisionNote"; Value = "IPC-7351 Footprint Added."; VariantName = "[No Variations]"
Add component (AddParameter): Name = "PackageDescription"; Value = "Chip Resistor"; VariantName = "[No Variations]"
Add component (AddParameter): Name = "PackageReference"; Value = "J1-0603"; VariantName = "[No Variations]"
Add component (AddParameter): Name = "Published"; Value = "8-Jun-2000"; VariantName = "[No Variations]"
Add component (AddParameter): Name = "Publisher"; Value = "Altium Limited"; VariantName = "[No Variations]"
Add component (AddParameter): Name = "Value"; Value = "100K"; VariantName = "[No Variations]"
Added Component: Designator=R6(0402)
Add component. Clean all parameters for all variants
Add component (AddParameter): Name = "LatestRevisionDate"; Value = "29-May-2009"; VariantName = "[No Variations]"
Add component (AddParameter): Name = "LatestRevisionNote"; Value = "IPC-7351 Footprint Added."; VariantName = "[No Variations]"
Add component (AddParameter): Name = "PackageDescription"; Value = "Chip Resistor"; VariantName = "[No Variations]"
Add component (AddParameter): Name = "PackageReference"; Value = "J1-0603"; VariantName = "[No Variations]"
Add component (AddParameter): Name = "Published"; Value = "8-Jun-2000"; VariantName = "[No Variations]"
Add component (AddParameter): Name = "Publisher"; Value = "Altium Limited"; VariantName = "[No Variations]"
Add component (AddParameter): Name = "Value"; Value = "7M32"; VariantName = "[No Variations]"
Added Component: Designator=R9(0402)
Add component. Clean all parameters for all variants
Add component (AddParameter): Name = "LatestRevisionDate"; Value = "29-May-2009"; VariantName = "[No Variations]"
Add component (AddParameter): Name = "LatestRevisionNote"; Value = "IPC-7351 Footprint Added."; VariantName = "[No Variations]"
Add component (AddParameter): Name = "PackageDescription"; Value = "Chip Resistor"; VariantName = "[No Variations]"
Add component (AddParameter): Name = "PackageReference"; Value = "J1-0603"; VariantName = "[No Variations]"
Add component (AddParameter): Name = "Published"; Value = "8-Jun-2000"; VariantName = "[No Variations]"
Add component (AddParameter): Name = "Publisher"; Value = "Altium Limited"; VariantName = "[No Variations]"
Add component (AddParameter): Name = "Value"; Value = "1M24"; VariantName = "[No Variations]"
Added Component: Designator=R20(0402)
Add component. Clean all parameters for all variants
Add component (AddParameter): Name = "LatestRevisionDate"; Value = "29-May-2009"; VariantName = "[No Variations]"
Add component (AddParameter): Name = "LatestRevisionNote"; Value = "IPC-7351 Footprint Added."; VariantName = "[No Variations]"
Add component (AddParameter): Name = "PackageDescription"; Value = "Chip Resistor"; VariantName = "[No Variations]"
Add component (AddParameter): Name = "PackageReference"; Value = "J1-0603"; VariantName = "[No Variations]"
Add component (AddParameter): Name = "Published"; Value = "8-Jun-2000"; VariantName = "[No Variations]"
Add component (AddParameter): Name = "Publisher"; Value = "Altium Limited"; VariantName = "[No Variations]"
Add component (AddParameter): Name = "Value"; Value = "4M22"; VariantName = "[No Variations]"
Added Component: Designator=R24(0402)
Add component. Clean all parameters for all variants
Add component (AddParameter): Name = "LatestRevisionDate"; Value = "29-May-2009"; VariantName = "[No Variations]"
Add component (AddParameter): Name = "LatestRevisionNote"; Value = "IPC-7351 Footprint Added."; VariantName = "[No Variations]"
Add component (AddParameter): Name = "PackageDescription"; Value = "Chip Resistor"; VariantName = "[No Variations]"
Add component (AddParameter): Name = "PackageReference"; Value = "J1-0603"; VariantName = "[No Variations]"
Add component (AddParameter): Name = "Published"; Value = "8-Jun-2000"; VariantName = "[No Variations]"
Add component (AddParameter): Name = "Publisher"; Value = "Altium Limited"; VariantName = "[No Variations]"
Add component (AddParameter): Name = "Value"; Value = "6M65"; VariantName = "[No Variations]"
Added Component: Designator=R27(0402)
Add component. Clean all parameters for all variants
Add component (AddParameter): Name = "LatestRevisionDate"; Value = "29-May-2009"; VariantName = "[No Variations]"
Add component (AddParameter): Name = "LatestRevisionNote"; Value = "IPC-7351 Footprint Added."; VariantName = "[No Variations]"
Add component (AddParameter): Name = "PackageDescription"; Value = "Chip Resistor"; VariantName = "[No Variations]"
Add component (AddParameter): Name = "PackageReference"; Value = "J1-0603"; VariantName = "[No Variations]"
Add component (AddParameter): Name = "Published"; Value = "8-Jun-2000"; VariantName = "[No Variations]"
Add component (AddParameter): Name = "Publisher"; Value = "Altium Limited"; VariantName = "[No Variations]"
Add component (AddParameter): Name = "Value"; Value = "5M6"; VariantName = "[No Variations]"
Added Component: Designator=R30(0402)
Add component. Clean all parameters for all variants
Add component (AddParameter): Name = "LatestRevisionDate"; Value = "29-May-2009"; VariantName = "[No Variations]"
Add component (AddParameter): Name = "LatestRevisionNote"; Value = "IPC-7351 Footprint Added."; VariantName = "[No Variations]"
Add component (AddParameter): Name = "PackageDescription"; Value = "Chip Resistor"; VariantName = "[No Variations]"
Add component (AddParameter): Name = "PackageReference"; Value = "J1-0603"; VariantName = "[No Variations]"
Add component (AddParameter): Name = "Published"; Value = "8-Jun-2000"; VariantName = "[No Variations]"
Add component (AddParameter): Name = "Publisher"; Value = "Altium Limited"; VariantName = "[No Variations]"
Add component (AddParameter): Name = "Value"; Value = "4M99"; VariantName = "[No Variations]"
Added Component: Designator=R33(0402)
Add component. Clean all parameters for all variants
Add component (AddParameter): Name = "LatestRevisionDate"; Value = "29-May-2009"; VariantName = "[No Variations]"
Add component (AddParameter): Name = "LatestRevisionNote"; Value = "IPC-7351 Footprint Added."; VariantName = "[No Variations]"
Add component (AddParameter): Name = "PackageDescription"; Value = "Chip Resistor"; VariantName = "[No Variations]"
Add component (AddParameter): Name = "PackageReference"; Value = "J1-0603"; VariantName = "[No Variations]"
Add component (AddParameter): Name = "Published"; Value = "8-Jun-2000"; VariantName = "[No Variations]"
Add component (AddParameter): Name = "Publisher"; Value = "Altium Limited"; VariantName = "[No Variations]"
Add component (AddParameter): Name = "Value"; Value = "8M66"; VariantName = "[No Variations]"
Added Component: Designator=RVAVDD(J1-0603)
Add component. Clean all parameters for all variants
Add component (AddParameter): Name = "LatestRevisionDate"; Value = "29-May-2009"; VariantName = "[No Variations]"
Add component (AddParameter): Name = "LatestRevisionNote"; Value = "IPC-7351 Footprint Added."; VariantName = "[No Variations]"
Add component (AddParameter): Name = "PackageDescription"; Value = "Chip Resistor"; VariantName = "[No Variations]"
Add component (AddParameter): Name = "PackageReference"; Value = "J1-0603"; VariantName = "[No Variations]"
Add component (AddParameter): Name = "Published"; Value = "8-Jun-2000"; VariantName = "[No Variations]"
Add component (AddParameter): Name = "Publisher"; Value = "Altium Limited"; VariantName = "[No Variations]"
Add component (AddParameter): Name = "Value"; Value = "1K"; VariantName = "[No Variations]"
Added Component: Designator=RVBAT(J1-0603)
Add component. Clean all parameters for all variants
Add component (AddParameter): Name = "LatestRevisionDate"; Value = "29-May-2009"; VariantName = "[No Variations]"
Add component (AddParameter): Name = "LatestRevisionNote"; Value = "IPC-7351 Footprint Added."; VariantName = "[No Variations]"
Add component (AddParameter): Name = "PackageDescription"; Value = "Chip Resistor"; VariantName = "[No Variations]"
Add component (AddParameter): Name = "PackageReference"; Value = "J1-0603"; VariantName = "[No Variations]"
Add component (AddParameter): Name = "Published"; Value = "8-Jun-2000"; VariantName = "[No Variations]"
Add component (AddParameter): Name = "Publisher"; Value = "Altium Limited"; VariantName = "[No Variations]"
Add component (AddParameter): Name = "Value"; Value = "1K"; VariantName = "[No Variations]"
Added Component: Designator=RVDVDD(J1-0603)
Add component. Clean all parameters for all variants
Add component (AddParameter): Name = "LatestRevisionDate"; Value = "29-May-2009"; VariantName = "[No Variations]"
Add component (AddParameter): Name = "LatestRevisionNote"; Value = "IPC-7351 Footprint Added."; VariantName = "[No Variations]"
Add component (AddParameter): Name = "PackageDescription"; Value = "Chip Resistor"; VariantName = "[No Variations]"
Add component (AddParameter): Name = "PackageReference"; Value = "J1-0603"; VariantName = "[No Variations]"
Add component (AddParameter): Name = "Published"; Value = "8-Jun-2000"; VariantName = "[No Variations]"
Add component (AddParameter): Name = "Publisher"; Value = "Altium Limited"; VariantName = "[No Variations]"
Add component (AddParameter): Name = "Value"; Value = "1K"; VariantName = "[No Variations]"
Added Component: Designator=RVREG(J1-0603)
Add component. Clean all parameters for all variants
Add component (AddParameter): Name = "LatestRevisionDate"; Value = "29-May-2009"; VariantName = "[No Variations]"
Add component (AddParameter): Name = "LatestRevisionNote"; Value = "IPC-7351 Footprint Added."; VariantName = "[No Variations]"
Add component (AddParameter): Name = "PackageDescription"; Value = "Chip Resistor"; VariantName = "[No Variations]"
Add component (AddParameter): Name = "PackageReference"; Value = "J1-0603"; VariantName = "[No Variations]"
Add component (AddParameter): Name = "Published"; Value = "8-Jun-2000"; VariantName = "[No Variations]"
Add component (AddParameter): Name = "Publisher"; Value = "Altium Limited"; VariantName = "[No Variations]"
Add component (AddParameter): Name = "Value"; Value = "1K"; VariantName = "[No Variations]"
Added Component: Designator=RVSP(J1-0603)
Add component. Clean all parameters for all variants
Add component (AddParameter): Name = "LatestRevisionDate"; Value = "29-May-2009"; VariantName = "[No Variations]"
Add component (AddParameter): Name = "LatestRevisionNote"; Value = "IPC-7351 Footprint Added."; VariantName = "[No Variations]"
Add component (AddParameter): Name = "PackageDescription"; Value = "Chip Resistor"; VariantName = "[No Variations]"
Add component (AddParameter): Name = "PackageReference"; Value = "J1-0603"; VariantName = "[No Variations]"
Add component (AddParameter): Name = "Published"; Value = "8-Jun-2000"; VariantName = "[No Variations]"
Add component (AddParameter): Name = "Publisher"; Value = "Altium Limited"; VariantName = "[No Variations]"
Add component (AddParameter): Name = "Value"; Value = "1K"; VariantName = "[No Variations]"
Added Pin To Net: NetName=I2S0_SCK Pin=ADC1-47
Added Pin To Net: NetName=GND Pin=CC1-1
Added Pin To Net: NetName=GND Pin=CC22-1
Added Pin To Net: NetName=VSTOR Pin=CC22-2
Added Pin To Net: NetName=GND Pin=CC23-1
Added Pin To Net: NetName=VSTOR Pin=CC23-2
Added Pin To Net: NetName=GND Pin=CC24-1
Added Pin To Net: NetName=GND Pin=CC25-1
Added Pin To Net: NetName=GND Pin=CONN_BAT-2
Added Pin To Net: NetName=GND Pin=CONN_P_S-2
Added Pin To Net: NetName=GND Pin=PW1-1
Added Pin To Net: NetName=VSTOR Pin=PW1-3
Added Pin To Net: NetName=GND Pin=PW1-5
Added Pin To Net: NetName=GND Pin=PW1-9
Added Pin To Net: NetName=GND Pin=PW1-15
Added Pin To Net: NetName=GND Pin=PW1-17
Added Pin To Net: NetName=VBAT Pin=PW1-18
Added Pin To Net: NetName=VSTOR Pin=PW1-19
Added Pin To Net: NetName=GND Pin=PW1-21
Added Pin To Net: NetName=P0.19 Pin=R3-1
Added Pin To Net: NetName=GND Pin=R3-2
Added Pin To Net: NetName=GND Pin=R27-2
Added Pin To Net: NetName=GND Pin=R30-2
Added Pin To Net: NetName=GND Pin=R33-2
Added Pin To Net: NetName=AVDD Pin=RVAVDD-2
Added Pin To Net: NetName=VBAT Pin=RVBAT-2
Added Pin To Net: NetName=DVDD Pin=RVDVDD-2
Added Pin To Net: NetName=VCLU Pin=RVREG-1
Added Pin To Net: NetName=P0.10 Pin=U1-34
Added Pin To Net: NetName=P0.09 Pin=U1-35
Added Pin To Net: NetName=I2S0_SCK Pin=U3-14
Added Pin To Net: NetName=AVDD_OUT Pin=CP1-2
Added Pin To Net: NetName=AVDD_OUT Pin=P1-5
Added Pin To Net: NetName=AVDD_OUT Pin=RVAVDD-1
Added Net: Name=AVDD_OUT
Added Pin To Net: NetName=DVDD_OUT Pin=CC1-2
Added Pin To Net: NetName=DVDD_OUT Pin=L1-2
Added Pin To Net: NetName=DVDD_OUT Pin=PW1-14
Added Pin To Net: NetName=DVDD_OUT Pin=RVDVDD-1
Added Net: Name=DVDD_OUT
Added Pin To Net: NetName=NetCC25_2 Pin=CC25-2
Added Pin To Net: NetName=NetCC25_2 Pin=PW1-4
Added Net: Name=NetCC25_2
Added Pin To Net: NetName=NetL1_1 Pin=L1-1
Added Pin To Net: NetName=NetL1_1 Pin=PW1-16
Added Net: Name=NetL1_1
Added Pin To Net: NetName=NetL2_2 Pin=L2-2
Added Pin To Net: NetName=NetL2_2 Pin=PW1-20
Added Net: Name=NetL2_2
Added Pin To Net: NetName=NetPW1_6 Pin=PW1-6
Added Pin To Net: NetName=NetPW1_6 Pin=PW1-13
Added Net: Name=NetPW1_6
Added Pin To Net: NetName=NetPW1_7 Pin=PW1-7
Added Pin To Net: NetName=NetPW1_7 Pin=R6-2
Added Pin To Net: NetName=NetPW1_7 Pin=R27-1
Added Net: Name=NetPW1_7
Added Pin To Net: NetName=NetPW1_8 Pin=PW1-8
Added Pin To Net: NetName=NetPW1_8 Pin=R6-1
Added Pin To Net: NetName=NetPW1_8 Pin=R9-1
Added Pin To Net: NetName=NetPW1_8 Pin=R20-1
Added Net: Name=NetPW1_8
Added Pin To Net: NetName=NetPW1_10 Pin=PW1-10
Added Pin To Net: NetName=NetPW1_10 Pin=R9-2
Added Pin To Net: NetName=NetPW1_10 Pin=R24-1
Added Net: Name=NetPW1_10
Added Pin To Net: NetName=NetPW1_11 Pin=PW1-11
Added Pin To Net: NetName=NetPW1_11 Pin=R24-2
Added Pin To Net: NetName=NetPW1_11 Pin=R30-1
Added Net: Name=NetPW1_11
Added Pin To Net: NetName=NetPW1_12 Pin=PW1-12
Added Pin To Net: NetName=NetPW1_12 Pin=R20-2
Added Pin To Net: NetName=NetPW1_12 Pin=R33-1
Added Net: Name=NetPW1_12
Added Pin To Net: NetName=SP_IN Pin=CONN_P_S-1
Added Pin To Net: NetName=SP_IN Pin=RVSP-1
Added Net: Name=SP_IN
Added Pin To Net: NetName=SP_MS Pin=CC24-2
Added Pin To Net: NetName=SP_MS Pin=L2-1
Added Pin To Net: NetName=SP_MS Pin=PW1-2
Added Net: Name=SP_MS
Added Pin To Net: NetName=SP_OUT Pin=RVSP-2
Added Net: Name=SP_OUT
Added Pin To Net: NetName=VBAT_IN Pin=CONN_BAT-1
Added Pin To Net: NetName=VBAT_IN Pin=RVBAT-1
Added Net: Name=VBAT_IN
Added Pin To Net: NetName=VREG_OUT Pin=CW1-2
Added Pin To Net: NetName=VREG_OUT Pin=CW2-2
Added Pin To Net: NetName=VREG_OUT Pin=LW1-1
Added Pin To Net: NetName=VREG_OUT Pin=RVREG-2
Added Pin To Net: NetName=VREG_OUT Pin=U1-54
Added Pin To Net: NetName=VREG_OUT Pin=U1-56
Added Net: Name=VREG_OUT
Added Member To Class: ClassName=03_ANALOG Member=Component ADC1 ADS1298
Added Member To Class: ClassName=04_POWER Member=Component CC1 Cap Semi
Added Member To Class: ClassName=04_POWER Member=Component CC22 Cap Semi
Added Member To Class: ClassName=04_POWER Member=Component CC23 Cap Semi
Added Member To Class: ClassName=04_POWER Member=Component CC24 Cap Semi
Added Member To Class: ClassName=04_POWER Member=Component CC25 Cap Semi
Added Member To Class: ClassName=04_POWER Member=Component CONN_BAT
Added Member To Class: ClassName=04_POWER Member=Component CONN_P_S
Added Member To Class: ClassName=04_POWER Member=Component L1 Inductor
Added Member To Class: ClassName=04_POWER Member=Component L2 Inductor
Added Member To Class: ClassName=02_NRF52832 Member=Component R3 100K
Added Member To Class: ClassName=04_POWER Member=Component R6 7M32
Added Member To Class: ClassName=04_POWER Member=Component R9 1M24
Added Member To Class: ClassName=04_POWER Member=Component R20 4M22
Added Member To Class: ClassName=04_POWER Member=Component R24 6M65
Added Member To Class: ClassName=04_POWER Member=Component R27 5M6
Added Member To Class: ClassName=04_POWER Member=Component R30 4M99
Added Member To Class: ClassName=04_POWER Member=Component R33 8M66
Added Member To Class: ClassName=04_POWER Member=Component RVAVDD 
Added Member To Class: ClassName=04_POWER Member=Component RVBAT 
Added Member To Class: ClassName=04_POWER Member=Component RVDVDD 
Added Member To Class: ClassName=01_MRWOLF Member=Component RVREG 
Added Member To Class: ClassName=04_POWER Member=Component RVSP 
