Change Component DesignItemId : Designator=D2 Old DesignItemId=KING-LED-GREEN-APT1608LZGCK New DesignItemId=KING-LED-ORANGE-APT1608LSECK/J4-PRV
Change Component Comment : Designator=D2 Old Comment=LED Green New Comment=LED Orange
Change Component Description : Designator=D2 Old Description=1.6X0.8mm SMD CHIP LED LAMP, Green New Description=1.6X0.8mm SMD CHIP LED LAMP, Super Bright Orange
Change component parameters: Designator = "RVREG"; Footprint = "J1-0603"; UniqueID = "\KYRJSSEK"
Change component parameters. Clean all parameters for all variants
Change component parameters (AddParameter): Name = "LatestRevisionDate"; Value = "29-May-2009"; VariantName = "[No Variations]"
Change component parameters (AddParameter): Name = "LatestRevisionNote"; Value = "IPC-7351 Footprint Added."; VariantName = "[No Variations]"
Change component parameters (AddParameter): Name = "PackageDescription"; Value = "Chip Resistor"; VariantName = "[No Variations]"
Change component parameters (AddParameter): Name = "PackageReference"; Value = "J1-0603"; VariantName = "[No Variations]"
Change component parameters (AddParameter): Name = "Published"; Value = "8-Jun-2000"; VariantName = "[No Variations]"
Change component parameters (AddParameter): Name = "Publisher"; Value = "Altium Limited"; VariantName = "[No Variations]"
Change component parameters (AddParameter): Name = "Value"; Value = "1R"; VariantName = "[No Variations]"
Change component parameters: Designator = "D2"; Footprint = "DIOC1608X08L"; UniqueID = "\VFXVNHFO"
Change component parameters. Clean all parameters for all variants
Change component parameters (AddParameter): Name = "ComponentLink1Description"; Value = "Datasheet"; VariantName = "[No Variations]"
Change component parameters (AddParameter): Name = "ComponentLink1URL"; Value = "http://www.kingbrightusa.com/images/catalog/SPEC/APT1608LSECK-J4-PRV.pdf"; VariantName = "[No Variations]"
Change component parameters (AddParameter): Name = "Forward Voltage"; Value = "1.8V"; VariantName = "[No Variations]"
Change component parameters (AddParameter): Name = "Part Number"; Value = "APT1608LSECK/J4-PRV"; VariantName = "[No Variations]"
Change component parameters (AddParameter): Name = "Supplier 1"; Value = "Digi-Key"; VariantName = "[No Variations]"
Change component parameters (AddParameter): Name = "Supplier 2"; Value = "Digi-Key"; VariantName = "[No Variations]"
Change component parameters (AddParameter): Name = "Supplier 3"; Value = "Mouser"; VariantName = "[No Variations]"
Change component parameters (AddParameter): Name = "Supplier 4"; Value = "Digi-Key"; VariantName = "[No Variations]"
Change component parameters (AddParameter): Name = "Supplier Part Number 1"; Value = "754-1931-6-ND"; VariantName = "[No Variations]"
Change component parameters (AddParameter): Name = "Supplier Part Number 2"; Value = "754-1931-1-ND"; VariantName = "[No Variations]"
Change component parameters (AddParameter): Name = "Supplier Part Number 3"; Value = "604-APT1608LSECKJ4RV"; VariantName = "[No Variations]"
Change component parameters (AddParameter): Name = "Supplier Part Number 4"; Value = "754-1931-2-ND"; VariantName = "[No Variations]"
Change component parameters (AddParameter): Name = "Test Current"; Value = "2mA"; VariantName = "[No Variations]"
Added Component: Designator=C1(0603)
Add component. Clean all parameters for all variants
Add component (AddParameter): Name = "LatestRevisionDate"; Value = "29-May-2009"; VariantName = "[No Variations]"
Add component (AddParameter): Name = "LatestRevisionNote"; Value = "IPC-7351 Footprint Added."; VariantName = "[No Variations]"
Add component (AddParameter): Name = "PackageDescription"; Value = "Chip Capacitor"; VariantName = "[No Variations]"
Add component (AddParameter): Name = "PackageReference"; Value = "C1206"; VariantName = "[No Variations]"
Add component (AddParameter): Name = "Published"; Value = "8-Jun-2000"; VariantName = "[No Variations]"
Add component (AddParameter): Name = "Publisher"; Value = "Altium Limited"; VariantName = "[No Variations]"
Add component (AddParameter): Name = "Value"; Value = "100nF"; VariantName = "[No Variations]"
Added Pin To Net: NetName=DGND Pin=C1-1
Added Pin To Net: NetName=VAVD Pin=C1-2
Added Member To Class: ClassName=01_MRWOLF Member=Component C1 100nF
Added Member To Class: ClassName=01_MRWOLF Member=Component PJ MOLEX_5051100892
Added Member To Class: ClassName=02_NRF52832 Member=Component X3 32MHz
